CRITICAL - 2022-07-11 10:34:49 --> Undefined variable: categorias
#0 C:\xampp\htdocs\RamirezAlfredo-P1\app\Views\usuario\menu.php(43): CodeIgniter\Debug\Exceptions->errorHandler(8, 'Undefined varia...', 'C:\\xampp\\htdocs...', 43, Array)
#1 C:\xampp\htdocs\RamirezAlfredo-P1\system\View\View.php(210): include('C:\\xampp\\htdocs...')
#2 C:\xampp\htdocs\RamirezAlfredo-P1\system\View\View.php(213): CodeIgniter\View\View->CodeIgniter\View\{closure}()
#3 C:\xampp\htdocs\RamirezAlfredo-P1\system\Common.php(1089): CodeIgniter\View\View->render('usuario/menu', Array, true)
#4 C:\xampp\htdocs\RamirezAlfredo-P1\app\Controllers\Dashboard.php(27): view('usuario/menu')
#5 C:\xampp\htdocs\RamirezAlfredo-P1\system\CodeIgniter.php(832): App\Controllers\Dashboard->index()
#6 C:\xampp\htdocs\RamirezAlfredo-P1\system\CodeIgniter.php(419): CodeIgniter\CodeIgniter->runController(Object(App\Controllers\Dashboard))
#7 C:\xampp\htdocs\RamirezAlfredo-P1\system\CodeIgniter.php(326): CodeIgniter\CodeIgniter->handleRequest(NULL, Object(Config\Cache), false)
#8 C:\xampp\htdocs\RamirezAlfredo-P1\index.php(37): CodeIgniter\CodeIgniter->run()
#9 {main}
CRITICAL - 2022-07-11 11:28:02 --> Undefined variable: categorias
#0 C:\xampp\htdocs\RamirezAlfredo-P1\app\Views\usuario\menu.php(43): CodeIgniter\Debug\Exceptions->errorHandler(8, 'Undefined varia...', 'C:\\xampp\\htdocs...', 43, Array)
#1 C:\xampp\htdocs\RamirezAlfredo-P1\system\View\View.php(210): include('C:\\xampp\\htdocs...')
#2 C:\xampp\htdocs\RamirezAlfredo-P1\system\View\View.php(213): CodeIgniter\View\View->CodeIgniter\View\{closure}()
#3 C:\xampp\htdocs\RamirezAlfredo-P1\system\Common.php(1089): CodeIgniter\View\View->render('usuario/menu', Array, true)
#4 C:\xampp\htdocs\RamirezAlfredo-P1\app\Controllers\Dashboard.php(27): view('usuario/menu')
#5 C:\xampp\htdocs\RamirezAlfredo-P1\system\CodeIgniter.php(832): App\Controllers\Dashboard->index()
#6 C:\xampp\htdocs\RamirezAlfredo-P1\system\CodeIgniter.php(419): CodeIgniter\CodeIgniter->runController(Object(App\Controllers\Dashboard))
#7 C:\xampp\htdocs\RamirezAlfredo-P1\system\CodeIgniter.php(326): CodeIgniter\CodeIgniter->handleRequest(NULL, Object(Config\Cache), false)
#8 C:\xampp\htdocs\RamirezAlfredo-P1\index.php(37): CodeIgniter\CodeIgniter->run()
#9 {main}
CRITICAL - 2022-07-11 11:30:16 --> Undefined variable: categorias
#0 C:\xampp\htdocs\RamirezAlfredo-P1\app\Views\usuario\menu.php(43): CodeIgniter\Debug\Exceptions->errorHandler(8, 'Undefined varia...', 'C:\\xampp\\htdocs...', 43, Array)
#1 C:\xampp\htdocs\RamirezAlfredo-P1\system\View\View.php(210): include('C:\\xampp\\htdocs...')
#2 C:\xampp\htdocs\RamirezAlfredo-P1\system\View\View.php(213): CodeIgniter\View\View->CodeIgniter\View\{closure}()
#3 C:\xampp\htdocs\RamirezAlfredo-P1\system\Common.php(1089): CodeIgniter\View\View->render('usuario/menu', Array, true)
#4 C:\xampp\htdocs\RamirezAlfredo-P1\app\Controllers\Home.php(19): view('usuario/menu')
#5 C:\xampp\htdocs\RamirezAlfredo-P1\system\CodeIgniter.php(832): App\Controllers\Home->index()
#6 C:\xampp\htdocs\RamirezAlfredo-P1\system\CodeIgniter.php(419): CodeIgniter\CodeIgniter->runController(Object(App\Controllers\Home))
#7 C:\xampp\htdocs\RamirezAlfredo-P1\system\CodeIgniter.php(326): CodeIgniter\CodeIgniter->handleRequest(NULL, Object(Config\Cache), false)
#8 C:\xampp\htdocs\RamirezAlfredo-P1\index.php(37): CodeIgniter\CodeIgniter->run()
#9 {main}
CRITICAL - 2022-07-11 11:30:21 --> Undefined variable: categorias
#0 C:\xampp\htdocs\RamirezAlfredo-P1\app\Views\usuario\menu.php(43): CodeIgniter\Debug\Exceptions->errorHandler(8, 'Undefined varia...', 'C:\\xampp\\htdocs...', 43, Array)
#1 C:\xampp\htdocs\RamirezAlfredo-P1\system\View\View.php(210): include('C:\\xampp\\htdocs...')
#2 C:\xampp\htdocs\RamirezAlfredo-P1\system\View\View.php(213): CodeIgniter\View\View->CodeIgniter\View\{closure}()
#3 C:\xampp\htdocs\RamirezAlfredo-P1\system\Common.php(1089): CodeIgniter\View\View->render('usuario/menu', Array, true)
#4 C:\xampp\htdocs\RamirezAlfredo-P1\app\Controllers\Home.php(19): view('usuario/menu')
#5 C:\xampp\htdocs\RamirezAlfredo-P1\system\CodeIgniter.php(832): App\Controllers\Home->index()
#6 C:\xampp\htdocs\RamirezAlfredo-P1\system\CodeIgniter.php(419): CodeIgniter\CodeIgniter->runController(Object(App\Controllers\Home))
#7 C:\xampp\htdocs\RamirezAlfredo-P1\system\CodeIgniter.php(326): CodeIgniter\CodeIgniter->handleRequest(NULL, Object(Config\Cache), false)
#8 C:\xampp\htdocs\RamirezAlfredo-P1\index.php(37): CodeIgniter\CodeIgniter->run()
#9 {main}
CRITICAL - 2022-07-11 11:30:37 --> Undefined variable: categorias
#0 C:\xampp\htdocs\RamirezAlfredo-P1\app\Views\usuario\menu.php(43): CodeIgniter\Debug\Exceptions->errorHandler(8, 'Undefined varia...', 'C:\\xampp\\htdocs...', 43, Array)
#1 C:\xampp\htdocs\RamirezAlfredo-P1\system\View\View.php(210): include('C:\\xampp\\htdocs...')
#2 C:\xampp\htdocs\RamirezAlfredo-P1\system\View\View.php(213): CodeIgniter\View\View->CodeIgniter\View\{closure}()
#3 C:\xampp\htdocs\RamirezAlfredo-P1\system\Common.php(1089): CodeIgniter\View\View->render('usuario/menu', Array, true)
#4 C:\xampp\htdocs\RamirezAlfredo-P1\app\Controllers\Home.php(19): view('usuario/menu')
#5 C:\xampp\htdocs\RamirezAlfredo-P1\system\CodeIgniter.php(832): App\Controllers\Home->index()
#6 C:\xampp\htdocs\RamirezAlfredo-P1\system\CodeIgniter.php(419): CodeIgniter\CodeIgniter->runController(Object(App\Controllers\Home))
#7 C:\xampp\htdocs\RamirezAlfredo-P1\system\CodeIgniter.php(326): CodeIgniter\CodeIgniter->handleRequest(NULL, Object(Config\Cache), false)
#8 C:\xampp\htdocs\RamirezAlfredo-P1\index.php(37): CodeIgniter\CodeIgniter->run()
#9 {main}
CRITICAL - 2022-07-11 11:31:48 --> Undefined variable: categorias
#0 C:\xampp\htdocs\RamirezAlfredo-P1\app\Views\usuario\menu.php(43): CodeIgniter\Debug\Exceptions->errorHandler(8, 'Undefined varia...', 'C:\\xampp\\htdocs...', 43, Array)
#1 C:\xampp\htdocs\RamirezAlfredo-P1\system\View\View.php(210): include('C:\\xampp\\htdocs...')
#2 C:\xampp\htdocs\RamirezAlfredo-P1\system\View\View.php(213): CodeIgniter\View\View->CodeIgniter\View\{closure}()
#3 C:\xampp\htdocs\RamirezAlfredo-P1\system\Common.php(1089): CodeIgniter\View\View->render('usuario/menu', Array, true)
#4 C:\xampp\htdocs\RamirezAlfredo-P1\app\Controllers\Home.php(60): view('usuario/menu')
#5 C:\xampp\htdocs\RamirezAlfredo-P1\system\CodeIgniter.php(832): App\Controllers\Home->terminos()
#6 C:\xampp\htdocs\RamirezAlfredo-P1\system\CodeIgniter.php(419): CodeIgniter\CodeIgniter->runController(Object(App\Controllers\Home))
#7 C:\xampp\htdocs\RamirezAlfredo-P1\system\CodeIgniter.php(326): CodeIgniter\CodeIgniter->handleRequest(NULL, Object(Config\Cache), false)
#8 C:\xampp\htdocs\RamirezAlfredo-P1\index.php(37): CodeIgniter\CodeIgniter->run()
#9 {main}
CRITICAL - 2022-07-11 11:33:28 --> Call to undefined method App\Models\UsuarioModel::seleccionar_categoria
#0 C:\xampp\htdocs\RamirezAlfredo-P1\app\Controllers\Home.php(39): CodeIgniter\Model->__call('seleccionar_cat...', Array)
#1 C:\xampp\htdocs\RamirezAlfredo-P1\system\CodeIgniter.php(832): App\Controllers\Home->nosotros()
#2 C:\xampp\htdocs\RamirezAlfredo-P1\system\CodeIgniter.php(419): CodeIgniter\CodeIgniter->runController(Object(App\Controllers\Home))
#3 C:\xampp\htdocs\RamirezAlfredo-P1\system\CodeIgniter.php(326): CodeIgniter\CodeIgniter->handleRequest(NULL, Object(Config\Cache), false)
#4 C:\xampp\htdocs\RamirezAlfredo-P1\index.php(37): CodeIgniter\CodeIgniter->run()
#5 {main}
CRITICAL - 2022-07-11 11:50:34 --> Undefined variable: id_categoria
#0 C:\xampp\htdocs\RamirezAlfredo-P1\app\Views\usuario\menu.php(44): CodeIgniter\Debug\Exceptions->errorHandler(8, 'Undefined varia...', 'C:\\xampp\\htdocs...', 44, Array)
#1 C:\xampp\htdocs\RamirezAlfredo-P1\system\View\View.php(210): include('C:\\xampp\\htdocs...')
#2 C:\xampp\htdocs\RamirezAlfredo-P1\system\View\View.php(213): CodeIgniter\View\View->CodeIgniter\View\{closure}()
#3 C:\xampp\htdocs\RamirezAlfredo-P1\system\Common.php(1089): CodeIgniter\View\View->render('usuario/menu', Array, true)
#4 C:\xampp\htdocs\RamirezAlfredo-P1\app\Controllers\Home.php(20): view('usuario/menu', Array)
#5 C:\xampp\htdocs\RamirezAlfredo-P1\system\CodeIgniter.php(832): App\Controllers\Home->index()
#6 C:\xampp\htdocs\RamirezAlfredo-P1\system\CodeIgniter.php(419): CodeIgniter\CodeIgniter->runController(Object(App\Controllers\Home))
#7 C:\xampp\htdocs\RamirezAlfredo-P1\system\CodeIgniter.php(326): CodeIgniter\CodeIgniter->handleRequest(NULL, Object(Config\Cache), false)
#8 C:\xampp\htdocs\RamirezAlfredo-P1\index.php(37): CodeIgniter\CodeIgniter->run()
#9 {main}
CRITICAL - 2022-07-11 11:50:58 --> Object of class stdClass could not be converted to string
#0 C:\xampp\htdocs\RamirezAlfredo-P1\system\View\View.php(210): include()
#1 C:\xampp\htdocs\RamirezAlfredo-P1\system\View\View.php(213): CodeIgniter\View\View->CodeIgniter\View\{closure}()
#2 C:\xampp\htdocs\RamirezAlfredo-P1\system\Common.php(1089): CodeIgniter\View\View->render('usuario/menu', Array, true)
#3 C:\xampp\htdocs\RamirezAlfredo-P1\app\Controllers\Home.php(20): view('usuario/menu', Array)
#4 C:\xampp\htdocs\RamirezAlfredo-P1\system\CodeIgniter.php(832): App\Controllers\Home->index()
#5 C:\xampp\htdocs\RamirezAlfredo-P1\system\CodeIgniter.php(419): CodeIgniter\CodeIgniter->runController(Object(App\Controllers\Home))
#6 C:\xampp\htdocs\RamirezAlfredo-P1\system\CodeIgniter.php(326): CodeIgniter\CodeIgniter->handleRequest(NULL, Object(Config\Cache), false)
#7 C:\xampp\htdocs\RamirezAlfredo-P1\index.php(37): CodeIgniter\CodeIgniter->run()
#8 {main}
CRITICAL - 2022-07-11 11:53:19 --> Undefined variable: id_categoria
#0 C:\xampp\htdocs\RamirezAlfredo-P1\app\Views\usuario\menu.php(44): CodeIgniter\Debug\Exceptions->errorHandler(8, 'Undefined varia...', 'C:\\xampp\\htdocs...', 44, Array)
#1 C:\xampp\htdocs\RamirezAlfredo-P1\system\View\View.php(210): include('C:\\xampp\\htdocs...')
#2 C:\xampp\htdocs\RamirezAlfredo-P1\system\View\View.php(213): CodeIgniter\View\View->CodeIgniter\View\{closure}()
#3 C:\xampp\htdocs\RamirezAlfredo-P1\system\Common.php(1089): CodeIgniter\View\View->render('usuario/menu', Array, true)
#4 C:\xampp\htdocs\RamirezAlfredo-P1\app\Controllers\Home.php(20): view('usuario/menu', Array)
#5 C:\xampp\htdocs\RamirezAlfredo-P1\system\CodeIgniter.php(832): App\Controllers\Home->index()
#6 C:\xampp\htdocs\RamirezAlfredo-P1\system\CodeIgniter.php(419): CodeIgniter\CodeIgniter->runController(Object(App\Controllers\Home))
#7 C:\xampp\htdocs\RamirezAlfredo-P1\system\CodeIgniter.php(326): CodeIgniter\CodeIgniter->handleRequest(NULL, Object(Config\Cache), false)
#8 C:\xampp\htdocs\RamirezAlfredo-P1\index.php(37): CodeIgniter\CodeIgniter->run()
#9 {main}
CRITICAL - 2022-07-11 11:58:53 --> Object of class stdClass could not be converted to string
#0 C:\xampp\htdocs\RamirezAlfredo-P1\system\View\View.php(210): include()
#1 C:\xampp\htdocs\RamirezAlfredo-P1\system\View\View.php(213): CodeIgniter\View\View->CodeIgniter\View\{closure}()
#2 C:\xampp\htdocs\RamirezAlfredo-P1\system\Common.php(1089): CodeIgniter\View\View->render('usuario/menu', Array, true)
#3 C:\xampp\htdocs\RamirezAlfredo-P1\app\Controllers\Home.php(20): view('usuario/menu', Array)
#4 C:\xampp\htdocs\RamirezAlfredo-P1\system\CodeIgniter.php(832): App\Controllers\Home->index()
#5 C:\xampp\htdocs\RamirezAlfredo-P1\system\CodeIgniter.php(419): CodeIgniter\CodeIgniter->runController(Object(App\Controllers\Home))
#6 C:\xampp\htdocs\RamirezAlfredo-P1\system\CodeIgniter.php(326): CodeIgniter\CodeIgniter->handleRequest(NULL, Object(Config\Cache), false)
#7 C:\xampp\htdocs\RamirezAlfredo-P1\index.php(37): CodeIgniter\CodeIgniter->run()
#8 {main}
CRITICAL - 2022-07-11 11:59:12 --> Array to string conversion
#0 C:\xampp\htdocs\RamirezAlfredo-P1\app\Views\usuario\menu.php(44): CodeIgniter\Debug\Exceptions->errorHandler(8, 'Array to string...', 'C:\\xampp\\htdocs...', 44, Array)
#1 C:\xampp\htdocs\RamirezAlfredo-P1\system\View\View.php(210): include('C:\\xampp\\htdocs...')
#2 C:\xampp\htdocs\RamirezAlfredo-P1\system\View\View.php(213): CodeIgniter\View\View->CodeIgniter\View\{closure}()
#3 C:\xampp\htdocs\RamirezAlfredo-P1\system\Common.php(1089): CodeIgniter\View\View->render('usuario/menu', Array, true)
#4 C:\xampp\htdocs\RamirezAlfredo-P1\app\Controllers\Home.php(20): view('usuario/menu', Array)
#5 C:\xampp\htdocs\RamirezAlfredo-P1\system\CodeIgniter.php(832): App\Controllers\Home->index()
#6 C:\xampp\htdocs\RamirezAlfredo-P1\system\CodeIgniter.php(419): CodeIgniter\CodeIgniter->runController(Object(App\Controllers\Home))
#7 C:\xampp\htdocs\RamirezAlfredo-P1\system\CodeIgniter.php(326): CodeIgniter\CodeIgniter->handleRequest(NULL, Object(Config\Cache), false)
#8 C:\xampp\htdocs\RamirezAlfredo-P1\index.php(37): CodeIgniter\CodeIgniter->run()
#9 {main}
CRITICAL - 2022-07-11 11:59:41 --> Array to string conversion
#0 C:\xampp\htdocs\RamirezAlfredo-P1\app\Views\usuario\menu.php(44): CodeIgniter\Debug\Exceptions->errorHandler(8, 'Array to string...', 'C:\\xampp\\htdocs...', 44, Array)
#1 C:\xampp\htdocs\RamirezAlfredo-P1\system\View\View.php(210): include('C:\\xampp\\htdocs...')
#2 C:\xampp\htdocs\RamirezAlfredo-P1\system\View\View.php(213): CodeIgniter\View\View->CodeIgniter\View\{closure}()
#3 C:\xampp\htdocs\RamirezAlfredo-P1\system\Common.php(1089): CodeIgniter\View\View->render('usuario/menu', Array, true)
#4 C:\xampp\htdocs\RamirezAlfredo-P1\app\Controllers\Home.php(20): view('usuario/menu', Array)
#5 C:\xampp\htdocs\RamirezAlfredo-P1\system\CodeIgniter.php(832): App\Controllers\Home->index()
#6 C:\xampp\htdocs\RamirezAlfredo-P1\system\CodeIgniter.php(419): CodeIgniter\CodeIgniter->runController(Object(App\Controllers\Home))
#7 C:\xampp\htdocs\RamirezAlfredo-P1\system\CodeIgniter.php(326): CodeIgniter\CodeIgniter->handleRequest(NULL, Object(Config\Cache), false)
#8 C:\xampp\htdocs\RamirezAlfredo-P1\index.php(37): CodeIgniter\CodeIgniter->run()
#9 {main}
CRITICAL - 2022-07-11 11:59:44 --> Array to string conversion
#0 C:\xampp\htdocs\RamirezAlfredo-P1\app\Views\usuario\menu.php(44): CodeIgniter\Debug\Exceptions->errorHandler(8, 'Array to string...', 'C:\\xampp\\htdocs...', 44, Array)
#1 C:\xampp\htdocs\RamirezAlfredo-P1\system\View\View.php(210): include('C:\\xampp\\htdocs...')
#2 C:\xampp\htdocs\RamirezAlfredo-P1\system\View\View.php(213): CodeIgniter\View\View->CodeIgniter\View\{closure}()
#3 C:\xampp\htdocs\RamirezAlfredo-P1\system\Common.php(1089): CodeIgniter\View\View->render('usuario/menu', Array, true)
#4 C:\xampp\htdocs\RamirezAlfredo-P1\app\Controllers\Home.php(20): view('usuario/menu', Array)
#5 C:\xampp\htdocs\RamirezAlfredo-P1\system\CodeIgniter.php(832): App\Controllers\Home->index()
#6 C:\xampp\htdocs\RamirezAlfredo-P1\system\CodeIgniter.php(419): CodeIgniter\CodeIgniter->runController(Object(App\Controllers\Home))
#7 C:\xampp\htdocs\RamirezAlfredo-P1\system\CodeIgniter.php(326): CodeIgniter\CodeIgniter->handleRequest(NULL, Object(Config\Cache), false)
#8 C:\xampp\htdocs\RamirezAlfredo-P1\index.php(37): CodeIgniter\CodeIgniter->run()
#9 {main}
CRITICAL - 2022-07-11 12:00:10 --> Array to string conversion
#0 C:\xampp\htdocs\RamirezAlfredo-P1\app\Views\usuario\menu.php(44): CodeIgniter\Debug\Exceptions->errorHandler(8, 'Array to string...', 'C:\\xampp\\htdocs...', 44, Array)
#1 C:\xampp\htdocs\RamirezAlfredo-P1\system\View\View.php(210): include('C:\\xampp\\htdocs...')
#2 C:\xampp\htdocs\RamirezAlfredo-P1\system\View\View.php(213): CodeIgniter\View\View->CodeIgniter\View\{closure}()
#3 C:\xampp\htdocs\RamirezAlfredo-P1\system\Common.php(1089): CodeIgniter\View\View->render('usuario/menu', Array, true)
#4 C:\xampp\htdocs\RamirezAlfredo-P1\app\Controllers\Home.php(20): view('usuario/menu', Array)
#5 C:\xampp\htdocs\RamirezAlfredo-P1\system\CodeIgniter.php(832): App\Controllers\Home->index()
#6 C:\xampp\htdocs\RamirezAlfredo-P1\system\CodeIgniter.php(419): CodeIgniter\CodeIgniter->runController(Object(App\Controllers\Home))
#7 C:\xampp\htdocs\RamirezAlfredo-P1\system\CodeIgniter.php(326): CodeIgniter\CodeIgniter->handleRequest(NULL, Object(Config\Cache), false)
#8 C:\xampp\htdocs\RamirezAlfredo-P1\index.php(37): CodeIgniter\CodeIgniter->run()
#9 {main}
CRITICAL - 2022-07-11 12:13:14 --> Undefined variable: id_categoria
#0 C:\xampp\htdocs\RamirezAlfredo-P1\app\Views\usuario\menu.php(44): CodeIgniter\Debug\Exceptions->errorHandler(8, 'Undefined varia...', 'C:\\xampp\\htdocs...', 44, Array)
#1 C:\xampp\htdocs\RamirezAlfredo-P1\system\View\View.php(210): include('C:\\xampp\\htdocs...')
#2 C:\xampp\htdocs\RamirezAlfredo-P1\system\View\View.php(213): CodeIgniter\View\View->CodeIgniter\View\{closure}()
#3 C:\xampp\htdocs\RamirezAlfredo-P1\system\Common.php(1089): CodeIgniter\View\View->render('usuario/menu', Array, true)
#4 C:\xampp\htdocs\RamirezAlfredo-P1\app\Controllers\ProductoController.php(40): view('usuario/menu', Array)
#5 C:\xampp\htdocs\RamirezAlfredo-P1\system\CodeIgniter.php(832): App\Controllers\ProductoController->mostrar_todos()
#6 C:\xampp\htdocs\RamirezAlfredo-P1\system\CodeIgniter.php(419): CodeIgniter\CodeIgniter->runController(Object(App\Controllers\ProductoController))
#7 C:\xampp\htdocs\RamirezAlfredo-P1\system\CodeIgniter.php(326): CodeIgniter\CodeIgniter->handleRequest(NULL, Object(Config\Cache), false)
#8 C:\xampp\htdocs\RamirezAlfredo-P1\index.php(37): CodeIgniter\CodeIgniter->run()
#9 {main}
CRITICAL - 2022-07-11 12:13:15 --> Undefined variable: id_categoria
#0 C:\xampp\htdocs\RamirezAlfredo-P1\app\Views\usuario\menu.php(44): CodeIgniter\Debug\Exceptions->errorHandler(8, 'Undefined varia...', 'C:\\xampp\\htdocs...', 44, Array)
#1 C:\xampp\htdocs\RamirezAlfredo-P1\system\View\View.php(210): include('C:\\xampp\\htdocs...')
#2 C:\xampp\htdocs\RamirezAlfredo-P1\system\View\View.php(213): CodeIgniter\View\View->CodeIgniter\View\{closure}()
#3 C:\xampp\htdocs\RamirezAlfredo-P1\system\Common.php(1089): CodeIgniter\View\View->render('usuario/menu', Array, true)
#4 C:\xampp\htdocs\RamirezAlfredo-P1\app\Controllers\Home.php(20): view('usuario/menu', Array)
#5 C:\xampp\htdocs\RamirezAlfredo-P1\system\CodeIgniter.php(832): App\Controllers\Home->index()
#6 C:\xampp\htdocs\RamirezAlfredo-P1\system\CodeIgniter.php(419): CodeIgniter\CodeIgniter->runController(Object(App\Controllers\Home))
#7 C:\xampp\htdocs\RamirezAlfredo-P1\system\CodeIgniter.php(326): CodeIgniter\CodeIgniter->handleRequest(NULL, Object(Config\Cache), false)
#8 C:\xampp\htdocs\RamirezAlfredo-P1\index.php(37): CodeIgniter\CodeIgniter->run()
#9 {main}
CRITICAL - 2022-07-11 12:47:07 --> Undefined variable: categoria
#0 C:\xampp\htdocs\RamirezAlfredo-P1\app\Views\productos\mostrar_productos.php(14): CodeIgniter\Debug\Exceptions->errorHandler(8, 'Undefined varia...', 'C:\\xampp\\htdocs...', 14, Array)
#1 C:\xampp\htdocs\RamirezAlfredo-P1\system\View\View.php(210): include('C:\\xampp\\htdocs...')
#2 C:\xampp\htdocs\RamirezAlfredo-P1\system\View\View.php(213): CodeIgniter\View\View->CodeIgniter\View\{closure}()
#3 C:\xampp\htdocs\RamirezAlfredo-P1\system\Common.php(1089): CodeIgniter\View\View->render('productos/mostr...', Array, true)
#4 C:\xampp\htdocs\RamirezAlfredo-P1\app\Controllers\Home.php(22): view('productos/mostr...', Array)
#5 C:\xampp\htdocs\RamirezAlfredo-P1\system\CodeIgniter.php(832): App\Controllers\Home->index()
#6 C:\xampp\htdocs\RamirezAlfredo-P1\system\CodeIgniter.php(419): CodeIgniter\CodeIgniter->runController(Object(App\Controllers\Home))
#7 C:\xampp\htdocs\RamirezAlfredo-P1\system\CodeIgniter.php(326): CodeIgniter\CodeIgniter->handleRequest(NULL, Object(Config\Cache), false)
#8 C:\xampp\htdocs\RamirezAlfredo-P1\index.php(37): CodeIgniter\CodeIgniter->run()
#9 {main}
CRITICAL - 2022-07-11 12:47:55 --> Undefined variable: categoria
#0 C:\xampp\htdocs\RamirezAlfredo-P1\app\Views\productos\mostrar_productos.php(14): CodeIgniter\Debug\Exceptions->errorHandler(8, 'Undefined varia...', 'C:\\xampp\\htdocs...', 14, Array)
#1 C:\xampp\htdocs\RamirezAlfredo-P1\system\View\View.php(210): include('C:\\xampp\\htdocs...')
#2 C:\xampp\htdocs\RamirezAlfredo-P1\system\View\View.php(213): CodeIgniter\View\View->CodeIgniter\View\{closure}()
#3 C:\xampp\htdocs\RamirezAlfredo-P1\system\Common.php(1089): CodeIgniter\View\View->render('productos/mostr...', Array, true)
#4 C:\xampp\htdocs\RamirezAlfredo-P1\app\Controllers\Home.php(22): view('productos/mostr...', Array)
#5 C:\xampp\htdocs\RamirezAlfredo-P1\system\CodeIgniter.php(832): App\Controllers\Home->index()
#6 C:\xampp\htdocs\RamirezAlfredo-P1\system\CodeIgniter.php(419): CodeIgniter\CodeIgniter->runController(Object(App\Controllers\Home))
#7 C:\xampp\htdocs\RamirezAlfredo-P1\system\CodeIgniter.php(326): CodeIgniter\CodeIgniter->handleRequest(NULL, Object(Config\Cache), false)
#8 C:\xampp\htdocs\RamirezAlfredo-P1\index.php(37): CodeIgniter\CodeIgniter->run()
#9 {main}
CRITICAL - 2022-07-11 12:48:02 --> Undefined variable: categoria
#0 C:\xampp\htdocs\RamirezAlfredo-P1\app\Views\productos\mostrar_productos.php(14): CodeIgniter\Debug\Exceptions->errorHandler(8, 'Undefined varia...', 'C:\\xampp\\htdocs...', 14, Array)
#1 C:\xampp\htdocs\RamirezAlfredo-P1\system\View\View.php(210): include('C:\\xampp\\htdocs...')
#2 C:\xampp\htdocs\RamirezAlfredo-P1\system\View\View.php(213): CodeIgniter\View\View->CodeIgniter\View\{closure}()
#3 C:\xampp\htdocs\RamirezAlfredo-P1\system\Common.php(1089): CodeIgniter\View\View->render('productos/mostr...', Array, true)
#4 C:\xampp\htdocs\RamirezAlfredo-P1\app\Controllers\Home.php(22): view('productos/mostr...', Array)
#5 C:\xampp\htdocs\RamirezAlfredo-P1\system\CodeIgniter.php(832): App\Controllers\Home->index()
#6 C:\xampp\htdocs\RamirezAlfredo-P1\system\CodeIgniter.php(419): CodeIgniter\CodeIgniter->runController(Object(App\Controllers\Home))
#7 C:\xampp\htdocs\RamirezAlfredo-P1\system\CodeIgniter.php(326): CodeIgniter\CodeIgniter->handleRequest(NULL, Object(Config\Cache), false)
#8 C:\xampp\htdocs\RamirezAlfredo-P1\index.php(37): CodeIgniter\CodeIgniter->run()
#9 {main}
CRITICAL - 2022-07-11 12:48:20 --> Trying to get property 'id_categoria' of non-object
#0 C:\xampp\htdocs\RamirezAlfredo-P1\app\Views\productos\mostrar_productos.php(14): CodeIgniter\Debug\Exceptions->errorHandler(8, 'Trying to get p...', 'C:\\xampp\\htdocs...', 14, Array)
#1 C:\xampp\htdocs\RamirezAlfredo-P1\system\View\View.php(210): include('C:\\xampp\\htdocs...')
#2 C:\xampp\htdocs\RamirezAlfredo-P1\system\View\View.php(213): CodeIgniter\View\View->CodeIgniter\View\{closure}()
#3 C:\xampp\htdocs\RamirezAlfredo-P1\system\Common.php(1089): CodeIgniter\View\View->render('productos/mostr...', Array, true)
#4 C:\xampp\htdocs\RamirezAlfredo-P1\app\Controllers\Home.php(22): view('productos/mostr...', Array)
#5 C:\xampp\htdocs\RamirezAlfredo-P1\system\CodeIgniter.php(832): App\Controllers\Home->index()
#6 C:\xampp\htdocs\RamirezAlfredo-P1\system\CodeIgniter.php(419): CodeIgniter\CodeIgniter->runController(Object(App\Controllers\Home))
#7 C:\xampp\htdocs\RamirezAlfredo-P1\system\CodeIgniter.php(326): CodeIgniter\CodeIgniter->handleRequest(NULL, Object(Config\Cache), false)
#8 C:\xampp\htdocs\RamirezAlfredo-P1\index.php(37): CodeIgniter\CodeIgniter->run()
#9 {main}
CRITICAL - 2022-07-11 12:48:23 --> Trying to get property 'id_categoria' of non-object
#0 C:\xampp\htdocs\RamirezAlfredo-P1\app\Views\productos\mostrar_productos.php(14): CodeIgniter\Debug\Exceptions->errorHandler(8, 'Trying to get p...', 'C:\\xampp\\htdocs...', 14, Array)
#1 C:\xampp\htdocs\RamirezAlfredo-P1\system\View\View.php(210): include('C:\\xampp\\htdocs...')
#2 C:\xampp\htdocs\RamirezAlfredo-P1\system\View\View.php(213): CodeIgniter\View\View->CodeIgniter\View\{closure}()
#3 C:\xampp\htdocs\RamirezAlfredo-P1\system\Common.php(1089): CodeIgniter\View\View->render('productos/mostr...', Array, true)
#4 C:\xampp\htdocs\RamirezAlfredo-P1\app\Controllers\Home.php(22): view('productos/mostr...', Array)
#5 C:\xampp\htdocs\RamirezAlfredo-P1\system\CodeIgniter.php(832): App\Controllers\Home->index()
#6 C:\xampp\htdocs\RamirezAlfredo-P1\system\CodeIgniter.php(419): CodeIgniter\CodeIgniter->runController(Object(App\Controllers\Home))
#7 C:\xampp\htdocs\RamirezAlfredo-P1\system\CodeIgniter.php(326): CodeIgniter\CodeIgniter->handleRequest(NULL, Object(Config\Cache), false)
#8 C:\xampp\htdocs\RamirezAlfredo-P1\index.php(37): CodeIgniter\CodeIgniter->run()
#9 {main}
CRITICAL - 2022-07-11 12:48:27 --> Trying to get property 'id_categoria' of non-object
#0 C:\xampp\htdocs\RamirezAlfredo-P1\app\Views\productos\mostrar_productos.php(14): CodeIgniter\Debug\Exceptions->errorHandler(8, 'Trying to get p...', 'C:\\xampp\\htdocs...', 14, Array)
#1 C:\xampp\htdocs\RamirezAlfredo-P1\system\View\View.php(210): include('C:\\xampp\\htdocs...')
#2 C:\xampp\htdocs\RamirezAlfredo-P1\system\View\View.php(213): CodeIgniter\View\View->CodeIgniter\View\{closure}()
#3 C:\xampp\htdocs\RamirezAlfredo-P1\system\Common.php(1089): CodeIgniter\View\View->render('productos/mostr...', Array, true)
#4 C:\xampp\htdocs\RamirezAlfredo-P1\app\Controllers\Home.php(22): view('productos/mostr...', Array)
#5 C:\xampp\htdocs\RamirezAlfredo-P1\system\CodeIgniter.php(832): App\Controllers\Home->index()
#6 C:\xampp\htdocs\RamirezAlfredo-P1\system\CodeIgniter.php(419): CodeIgniter\CodeIgniter->runController(Object(App\Controllers\Home))
#7 C:\xampp\htdocs\RamirezAlfredo-P1\system\CodeIgniter.php(326): CodeIgniter\CodeIgniter->handleRequest(NULL, Object(Config\Cache), false)
#8 C:\xampp\htdocs\RamirezAlfredo-P1\index.php(37): CodeIgniter\CodeIgniter->run()
#9 {main}
CRITICAL - 2022-07-11 15:45:19 --> Undefined variable: categoria
#0 C:\xampp\htdocs\RamirezAlfredo-P1\app\Views\productos\mostrar_productos.php(14): CodeIgniter\Debug\Exceptions->errorHandler(8, 'Undefined varia...', 'C:\\xampp\\htdocs...', 14, Array)
#1 C:\xampp\htdocs\RamirezAlfredo-P1\system\View\View.php(210): include('C:\\xampp\\htdocs...')
#2 C:\xampp\htdocs\RamirezAlfredo-P1\system\View\View.php(213): CodeIgniter\View\View->CodeIgniter\View\{closure}()
#3 C:\xampp\htdocs\RamirezAlfredo-P1\system\Common.php(1089): CodeIgniter\View\View->render('productos/mostr...', Array, true)
#4 C:\xampp\htdocs\RamirezAlfredo-P1\app\Controllers\ProductoController.php(41): view('productos/mostr...', Array)
#5 C:\xampp\htdocs\RamirezAlfredo-P1\system\CodeIgniter.php(832): App\Controllers\ProductoController->mostrar_todos()
#6 C:\xampp\htdocs\RamirezAlfredo-P1\system\CodeIgniter.php(419): CodeIgniter\CodeIgniter->runController(Object(App\Controllers\ProductoController))
#7 C:\xampp\htdocs\RamirezAlfredo-P1\system\CodeIgniter.php(326): CodeIgniter\CodeIgniter->handleRequest(NULL, Object(Config\Cache), false)
#8 C:\xampp\htdocs\RamirezAlfredo-P1\index.php(37): CodeIgniter\CodeIgniter->run()
#9 {main}
CRITICAL - 2022-07-11 15:45:20 --> Undefined variable: categoria
#0 C:\xampp\htdocs\RamirezAlfredo-P1\app\Views\productos\mostrar_productos.php(14): CodeIgniter\Debug\Exceptions->errorHandler(8, 'Undefined varia...', 'C:\\xampp\\htdocs...', 14, Array)
#1 C:\xampp\htdocs\RamirezAlfredo-P1\system\View\View.php(210): include('C:\\xampp\\htdocs...')
#2 C:\xampp\htdocs\RamirezAlfredo-P1\system\View\View.php(213): CodeIgniter\View\View->CodeIgniter\View\{closure}()
#3 C:\xampp\htdocs\RamirezAlfredo-P1\system\Common.php(1089): CodeIgniter\View\View->render('productos/mostr...', Array, true)
#4 C:\xampp\htdocs\RamirezAlfredo-P1\app\Controllers\Home.php(22): view('productos/mostr...', Array)
#5 C:\xampp\htdocs\RamirezAlfredo-P1\system\CodeIgniter.php(832): App\Controllers\Home->index()
#6 C:\xampp\htdocs\RamirezAlfredo-P1\system\CodeIgniter.php(419): CodeIgniter\CodeIgniter->runController(Object(App\Controllers\Home))
#7 C:\xampp\htdocs\RamirezAlfredo-P1\system\CodeIgniter.php(326): CodeIgniter\CodeIgniter->handleRequest(NULL, Object(Config\Cache), false)
#8 C:\xampp\htdocs\RamirezAlfredo-P1\index.php(37): CodeIgniter\CodeIgniter->run()
#9 {main}
CRITICAL - 2022-07-11 15:49:39 --> syntax error, unexpected end of file
#0 C:\xampp\htdocs\RamirezAlfredo-P1\system\View\View.php(213): CodeIgniter\View\View->CodeIgniter\View\{closure}()
#1 C:\xampp\htdocs\RamirezAlfredo-P1\system\Common.php(1089): CodeIgniter\View\View->render('productos/mostr...', Array, true)
#2 C:\xampp\htdocs\RamirezAlfredo-P1\app\Controllers\ProductoController.php(41): view('productos/mostr...', Array)
#3 C:\xampp\htdocs\RamirezAlfredo-P1\system\CodeIgniter.php(832): App\Controllers\ProductoController->mostrar_todos()
#4 C:\xampp\htdocs\RamirezAlfredo-P1\system\CodeIgniter.php(419): CodeIgniter\CodeIgniter->runController(Object(App\Controllers\ProductoController))
#5 C:\xampp\htdocs\RamirezAlfredo-P1\system\CodeIgniter.php(326): CodeIgniter\CodeIgniter->handleRequest(NULL, Object(Config\Cache), false)
#6 C:\xampp\htdocs\RamirezAlfredo-P1\index.php(37): CodeIgniter\CodeIgniter->run()
#7 {main}
CRITICAL - 2022-07-11 15:50:09 --> syntax error, unexpected end of file
#0 C:\xampp\htdocs\RamirezAlfredo-P1\system\View\View.php(213): CodeIgniter\View\View->CodeIgniter\View\{closure}()
#1 C:\xampp\htdocs\RamirezAlfredo-P1\system\Common.php(1089): CodeIgniter\View\View->render('productos/mostr...', Array, true)
#2 C:\xampp\htdocs\RamirezAlfredo-P1\app\Controllers\ProductoController.php(41): view('productos/mostr...', Array)
#3 C:\xampp\htdocs\RamirezAlfredo-P1\system\CodeIgniter.php(832): App\Controllers\ProductoController->mostrar_todos()
#4 C:\xampp\htdocs\RamirezAlfredo-P1\system\CodeIgniter.php(419): CodeIgniter\CodeIgniter->runController(Object(App\Controllers\ProductoController))
#5 C:\xampp\htdocs\RamirezAlfredo-P1\system\CodeIgniter.php(326): CodeIgniter\CodeIgniter->handleRequest(NULL, Object(Config\Cache), false)
#6 C:\xampp\htdocs\RamirezAlfredo-P1\index.php(37): CodeIgniter\CodeIgniter->run()
#7 {main}
CRITICAL - 2022-07-11 15:50:12 --> syntax error, unexpected end of file
#0 C:\xampp\htdocs\RamirezAlfredo-P1\system\View\View.php(213): CodeIgniter\View\View->CodeIgniter\View\{closure}()
#1 C:\xampp\htdocs\RamirezAlfredo-P1\system\Common.php(1089): CodeIgniter\View\View->render('productos/mostr...', Array, true)
#2 C:\xampp\htdocs\RamirezAlfredo-P1\app\Controllers\Home.php(22): view('productos/mostr...', Array)
#3 C:\xampp\htdocs\RamirezAlfredo-P1\system\CodeIgniter.php(832): App\Controllers\Home->index()
#4 C:\xampp\htdocs\RamirezAlfredo-P1\system\CodeIgniter.php(419): CodeIgniter\CodeIgniter->runController(Object(App\Controllers\Home))
#5 C:\xampp\htdocs\RamirezAlfredo-P1\system\CodeIgniter.php(326): CodeIgniter\CodeIgniter->handleRequest(NULL, Object(Config\Cache), false)
#6 C:\xampp\htdocs\RamirezAlfredo-P1\index.php(37): CodeIgniter\CodeIgniter->run()
#7 {main}
CRITICAL - 2022-07-11 15:50:58 --> syntax error, unexpected end of file
#0 C:\xampp\htdocs\RamirezAlfredo-P1\system\View\View.php(213): CodeIgniter\View\View->CodeIgniter\View\{closure}()
#1 C:\xampp\htdocs\RamirezAlfredo-P1\system\Common.php(1089): CodeIgniter\View\View->render('productos/mostr...', Array, true)
#2 C:\xampp\htdocs\RamirezAlfredo-P1\app\Controllers\Home.php(22): view('productos/mostr...', Array)
#3 C:\xampp\htdocs\RamirezAlfredo-P1\system\CodeIgniter.php(832): App\Controllers\Home->index()
#4 C:\xampp\htdocs\RamirezAlfredo-P1\system\CodeIgniter.php(419): CodeIgniter\CodeIgniter->runController(Object(App\Controllers\Home))
#5 C:\xampp\htdocs\RamirezAlfredo-P1\system\CodeIgniter.php(326): CodeIgniter\CodeIgniter->handleRequest(NULL, Object(Config\Cache), false)
#6 C:\xampp\htdocs\RamirezAlfredo-P1\index.php(37): CodeIgniter\CodeIgniter->run()
#7 {main}
CRITICAL - 2022-07-11 15:50:59 --> syntax error, unexpected end of file
#0 C:\xampp\htdocs\RamirezAlfredo-P1\system\View\View.php(213): CodeIgniter\View\View->CodeIgniter\View\{closure}()
#1 C:\xampp\htdocs\RamirezAlfredo-P1\system\Common.php(1089): CodeIgniter\View\View->render('productos/mostr...', Array, true)
#2 C:\xampp\htdocs\RamirezAlfredo-P1\app\Controllers\Home.php(22): view('productos/mostr...', Array)
#3 C:\xampp\htdocs\RamirezAlfredo-P1\system\CodeIgniter.php(832): App\Controllers\Home->index()
#4 C:\xampp\htdocs\RamirezAlfredo-P1\system\CodeIgniter.php(419): CodeIgniter\CodeIgniter->runController(Object(App\Controllers\Home))
#5 C:\xampp\htdocs\RamirezAlfredo-P1\system\CodeIgniter.php(326): CodeIgniter\CodeIgniter->handleRequest(NULL, Object(Config\Cache), false)
#6 C:\xampp\htdocs\RamirezAlfredo-P1\index.php(37): CodeIgniter\CodeIgniter->run()
#7 {main}
CRITICAL - 2022-07-11 15:51:00 --> syntax error, unexpected end of file
#0 C:\xampp\htdocs\RamirezAlfredo-P1\system\View\View.php(213): CodeIgniter\View\View->CodeIgniter\View\{closure}()
#1 C:\xampp\htdocs\RamirezAlfredo-P1\system\Common.php(1089): CodeIgniter\View\View->render('productos/mostr...', Array, true)
#2 C:\xampp\htdocs\RamirezAlfredo-P1\app\Controllers\Home.php(22): view('productos/mostr...', Array)
#3 C:\xampp\htdocs\RamirezAlfredo-P1\system\CodeIgniter.php(832): App\Controllers\Home->index()
#4 C:\xampp\htdocs\RamirezAlfredo-P1\system\CodeIgniter.php(419): CodeIgniter\CodeIgniter->runController(Object(App\Controllers\Home))
#5 C:\xampp\htdocs\RamirezAlfredo-P1\system\CodeIgniter.php(326): CodeIgniter\CodeIgniter->handleRequest(NULL, Object(Config\Cache), false)
#6 C:\xampp\htdocs\RamirezAlfredo-P1\index.php(37): CodeIgniter\CodeIgniter->run()
#7 {main}
CRITICAL - 2022-07-11 15:51:04 --> syntax error, unexpected end of file
#0 C:\xampp\htdocs\RamirezAlfredo-P1\system\View\View.php(213): CodeIgniter\View\View->CodeIgniter\View\{closure}()
#1 C:\xampp\htdocs\RamirezAlfredo-P1\system\Common.php(1089): CodeIgniter\View\View->render('productos/mostr...', Array, true)
#2 C:\xampp\htdocs\RamirezAlfredo-P1\app\Controllers\Home.php(22): view('productos/mostr...', Array)
#3 C:\xampp\htdocs\RamirezAlfredo-P1\system\CodeIgniter.php(832): App\Controllers\Home->index()
#4 C:\xampp\htdocs\RamirezAlfredo-P1\system\CodeIgniter.php(419): CodeIgniter\CodeIgniter->runController(Object(App\Controllers\Home))
#5 C:\xampp\htdocs\RamirezAlfredo-P1\system\CodeIgniter.php(326): CodeIgniter\CodeIgniter->handleRequest(NULL, Object(Config\Cache), false)
#6 C:\xampp\htdocs\RamirezAlfredo-P1\index.php(37): CodeIgniter\CodeIgniter->run()
#7 {main}
CRITICAL - 2022-07-11 15:51:54 --> syntax error, unexpected end of file
#0 C:\xampp\htdocs\RamirezAlfredo-P1\system\View\View.php(213): CodeIgniter\View\View->CodeIgniter\View\{closure}()
#1 C:\xampp\htdocs\RamirezAlfredo-P1\system\Common.php(1089): CodeIgniter\View\View->render('productos/mostr...', Array, true)
#2 C:\xampp\htdocs\RamirezAlfredo-P1\app\Controllers\Home.php(22): view('productos/mostr...', Array)
#3 C:\xampp\htdocs\RamirezAlfredo-P1\system\CodeIgniter.php(832): App\Controllers\Home->index()
#4 C:\xampp\htdocs\RamirezAlfredo-P1\system\CodeIgniter.php(419): CodeIgniter\CodeIgniter->runController(Object(App\Controllers\Home))
#5 C:\xampp\htdocs\RamirezAlfredo-P1\system\CodeIgniter.php(326): CodeIgniter\CodeIgniter->handleRequest(NULL, Object(Config\Cache), false)
#6 C:\xampp\htdocs\RamirezAlfredo-P1\index.php(37): CodeIgniter\CodeIgniter->run()
#7 {main}
CRITICAL - 2022-07-11 15:51:57 --> syntax error, unexpected end of file
#0 C:\xampp\htdocs\RamirezAlfredo-P1\system\View\View.php(213): CodeIgniter\View\View->CodeIgniter\View\{closure}()
#1 C:\xampp\htdocs\RamirezAlfredo-P1\system\Common.php(1089): CodeIgniter\View\View->render('productos/mostr...', Array, true)
#2 C:\xampp\htdocs\RamirezAlfredo-P1\app\Controllers\Home.php(22): view('productos/mostr...', Array)
#3 C:\xampp\htdocs\RamirezAlfredo-P1\system\CodeIgniter.php(832): App\Controllers\Home->index()
#4 C:\xampp\htdocs\RamirezAlfredo-P1\system\CodeIgniter.php(419): CodeIgniter\CodeIgniter->runController(Object(App\Controllers\Home))
#5 C:\xampp\htdocs\RamirezAlfredo-P1\system\CodeIgniter.php(326): CodeIgniter\CodeIgniter->handleRequest(NULL, Object(Config\Cache), false)
#6 C:\xampp\htdocs\RamirezAlfredo-P1\index.php(37): CodeIgniter\CodeIgniter->run()
#7 {main}
CRITICAL - 2022-07-11 15:52:16 --> syntax error, unexpected end of file
#0 C:\xampp\htdocs\RamirezAlfredo-P1\system\View\View.php(213): CodeIgniter\View\View->CodeIgniter\View\{closure}()
#1 C:\xampp\htdocs\RamirezAlfredo-P1\system\Common.php(1089): CodeIgniter\View\View->render('productos/mostr...', Array, true)
#2 C:\xampp\htdocs\RamirezAlfredo-P1\app\Controllers\Home.php(22): view('productos/mostr...', Array)
#3 C:\xampp\htdocs\RamirezAlfredo-P1\system\CodeIgniter.php(832): App\Controllers\Home->index()
#4 C:\xampp\htdocs\RamirezAlfredo-P1\system\CodeIgniter.php(419): CodeIgniter\CodeIgniter->runController(Object(App\Controllers\Home))
#5 C:\xampp\htdocs\RamirezAlfredo-P1\system\CodeIgniter.php(326): CodeIgniter\CodeIgniter->handleRequest(NULL, Object(Config\Cache), false)
#6 C:\xampp\htdocs\RamirezAlfredo-P1\index.php(37): CodeIgniter\CodeIgniter->run()
#7 {main}
CRITICAL - 2022-07-11 15:52:21 --> syntax error, unexpected end of file
#0 C:\xampp\htdocs\RamirezAlfredo-P1\system\View\View.php(213): CodeIgniter\View\View->CodeIgniter\View\{closure}()
#1 C:\xampp\htdocs\RamirezAlfredo-P1\system\Common.php(1089): CodeIgniter\View\View->render('productos/mostr...', Array, true)
#2 C:\xampp\htdocs\RamirezAlfredo-P1\app\Controllers\Home.php(22): view('productos/mostr...', Array)
#3 C:\xampp\htdocs\RamirezAlfredo-P1\system\CodeIgniter.php(832): App\Controllers\Home->index()
#4 C:\xampp\htdocs\RamirezAlfredo-P1\system\CodeIgniter.php(419): CodeIgniter\CodeIgniter->runController(Object(App\Controllers\Home))
#5 C:\xampp\htdocs\RamirezAlfredo-P1\system\CodeIgniter.php(326): CodeIgniter\CodeIgniter->handleRequest(NULL, Object(Config\Cache), false)
#6 C:\xampp\htdocs\RamirezAlfredo-P1\index.php(37): CodeIgniter\CodeIgniter->run()
#7 {main}
CRITICAL - 2022-07-11 15:55:24 --> Undefined variable: opt
#0 C:\xampp\htdocs\RamirezAlfredo-P1\app\Views\productos\mostrar_productos.php(14): CodeIgniter\Debug\Exceptions->errorHandler(8, 'Undefined varia...', 'C:\\xampp\\htdocs...', 14, Array)
#1 C:\xampp\htdocs\RamirezAlfredo-P1\system\View\View.php(210): include('C:\\xampp\\htdocs...')
#2 C:\xampp\htdocs\RamirezAlfredo-P1\system\View\View.php(213): CodeIgniter\View\View->CodeIgniter\View\{closure}()
#3 C:\xampp\htdocs\RamirezAlfredo-P1\system\Common.php(1089): CodeIgniter\View\View->render('productos/mostr...', Array, true)
#4 C:\xampp\htdocs\RamirezAlfredo-P1\app\Controllers\ProductoController.php(41): view('productos/mostr...', Array)
#5 C:\xampp\htdocs\RamirezAlfredo-P1\system\CodeIgniter.php(832): App\Controllers\ProductoController->mostrar_todos()
#6 C:\xampp\htdocs\RamirezAlfredo-P1\system\CodeIgniter.php(419): CodeIgniter\CodeIgniter->runController(Object(App\Controllers\ProductoController))
#7 C:\xampp\htdocs\RamirezAlfredo-P1\system\CodeIgniter.php(326): CodeIgniter\CodeIgniter->handleRequest(NULL, Object(Config\Cache), false)
#8 C:\xampp\htdocs\RamirezAlfredo-P1\index.php(37): CodeIgniter\CodeIgniter->run()
#9 {main}
CRITICAL - 2022-07-11 15:56:04 --> Undefined variable: opt
#0 C:\xampp\htdocs\RamirezAlfredo-P1\app\Views\productos\mostrar_productos.php(13): CodeIgniter\Debug\Exceptions->errorHandler(8, 'Undefined varia...', 'C:\\xampp\\htdocs...', 13, Array)
#1 C:\xampp\htdocs\RamirezAlfredo-P1\system\View\View.php(210): include('C:\\xampp\\htdocs...')
#2 C:\xampp\htdocs\RamirezAlfredo-P1\system\View\View.php(213): CodeIgniter\View\View->CodeIgniter\View\{closure}()
#3 C:\xampp\htdocs\RamirezAlfredo-P1\system\Common.php(1089): CodeIgniter\View\View->render('productos/mostr...', Array, true)
#4 C:\xampp\htdocs\RamirezAlfredo-P1\app\Controllers\ProductoController.php(41): view('productos/mostr...', Array)
#5 C:\xampp\htdocs\RamirezAlfredo-P1\system\CodeIgniter.php(832): App\Controllers\ProductoController->mostrar_todos()
#6 C:\xampp\htdocs\RamirezAlfredo-P1\system\CodeIgniter.php(419): CodeIgniter\CodeIgniter->runController(Object(App\Controllers\ProductoController))
#7 C:\xampp\htdocs\RamirezAlfredo-P1\system\CodeIgniter.php(326): CodeIgniter\CodeIgniter->handleRequest(NULL, Object(Config\Cache), false)
#8 C:\xampp\htdocs\RamirezAlfredo-P1\index.php(37): CodeIgniter\CodeIgniter->run()
#9 {main}
CRITICAL - 2022-07-11 15:56:06 --> Undefined variable: opt
#0 C:\xampp\htdocs\RamirezAlfredo-P1\app\Views\productos\mostrar_productos.php(13): CodeIgniter\Debug\Exceptions->errorHandler(8, 'Undefined varia...', 'C:\\xampp\\htdocs...', 13, Array)
#1 C:\xampp\htdocs\RamirezAlfredo-P1\system\View\View.php(210): include('C:\\xampp\\htdocs...')
#2 C:\xampp\htdocs\RamirezAlfredo-P1\system\View\View.php(213): CodeIgniter\View\View->CodeIgniter\View\{closure}()
#3 C:\xampp\htdocs\RamirezAlfredo-P1\system\Common.php(1089): CodeIgniter\View\View->render('productos/mostr...', Array, true)
#4 C:\xampp\htdocs\RamirezAlfredo-P1\app\Controllers\Home.php(22): view('productos/mostr...', Array)
#5 C:\xampp\htdocs\RamirezAlfredo-P1\system\CodeIgniter.php(832): App\Controllers\Home->index()
#6 C:\xampp\htdocs\RamirezAlfredo-P1\system\CodeIgniter.php(419): CodeIgniter\CodeIgniter->runController(Object(App\Controllers\Home))
#7 C:\xampp\htdocs\RamirezAlfredo-P1\system\CodeIgniter.php(326): CodeIgniter\CodeIgniter->handleRequest(NULL, Object(Config\Cache), false)
#8 C:\xampp\htdocs\RamirezAlfredo-P1\index.php(37): CodeIgniter\CodeIgniter->run()
#9 {main}
CRITICAL - 2022-07-11 15:56:13 --> Undefined variable: opt
#0 C:\xampp\htdocs\RamirezAlfredo-P1\app\Views\productos\mostrar_productos.php(13): CodeIgniter\Debug\Exceptions->errorHandler(8, 'Undefined varia...', 'C:\\xampp\\htdocs...', 13, Array)
#1 C:\xampp\htdocs\RamirezAlfredo-P1\system\View\View.php(210): include('C:\\xampp\\htdocs...')
#2 C:\xampp\htdocs\RamirezAlfredo-P1\system\View\View.php(213): CodeIgniter\View\View->CodeIgniter\View\{closure}()
#3 C:\xampp\htdocs\RamirezAlfredo-P1\system\Common.php(1089): CodeIgniter\View\View->render('productos/mostr...', Array, true)
#4 C:\xampp\htdocs\RamirezAlfredo-P1\app\Controllers\Home.php(22): view('productos/mostr...', Array)
#5 C:\xampp\htdocs\RamirezAlfredo-P1\system\CodeIgniter.php(832): App\Controllers\Home->index()
#6 C:\xampp\htdocs\RamirezAlfredo-P1\system\CodeIgniter.php(419): CodeIgniter\CodeIgniter->runController(Object(App\Controllers\Home))
#7 C:\xampp\htdocs\RamirezAlfredo-P1\system\CodeIgniter.php(326): CodeIgniter\CodeIgniter->handleRequest(NULL, Object(Config\Cache), false)
#8 C:\xampp\htdocs\RamirezAlfredo-P1\index.php(37): CodeIgniter\CodeIgniter->run()
#9 {main}
CRITICAL - 2022-07-11 15:57:20 --> Undefined variable: opt
#0 C:\xampp\htdocs\RamirezAlfredo-P1\app\Views\productos\mostrar_productos.php(9): CodeIgniter\Debug\Exceptions->errorHandler(8, 'Undefined varia...', 'C:\\xampp\\htdocs...', 9, Array)
#1 C:\xampp\htdocs\RamirezAlfredo-P1\system\View\View.php(210): include('C:\\xampp\\htdocs...')
#2 C:\xampp\htdocs\RamirezAlfredo-P1\system\View\View.php(213): CodeIgniter\View\View->CodeIgniter\View\{closure}()
#3 C:\xampp\htdocs\RamirezAlfredo-P1\system\Common.php(1089): CodeIgniter\View\View->render('productos/mostr...', Array, true)
#4 C:\xampp\htdocs\RamirezAlfredo-P1\app\Controllers\Home.php(22): view('productos/mostr...', Array)
#5 C:\xampp\htdocs\RamirezAlfredo-P1\system\CodeIgniter.php(832): App\Controllers\Home->index()
#6 C:\xampp\htdocs\RamirezAlfredo-P1\system\CodeIgniter.php(419): CodeIgniter\CodeIgniter->runController(Object(App\Controllers\Home))
#7 C:\xampp\htdocs\RamirezAlfredo-P1\system\CodeIgniter.php(326): CodeIgniter\CodeIgniter->handleRequest(NULL, Object(Config\Cache), false)
#8 C:\xampp\htdocs\RamirezAlfredo-P1\index.php(37): CodeIgniter\CodeIgniter->run()
#9 {main}
CRITICAL - 2022-07-11 15:57:25 --> Undefined variable: opt
#0 C:\xampp\htdocs\RamirezAlfredo-P1\app\Views\productos\mostrar_productos.php(9): CodeIgniter\Debug\Exceptions->errorHandler(8, 'Undefined varia...', 'C:\\xampp\\htdocs...', 9, Array)
#1 C:\xampp\htdocs\RamirezAlfredo-P1\system\View\View.php(210): include('C:\\xampp\\htdocs...')
#2 C:\xampp\htdocs\RamirezAlfredo-P1\system\View\View.php(213): CodeIgniter\View\View->CodeIgniter\View\{closure}()
#3 C:\xampp\htdocs\RamirezAlfredo-P1\system\Common.php(1089): CodeIgniter\View\View->render('productos/mostr...', Array, true)
#4 C:\xampp\htdocs\RamirezAlfredo-P1\app\Controllers\Home.php(22): view('productos/mostr...', Array)
#5 C:\xampp\htdocs\RamirezAlfredo-P1\system\CodeIgniter.php(832): App\Controllers\Home->index()
#6 C:\xampp\htdocs\RamirezAlfredo-P1\system\CodeIgniter.php(419): CodeIgniter\CodeIgniter->runController(Object(App\Controllers\Home))
#7 C:\xampp\htdocs\RamirezAlfredo-P1\system\CodeIgniter.php(326): CodeIgniter\CodeIgniter->handleRequest(NULL, Object(Config\Cache), false)
#8 C:\xampp\htdocs\RamirezAlfredo-P1\index.php(37): CodeIgniter\CodeIgniter->run()
#9 {main}
CRITICAL - 2022-07-11 16:00:11 --> Undefined variable: categoria
#0 C:\xampp\htdocs\RamirezAlfredo-P1\app\Views\productos\mostrar_productos.php(8): CodeIgniter\Debug\Exceptions->errorHandler(8, 'Undefined varia...', 'C:\\xampp\\htdocs...', 8, Array)
#1 C:\xampp\htdocs\RamirezAlfredo-P1\system\View\View.php(210): include('C:\\xampp\\htdocs...')
#2 C:\xampp\htdocs\RamirezAlfredo-P1\system\View\View.php(213): CodeIgniter\View\View->CodeIgniter\View\{closure}()
#3 C:\xampp\htdocs\RamirezAlfredo-P1\system\Common.php(1089): CodeIgniter\View\View->render('productos/mostr...', Array, true)
#4 C:\xampp\htdocs\RamirezAlfredo-P1\app\Controllers\ProductoController.php(41): view('productos/mostr...', Array)
#5 C:\xampp\htdocs\RamirezAlfredo-P1\system\CodeIgniter.php(832): App\Controllers\ProductoController->mostrar_todos()
#6 C:\xampp\htdocs\RamirezAlfredo-P1\system\CodeIgniter.php(419): CodeIgniter\CodeIgniter->runController(Object(App\Controllers\ProductoController))
#7 C:\xampp\htdocs\RamirezAlfredo-P1\system\CodeIgniter.php(326): CodeIgniter\CodeIgniter->handleRequest(NULL, Object(Config\Cache), false)
#8 C:\xampp\htdocs\RamirezAlfredo-P1\index.php(37): CodeIgniter\CodeIgniter->run()
#9 {main}
CRITICAL - 2022-07-11 16:00:25 --> Trying to get property 'id_categoria' of non-object
#0 C:\xampp\htdocs\RamirezAlfredo-P1\app\Views\productos\mostrar_productos.php(8): CodeIgniter\Debug\Exceptions->errorHandler(8, 'Trying to get p...', 'C:\\xampp\\htdocs...', 8, Array)
#1 C:\xampp\htdocs\RamirezAlfredo-P1\system\View\View.php(210): include('C:\\xampp\\htdocs...')
#2 C:\xampp\htdocs\RamirezAlfredo-P1\system\View\View.php(213): CodeIgniter\View\View->CodeIgniter\View\{closure}()
#3 C:\xampp\htdocs\RamirezAlfredo-P1\system\Common.php(1089): CodeIgniter\View\View->render('productos/mostr...', Array, true)
#4 C:\xampp\htdocs\RamirezAlfredo-P1\app\Controllers\ProductoController.php(41): view('productos/mostr...', Array)
#5 C:\xampp\htdocs\RamirezAlfredo-P1\system\CodeIgniter.php(832): App\Controllers\ProductoController->mostrar_todos()
#6 C:\xampp\htdocs\RamirezAlfredo-P1\system\CodeIgniter.php(419): CodeIgniter\CodeIgniter->runController(Object(App\Controllers\ProductoController))
#7 C:\xampp\htdocs\RamirezAlfredo-P1\system\CodeIgniter.php(326): CodeIgniter\CodeIgniter->handleRequest(NULL, Object(Config\Cache), false)
#8 C:\xampp\htdocs\RamirezAlfredo-P1\index.php(37): CodeIgniter\CodeIgniter->run()
#9 {main}
CRITICAL - 2022-07-11 16:02:44 --> Undefined variable: opt
#0 C:\xampp\htdocs\RamirezAlfredo-P1\app\Views\productos\mostrar_productos.php(8): CodeIgniter\Debug\Exceptions->errorHandler(8, 'Undefined varia...', 'C:\\xampp\\htdocs...', 8, Array)
#1 C:\xampp\htdocs\RamirezAlfredo-P1\system\View\View.php(210): include('C:\\xampp\\htdocs...')
#2 C:\xampp\htdocs\RamirezAlfredo-P1\system\View\View.php(213): CodeIgniter\View\View->CodeIgniter\View\{closure}()
#3 C:\xampp\htdocs\RamirezAlfredo-P1\system\Common.php(1089): CodeIgniter\View\View->render('productos/mostr...', Array, true)
#4 C:\xampp\htdocs\RamirezAlfredo-P1\app\Controllers\ProductoController.php(41): view('productos/mostr...', Array)
#5 C:\xampp\htdocs\RamirezAlfredo-P1\system\CodeIgniter.php(832): App\Controllers\ProductoController->mostrar_todos()
#6 C:\xampp\htdocs\RamirezAlfredo-P1\system\CodeIgniter.php(419): CodeIgniter\CodeIgniter->runController(Object(App\Controllers\ProductoController))
#7 C:\xampp\htdocs\RamirezAlfredo-P1\system\CodeIgniter.php(326): CodeIgniter\CodeIgniter->handleRequest(NULL, Object(Config\Cache), false)
#8 C:\xampp\htdocs\RamirezAlfredo-P1\index.php(37): CodeIgniter\CodeIgniter->run()
#9 {main}
CRITICAL - 2022-07-11 16:05:16 --> Undefined index: id_categoria
#0 C:\xampp\htdocs\RamirezAlfredo-P1\app\Views\productos\mostrar_productos.php(8): CodeIgniter\Debug\Exceptions->errorHandler(8, 'Undefined index...', 'C:\\xampp\\htdocs...', 8, Array)
#1 C:\xampp\htdocs\RamirezAlfredo-P1\system\View\View.php(210): include('C:\\xampp\\htdocs...')
#2 C:\xampp\htdocs\RamirezAlfredo-P1\system\View\View.php(213): CodeIgniter\View\View->CodeIgniter\View\{closure}()
#3 C:\xampp\htdocs\RamirezAlfredo-P1\system\Common.php(1089): CodeIgniter\View\View->render('productos/mostr...', Array, true)
#4 C:\xampp\htdocs\RamirezAlfredo-P1\app\Controllers\ProductoController.php(41): view('productos/mostr...', Array)
#5 C:\xampp\htdocs\RamirezAlfredo-P1\system\CodeIgniter.php(832): App\Controllers\ProductoController->mostrar_todos()
#6 C:\xampp\htdocs\RamirezAlfredo-P1\system\CodeIgniter.php(419): CodeIgniter\CodeIgniter->runController(Object(App\Controllers\ProductoController))
#7 C:\xampp\htdocs\RamirezAlfredo-P1\system\CodeIgniter.php(326): CodeIgniter\CodeIgniter->handleRequest(NULL, Object(Config\Cache), false)
#8 C:\xampp\htdocs\RamirezAlfredo-P1\index.php(37): CodeIgniter\CodeIgniter->run()
#9 {main}
CRITICAL - 2022-07-11 16:05:44 --> Undefined index: id_categoria
#0 C:\xampp\htdocs\RamirezAlfredo-P1\app\Views\productos\mostrar_productos.php(8): CodeIgniter\Debug\Exceptions->errorHandler(8, 'Undefined index...', 'C:\\xampp\\htdocs...', 8, Array)
#1 C:\xampp\htdocs\RamirezAlfredo-P1\system\View\View.php(210): include('C:\\xampp\\htdocs...')
#2 C:\xampp\htdocs\RamirezAlfredo-P1\system\View\View.php(213): CodeIgniter\View\View->CodeIgniter\View\{closure}()
#3 C:\xampp\htdocs\RamirezAlfredo-P1\system\Common.php(1089): CodeIgniter\View\View->render('productos/mostr...', Array, true)
#4 C:\xampp\htdocs\RamirezAlfredo-P1\app\Controllers\ProductoController.php(41): view('productos/mostr...', Array)
#5 C:\xampp\htdocs\RamirezAlfredo-P1\system\CodeIgniter.php(832): App\Controllers\ProductoController->mostrar_todos()
#6 C:\xampp\htdocs\RamirezAlfredo-P1\system\CodeIgniter.php(419): CodeIgniter\CodeIgniter->runController(Object(App\Controllers\ProductoController))
#7 C:\xampp\htdocs\RamirezAlfredo-P1\system\CodeIgniter.php(326): CodeIgniter\CodeIgniter->handleRequest(NULL, Object(Config\Cache), false)
#8 C:\xampp\htdocs\RamirezAlfredo-P1\index.php(37): CodeIgniter\CodeIgniter->run()
#9 {main}
CRITICAL - 2022-07-11 16:05:45 --> Undefined index: id_categoria
#0 C:\xampp\htdocs\RamirezAlfredo-P1\app\Views\productos\mostrar_productos.php(8): CodeIgniter\Debug\Exceptions->errorHandler(8, 'Undefined index...', 'C:\\xampp\\htdocs...', 8, Array)
#1 C:\xampp\htdocs\RamirezAlfredo-P1\system\View\View.php(210): include('C:\\xampp\\htdocs...')
#2 C:\xampp\htdocs\RamirezAlfredo-P1\system\View\View.php(213): CodeIgniter\View\View->CodeIgniter\View\{closure}()
#3 C:\xampp\htdocs\RamirezAlfredo-P1\system\Common.php(1089): CodeIgniter\View\View->render('productos/mostr...', Array, true)
#4 C:\xampp\htdocs\RamirezAlfredo-P1\app\Controllers\ProductoController.php(41): view('productos/mostr...', Array)
#5 C:\xampp\htdocs\RamirezAlfredo-P1\system\CodeIgniter.php(832): App\Controllers\ProductoController->mostrar_todos()
#6 C:\xampp\htdocs\RamirezAlfredo-P1\system\CodeIgniter.php(419): CodeIgniter\CodeIgniter->runController(Object(App\Controllers\ProductoController))
#7 C:\xampp\htdocs\RamirezAlfredo-P1\system\CodeIgniter.php(326): CodeIgniter\CodeIgniter->handleRequest(NULL, Object(Config\Cache), false)
#8 C:\xampp\htdocs\RamirezAlfredo-P1\index.php(37): CodeIgniter\CodeIgniter->run()
#9 {main}
CRITICAL - 2022-07-11 16:07:14 --> Undefined variable: opt
#0 C:\xampp\htdocs\RamirezAlfredo-P1\app\Views\productos\mostrar_productos.php(13): CodeIgniter\Debug\Exceptions->errorHandler(8, 'Undefined varia...', 'C:\\xampp\\htdocs...', 13, Array)
#1 C:\xampp\htdocs\RamirezAlfredo-P1\system\View\View.php(210): include('C:\\xampp\\htdocs...')
#2 C:\xampp\htdocs\RamirezAlfredo-P1\system\View\View.php(213): CodeIgniter\View\View->CodeIgniter\View\{closure}()
#3 C:\xampp\htdocs\RamirezAlfredo-P1\system\Common.php(1089): CodeIgniter\View\View->render('productos/mostr...', Array, true)
#4 C:\xampp\htdocs\RamirezAlfredo-P1\app\Controllers\ProductoController.php(41): view('productos/mostr...', Array)
#5 C:\xampp\htdocs\RamirezAlfredo-P1\system\CodeIgniter.php(832): App\Controllers\ProductoController->mostrar_todos()
#6 C:\xampp\htdocs\RamirezAlfredo-P1\system\CodeIgniter.php(419): CodeIgniter\CodeIgniter->runController(Object(App\Controllers\ProductoController))
#7 C:\xampp\htdocs\RamirezAlfredo-P1\system\CodeIgniter.php(326): CodeIgniter\CodeIgniter->handleRequest(NULL, Object(Config\Cache), false)
#8 C:\xampp\htdocs\RamirezAlfredo-P1\index.php(37): CodeIgniter\CodeIgniter->run()
#9 {main}
CRITICAL - 2022-07-11 16:29:05 --> Undefined variable: producto
#0 C:\xampp\htdocs\RamirezAlfredo-P1\app\Views\productos\mostrar_productos.php(14): CodeIgniter\Debug\Exceptions->errorHandler(8, 'Undefined varia...', 'C:\\xampp\\htdocs...', 14, Array)
#1 C:\xampp\htdocs\RamirezAlfredo-P1\system\View\View.php(210): include('C:\\xampp\\htdocs...')
#2 C:\xampp\htdocs\RamirezAlfredo-P1\system\View\View.php(213): CodeIgniter\View\View->CodeIgniter\View\{closure}()
#3 C:\xampp\htdocs\RamirezAlfredo-P1\system\Common.php(1089): CodeIgniter\View\View->render('productos/mostr...', Array, true)
#4 C:\xampp\htdocs\RamirezAlfredo-P1\app\Controllers\Home.php(22): view('productos/mostr...', Array)
#5 C:\xampp\htdocs\RamirezAlfredo-P1\system\CodeIgniter.php(832): App\Controllers\Home->index()
#6 C:\xampp\htdocs\RamirezAlfredo-P1\system\CodeIgniter.php(419): CodeIgniter\CodeIgniter->runController(Object(App\Controllers\Home))
#7 C:\xampp\htdocs\RamirezAlfredo-P1\system\CodeIgniter.php(326): CodeIgniter\CodeIgniter->handleRequest(NULL, Object(Config\Cache), false)
#8 C:\xampp\htdocs\RamirezAlfredo-P1\index.php(37): CodeIgniter\CodeIgniter->run()
#9 {main}
CRITICAL - 2022-07-11 16:29:08 --> Undefined variable: producto
#0 C:\xampp\htdocs\RamirezAlfredo-P1\app\Views\productos\mostrar_productos.php(14): CodeIgniter\Debug\Exceptions->errorHandler(8, 'Undefined varia...', 'C:\\xampp\\htdocs...', 14, Array)
#1 C:\xampp\htdocs\RamirezAlfredo-P1\system\View\View.php(210): include('C:\\xampp\\htdocs...')
#2 C:\xampp\htdocs\RamirezAlfredo-P1\system\View\View.php(213): CodeIgniter\View\View->CodeIgniter\View\{closure}()
#3 C:\xampp\htdocs\RamirezAlfredo-P1\system\Common.php(1089): CodeIgniter\View\View->render('productos/mostr...', Array, true)
#4 C:\xampp\htdocs\RamirezAlfredo-P1\app\Controllers\Home.php(22): view('productos/mostr...', Array)
#5 C:\xampp\htdocs\RamirezAlfredo-P1\system\CodeIgniter.php(832): App\Controllers\Home->index()
#6 C:\xampp\htdocs\RamirezAlfredo-P1\system\CodeIgniter.php(419): CodeIgniter\CodeIgniter->runController(Object(App\Controllers\Home))
#7 C:\xampp\htdocs\RamirezAlfredo-P1\system\CodeIgniter.php(326): CodeIgniter\CodeIgniter->handleRequest(NULL, Object(Config\Cache), false)
#8 C:\xampp\htdocs\RamirezAlfredo-P1\index.php(37): CodeIgniter\CodeIgniter->run()
#9 {main}
CRITICAL - 2022-07-11 16:30:21 --> Call to undefined function form_open()
#0 C:\xampp\htdocs\RamirezAlfredo-P1\system\View\View.php(210): include()
#1 C:\xampp\htdocs\RamirezAlfredo-P1\system\View\View.php(213): CodeIgniter\View\View->CodeIgniter\View\{closure}()
#2 C:\xampp\htdocs\RamirezAlfredo-P1\system\Common.php(1089): CodeIgniter\View\View->render('usuario/menu', Array, true)
#3 C:\xampp\htdocs\RamirezAlfredo-P1\app\Controllers\Home.php(20): view('usuario/menu', Array)
#4 C:\xampp\htdocs\RamirezAlfredo-P1\system\CodeIgniter.php(832): App\Controllers\Home->index()
#5 C:\xampp\htdocs\RamirezAlfredo-P1\system\CodeIgniter.php(419): CodeIgniter\CodeIgniter->runController(Object(App\Controllers\Home))
#6 C:\xampp\htdocs\RamirezAlfredo-P1\system\CodeIgniter.php(326): CodeIgniter\CodeIgniter->handleRequest(NULL, Object(Config\Cache), false)
#7 C:\xampp\htdocs\RamirezAlfredo-P1\index.php(37): CodeIgniter\CodeIgniter->run()
#8 {main}
CRITICAL - 2022-07-11 16:31:16 --> Call to undefined function form_open()
#0 C:\xampp\htdocs\RamirezAlfredo-P1\system\View\View.php(210): include()
#1 C:\xampp\htdocs\RamirezAlfredo-P1\system\View\View.php(213): CodeIgniter\View\View->CodeIgniter\View\{closure}()
#2 C:\xampp\htdocs\RamirezAlfredo-P1\system\Common.php(1089): CodeIgniter\View\View->render('usuario/menu', Array, true)
#3 C:\xampp\htdocs\RamirezAlfredo-P1\app\Controllers\Home.php(20): view('usuario/menu', Array)
#4 C:\xampp\htdocs\RamirezAlfredo-P1\system\CodeIgniter.php(832): App\Controllers\Home->index()
#5 C:\xampp\htdocs\RamirezAlfredo-P1\system\CodeIgniter.php(419): CodeIgniter\CodeIgniter->runController(Object(App\Controllers\Home))
#6 C:\xampp\htdocs\RamirezAlfredo-P1\system\CodeIgniter.php(326): CodeIgniter\CodeIgniter->handleRequest(NULL, Object(Config\Cache), false)
#7 C:\xampp\htdocs\RamirezAlfredo-P1\index.php(37): CodeIgniter\CodeIgniter->run()
#8 {main}
CRITICAL - 2022-07-11 18:03:46 --> Undefined variable: id_categoria
#0 C:\xampp\htdocs\RamirezAlfredo-P1\app\Views\productos\mostrar_productos.php(12): CodeIgniter\Debug\Exceptions->errorHandler(8, 'Undefined varia...', 'C:\\xampp\\htdocs...', 12, Array)
#1 C:\xampp\htdocs\RamirezAlfredo-P1\system\View\View.php(210): include('C:\\xampp\\htdocs...')
#2 C:\xampp\htdocs\RamirezAlfredo-P1\system\View\View.php(213): CodeIgniter\View\View->CodeIgniter\View\{closure}()
#3 C:\xampp\htdocs\RamirezAlfredo-P1\system\Common.php(1089): CodeIgniter\View\View->render('productos/mostr...', Array, true)
#4 C:\xampp\htdocs\RamirezAlfredo-P1\app\Controllers\Home.php(22): view('productos/mostr...', Array)
#5 C:\xampp\htdocs\RamirezAlfredo-P1\system\CodeIgniter.php(832): App\Controllers\Home->index()
#6 C:\xampp\htdocs\RamirezAlfredo-P1\system\CodeIgniter.php(419): CodeIgniter\CodeIgniter->runController(Object(App\Controllers\Home))
#7 C:\xampp\htdocs\RamirezAlfredo-P1\system\CodeIgniter.php(326): CodeIgniter\CodeIgniter->handleRequest(NULL, Object(Config\Cache), false)
#8 C:\xampp\htdocs\RamirezAlfredo-P1\index.php(37): CodeIgniter\CodeIgniter->run()
#9 {main}
CRITICAL - 2022-07-11 18:03:50 --> Undefined variable: id_categoria
#0 C:\xampp\htdocs\RamirezAlfredo-P1\app\Views\productos\mostrar_productos.php(12): CodeIgniter\Debug\Exceptions->errorHandler(8, 'Undefined varia...', 'C:\\xampp\\htdocs...', 12, Array)
#1 C:\xampp\htdocs\RamirezAlfredo-P1\system\View\View.php(210): include('C:\\xampp\\htdocs...')
#2 C:\xampp\htdocs\RamirezAlfredo-P1\system\View\View.php(213): CodeIgniter\View\View->CodeIgniter\View\{closure}()
#3 C:\xampp\htdocs\RamirezAlfredo-P1\system\Common.php(1089): CodeIgniter\View\View->render('productos/mostr...', Array, true)
#4 C:\xampp\htdocs\RamirezAlfredo-P1\app\Controllers\Home.php(22): view('productos/mostr...', Array)
#5 C:\xampp\htdocs\RamirezAlfredo-P1\system\CodeIgniter.php(832): App\Controllers\Home->index()
#6 C:\xampp\htdocs\RamirezAlfredo-P1\system\CodeIgniter.php(419): CodeIgniter\CodeIgniter->runController(Object(App\Controllers\Home))
#7 C:\xampp\htdocs\RamirezAlfredo-P1\system\CodeIgniter.php(326): CodeIgniter\CodeIgniter->handleRequest(NULL, Object(Config\Cache), false)
#8 C:\xampp\htdocs\RamirezAlfredo-P1\index.php(37): CodeIgniter\CodeIgniter->run()
#9 {main}
CRITICAL - 2022-07-11 18:08:43 --> Undefined variable: id_categoria
#0 C:\xampp\htdocs\RamirezAlfredo-P1\app\Views\productos\mostrar_productos.php(12): CodeIgniter\Debug\Exceptions->errorHandler(8, 'Undefined varia...', 'C:\\xampp\\htdocs...', 12, Array)
#1 C:\xampp\htdocs\RamirezAlfredo-P1\system\View\View.php(210): include('C:\\xampp\\htdocs...')
#2 C:\xampp\htdocs\RamirezAlfredo-P1\system\View\View.php(213): CodeIgniter\View\View->CodeIgniter\View\{closure}()
#3 C:\xampp\htdocs\RamirezAlfredo-P1\system\Common.php(1089): CodeIgniter\View\View->render('productos/mostr...', Array, true)
#4 C:\xampp\htdocs\RamirezAlfredo-P1\app\Controllers\Home.php(22): view('productos/mostr...', Array)
#5 C:\xampp\htdocs\RamirezAlfredo-P1\system\CodeIgniter.php(832): App\Controllers\Home->index()
#6 C:\xampp\htdocs\RamirezAlfredo-P1\system\CodeIgniter.php(419): CodeIgniter\CodeIgniter->runController(Object(App\Controllers\Home))
#7 C:\xampp\htdocs\RamirezAlfredo-P1\system\CodeIgniter.php(326): CodeIgniter\CodeIgniter->handleRequest(NULL, Object(Config\Cache), false)
#8 C:\xampp\htdocs\RamirezAlfredo-P1\index.php(37): CodeIgniter\CodeIgniter->run()
#9 {main}
CRITICAL - 2022-07-11 18:08:45 --> Undefined variable: id_categoria
#0 C:\xampp\htdocs\RamirezAlfredo-P1\app\Views\productos\mostrar_productos.php(12): CodeIgniter\Debug\Exceptions->errorHandler(8, 'Undefined varia...', 'C:\\xampp\\htdocs...', 12, Array)
#1 C:\xampp\htdocs\RamirezAlfredo-P1\system\View\View.php(210): include('C:\\xampp\\htdocs...')
#2 C:\xampp\htdocs\RamirezAlfredo-P1\system\View\View.php(213): CodeIgniter\View\View->CodeIgniter\View\{closure}()
#3 C:\xampp\htdocs\RamirezAlfredo-P1\system\Common.php(1089): CodeIgniter\View\View->render('productos/mostr...', Array, true)
#4 C:\xampp\htdocs\RamirezAlfredo-P1\app\Controllers\Home.php(22): view('productos/mostr...', Array)
#5 C:\xampp\htdocs\RamirezAlfredo-P1\system\CodeIgniter.php(832): App\Controllers\Home->index()
#6 C:\xampp\htdocs\RamirezAlfredo-P1\system\CodeIgniter.php(419): CodeIgniter\CodeIgniter->runController(Object(App\Controllers\Home))
#7 C:\xampp\htdocs\RamirezAlfredo-P1\system\CodeIgniter.php(326): CodeIgniter\CodeIgniter->handleRequest(NULL, Object(Config\Cache), false)
#8 C:\xampp\htdocs\RamirezAlfredo-P1\index.php(37): CodeIgniter\CodeIgniter->run()
#9 {main}
CRITICAL - 2022-07-11 18:08:50 --> Undefined variable: id_categoria
#0 C:\xampp\htdocs\RamirezAlfredo-P1\app\Views\productos\mostrar_productos.php(12): CodeIgniter\Debug\Exceptions->errorHandler(8, 'Undefined varia...', 'C:\\xampp\\htdocs...', 12, Array)
#1 C:\xampp\htdocs\RamirezAlfredo-P1\system\View\View.php(210): include('C:\\xampp\\htdocs...')
#2 C:\xampp\htdocs\RamirezAlfredo-P1\system\View\View.php(213): CodeIgniter\View\View->CodeIgniter\View\{closure}()
#3 C:\xampp\htdocs\RamirezAlfredo-P1\system\Common.php(1089): CodeIgniter\View\View->render('productos/mostr...', Array, true)
#4 C:\xampp\htdocs\RamirezAlfredo-P1\app\Controllers\Home.php(22): view('productos/mostr...', Array)
#5 C:\xampp\htdocs\RamirezAlfredo-P1\system\CodeIgniter.php(832): App\Controllers\Home->index()
#6 C:\xampp\htdocs\RamirezAlfredo-P1\system\CodeIgniter.php(419): CodeIgniter\CodeIgniter->runController(Object(App\Controllers\Home))
#7 C:\xampp\htdocs\RamirezAlfredo-P1\system\CodeIgniter.php(326): CodeIgniter\CodeIgniter->handleRequest(NULL, Object(Config\Cache), false)
#8 C:\xampp\htdocs\RamirezAlfredo-P1\index.php(37): CodeIgniter\CodeIgniter->run()
#9 {main}
CRITICAL - 2022-07-11 18:09:45 --> Undefined variable: id_categoria
#0 C:\xampp\htdocs\RamirezAlfredo-P1\app\Views\productos\mostrar_productos.php(13): CodeIgniter\Debug\Exceptions->errorHandler(8, 'Undefined varia...', 'C:\\xampp\\htdocs...', 13, Array)
#1 C:\xampp\htdocs\RamirezAlfredo-P1\system\View\View.php(210): include('C:\\xampp\\htdocs...')
#2 C:\xampp\htdocs\RamirezAlfredo-P1\system\View\View.php(213): CodeIgniter\View\View->CodeIgniter\View\{closure}()
#3 C:\xampp\htdocs\RamirezAlfredo-P1\system\Common.php(1089): CodeIgniter\View\View->render('productos/mostr...', Array, true)
#4 C:\xampp\htdocs\RamirezAlfredo-P1\app\Controllers\Home.php(22): view('productos/mostr...', Array)
#5 C:\xampp\htdocs\RamirezAlfredo-P1\system\CodeIgniter.php(832): App\Controllers\Home->index()
#6 C:\xampp\htdocs\RamirezAlfredo-P1\system\CodeIgniter.php(419): CodeIgniter\CodeIgniter->runController(Object(App\Controllers\Home))
#7 C:\xampp\htdocs\RamirezAlfredo-P1\system\CodeIgniter.php(326): CodeIgniter\CodeIgniter->handleRequest(NULL, Object(Config\Cache), false)
#8 C:\xampp\htdocs\RamirezAlfredo-P1\index.php(37): CodeIgniter\CodeIgniter->run()
#9 {main}
CRITICAL - 2022-07-11 18:09:48 --> Undefined variable: id_categoria
#0 C:\xampp\htdocs\RamirezAlfredo-P1\app\Views\productos\mostrar_productos.php(13): CodeIgniter\Debug\Exceptions->errorHandler(8, 'Undefined varia...', 'C:\\xampp\\htdocs...', 13, Array)
#1 C:\xampp\htdocs\RamirezAlfredo-P1\system\View\View.php(210): include('C:\\xampp\\htdocs...')
#2 C:\xampp\htdocs\RamirezAlfredo-P1\system\View\View.php(213): CodeIgniter\View\View->CodeIgniter\View\{closure}()
#3 C:\xampp\htdocs\RamirezAlfredo-P1\system\Common.php(1089): CodeIgniter\View\View->render('productos/mostr...', Array, true)
#4 C:\xampp\htdocs\RamirezAlfredo-P1\app\Controllers\Home.php(22): view('productos/mostr...', Array)
#5 C:\xampp\htdocs\RamirezAlfredo-P1\system\CodeIgniter.php(832): App\Controllers\Home->index()
#6 C:\xampp\htdocs\RamirezAlfredo-P1\system\CodeIgniter.php(419): CodeIgniter\CodeIgniter->runController(Object(App\Controllers\Home))
#7 C:\xampp\htdocs\RamirezAlfredo-P1\system\CodeIgniter.php(326): CodeIgniter\CodeIgniter->handleRequest(NULL, Object(Config\Cache), false)
#8 C:\xampp\htdocs\RamirezAlfredo-P1\index.php(37): CodeIgniter\CodeIgniter->run()
#9 {main}
CRITICAL - 2022-07-11 18:10:38 --> Undefined variable: id_categoria
#0 C:\xampp\htdocs\RamirezAlfredo-P1\app\Views\productos\mostrar_productos.php(14): CodeIgniter\Debug\Exceptions->errorHandler(8, 'Undefined varia...', 'C:\\xampp\\htdocs...', 14, Array)
#1 C:\xampp\htdocs\RamirezAlfredo-P1\system\View\View.php(210): include('C:\\xampp\\htdocs...')
#2 C:\xampp\htdocs\RamirezAlfredo-P1\system\View\View.php(213): CodeIgniter\View\View->CodeIgniter\View\{closure}()
#3 C:\xampp\htdocs\RamirezAlfredo-P1\system\Common.php(1089): CodeIgniter\View\View->render('productos/mostr...', Array, true)
#4 C:\xampp\htdocs\RamirezAlfredo-P1\app\Controllers\Home.php(22): view('productos/mostr...', Array)
#5 C:\xampp\htdocs\RamirezAlfredo-P1\system\CodeIgniter.php(832): App\Controllers\Home->index()
#6 C:\xampp\htdocs\RamirezAlfredo-P1\system\CodeIgniter.php(419): CodeIgniter\CodeIgniter->runController(Object(App\Controllers\Home))
#7 C:\xampp\htdocs\RamirezAlfredo-P1\system\CodeIgniter.php(326): CodeIgniter\CodeIgniter->handleRequest(NULL, Object(Config\Cache), false)
#8 C:\xampp\htdocs\RamirezAlfredo-P1\index.php(37): CodeIgniter\CodeIgniter->run()
#9 {main}
CRITICAL - 2022-07-11 18:10:43 --> Undefined variable: id_categoria
#0 C:\xampp\htdocs\RamirezAlfredo-P1\app\Views\productos\mostrar_productos.php(14): CodeIgniter\Debug\Exceptions->errorHandler(8, 'Undefined varia...', 'C:\\xampp\\htdocs...', 14, Array)
#1 C:\xampp\htdocs\RamirezAlfredo-P1\system\View\View.php(210): include('C:\\xampp\\htdocs...')
#2 C:\xampp\htdocs\RamirezAlfredo-P1\system\View\View.php(213): CodeIgniter\View\View->CodeIgniter\View\{closure}()
#3 C:\xampp\htdocs\RamirezAlfredo-P1\system\Common.php(1089): CodeIgniter\View\View->render('productos/mostr...', Array, true)
#4 C:\xampp\htdocs\RamirezAlfredo-P1\app\Controllers\Home.php(22): view('productos/mostr...', Array)
#5 C:\xampp\htdocs\RamirezAlfredo-P1\system\CodeIgniter.php(832): App\Controllers\Home->index()
#6 C:\xampp\htdocs\RamirezAlfredo-P1\system\CodeIgniter.php(419): CodeIgniter\CodeIgniter->runController(Object(App\Controllers\Home))
#7 C:\xampp\htdocs\RamirezAlfredo-P1\system\CodeIgniter.php(326): CodeIgniter\CodeIgniter->handleRequest(NULL, Object(Config\Cache), false)
#8 C:\xampp\htdocs\RamirezAlfredo-P1\index.php(37): CodeIgniter\CodeIgniter->run()
#9 {main}
CRITICAL - 2022-07-11 18:13:27 --> Undefined variable: categoria
#0 C:\xampp\htdocs\RamirezAlfredo-P1\app\Views\productos\mostrar_productos.php(11): CodeIgniter\Debug\Exceptions->errorHandler(8, 'Undefined varia...', 'C:\\xampp\\htdocs...', 11, Array)
#1 C:\xampp\htdocs\RamirezAlfredo-P1\system\View\View.php(210): include('C:\\xampp\\htdocs...')
#2 C:\xampp\htdocs\RamirezAlfredo-P1\system\View\View.php(213): CodeIgniter\View\View->CodeIgniter\View\{closure}()
#3 C:\xampp\htdocs\RamirezAlfredo-P1\system\Common.php(1089): CodeIgniter\View\View->render('productos/mostr...', Array, true)
#4 C:\xampp\htdocs\RamirezAlfredo-P1\app\Controllers\Home.php(22): view('productos/mostr...', Array)
#5 C:\xampp\htdocs\RamirezAlfredo-P1\system\CodeIgniter.php(832): App\Controllers\Home->index()
#6 C:\xampp\htdocs\RamirezAlfredo-P1\system\CodeIgniter.php(419): CodeIgniter\CodeIgniter->runController(Object(App\Controllers\Home))
#7 C:\xampp\htdocs\RamirezAlfredo-P1\system\CodeIgniter.php(326): CodeIgniter\CodeIgniter->handleRequest(NULL, Object(Config\Cache), false)
#8 C:\xampp\htdocs\RamirezAlfredo-P1\index.php(37): CodeIgniter\CodeIgniter->run()
#9 {main}
CRITICAL - 2022-07-11 18:13:30 --> Undefined variable: categoria
#0 C:\xampp\htdocs\RamirezAlfredo-P1\app\Views\productos\mostrar_productos.php(11): CodeIgniter\Debug\Exceptions->errorHandler(8, 'Undefined varia...', 'C:\\xampp\\htdocs...', 11, Array)
#1 C:\xampp\htdocs\RamirezAlfredo-P1\system\View\View.php(210): include('C:\\xampp\\htdocs...')
#2 C:\xampp\htdocs\RamirezAlfredo-P1\system\View\View.php(213): CodeIgniter\View\View->CodeIgniter\View\{closure}()
#3 C:\xampp\htdocs\RamirezAlfredo-P1\system\Common.php(1089): CodeIgniter\View\View->render('productos/mostr...', Array, true)
#4 C:\xampp\htdocs\RamirezAlfredo-P1\app\Controllers\Home.php(22): view('productos/mostr...', Array)
#5 C:\xampp\htdocs\RamirezAlfredo-P1\system\CodeIgniter.php(832): App\Controllers\Home->index()
#6 C:\xampp\htdocs\RamirezAlfredo-P1\system\CodeIgniter.php(419): CodeIgniter\CodeIgniter->runController(Object(App\Controllers\Home))
#7 C:\xampp\htdocs\RamirezAlfredo-P1\system\CodeIgniter.php(326): CodeIgniter\CodeIgniter->handleRequest(NULL, Object(Config\Cache), false)
#8 C:\xampp\htdocs\RamirezAlfredo-P1\index.php(37): CodeIgniter\CodeIgniter->run()
#9 {main}
CRITICAL - 2022-07-11 18:14:33 --> Undefined variable: categoria
#0 C:\xampp\htdocs\RamirezAlfredo-P1\app\Views\productos\mostrar_productos.php(11): CodeIgniter\Debug\Exceptions->errorHandler(8, 'Undefined varia...', 'C:\\xampp\\htdocs...', 11, Array)
#1 C:\xampp\htdocs\RamirezAlfredo-P1\system\View\View.php(210): include('C:\\xampp\\htdocs...')
#2 C:\xampp\htdocs\RamirezAlfredo-P1\system\View\View.php(213): CodeIgniter\View\View->CodeIgniter\View\{closure}()
#3 C:\xampp\htdocs\RamirezAlfredo-P1\system\Common.php(1089): CodeIgniter\View\View->render('productos/mostr...', Array, true)
#4 C:\xampp\htdocs\RamirezAlfredo-P1\app\Controllers\Home.php(22): view('productos/mostr...', Array)
#5 C:\xampp\htdocs\RamirezAlfredo-P1\system\CodeIgniter.php(832): App\Controllers\Home->index()
#6 C:\xampp\htdocs\RamirezAlfredo-P1\system\CodeIgniter.php(419): CodeIgniter\CodeIgniter->runController(Object(App\Controllers\Home))
#7 C:\xampp\htdocs\RamirezAlfredo-P1\system\CodeIgniter.php(326): CodeIgniter\CodeIgniter->handleRequest(NULL, Object(Config\Cache), false)
#8 C:\xampp\htdocs\RamirezAlfredo-P1\index.php(37): CodeIgniter\CodeIgniter->run()
#9 {main}
CRITICAL - 2022-07-11 18:14:34 --> Undefined variable: categoria
#0 C:\xampp\htdocs\RamirezAlfredo-P1\app\Views\productos\mostrar_productos.php(11): CodeIgniter\Debug\Exceptions->errorHandler(8, 'Undefined varia...', 'C:\\xampp\\htdocs...', 11, Array)
#1 C:\xampp\htdocs\RamirezAlfredo-P1\system\View\View.php(210): include('C:\\xampp\\htdocs...')
#2 C:\xampp\htdocs\RamirezAlfredo-P1\system\View\View.php(213): CodeIgniter\View\View->CodeIgniter\View\{closure}()
#3 C:\xampp\htdocs\RamirezAlfredo-P1\system\Common.php(1089): CodeIgniter\View\View->render('productos/mostr...', Array, true)
#4 C:\xampp\htdocs\RamirezAlfredo-P1\app\Controllers\Home.php(22): view('productos/mostr...', Array)
#5 C:\xampp\htdocs\RamirezAlfredo-P1\system\CodeIgniter.php(832): App\Controllers\Home->index()
#6 C:\xampp\htdocs\RamirezAlfredo-P1\system\CodeIgniter.php(419): CodeIgniter\CodeIgniter->runController(Object(App\Controllers\Home))
#7 C:\xampp\htdocs\RamirezAlfredo-P1\system\CodeIgniter.php(326): CodeIgniter\CodeIgniter->handleRequest(NULL, Object(Config\Cache), false)
#8 C:\xampp\htdocs\RamirezAlfredo-P1\index.php(37): CodeIgniter\CodeIgniter->run()
#9 {main}
CRITICAL - 2022-07-11 18:15:09 --> Undefined index: id_categoria
#0 C:\xampp\htdocs\RamirezAlfredo-P1\app\Views\productos\mostrar_productos.php(4): CodeIgniter\Debug\Exceptions->errorHandler(8, 'Undefined index...', 'C:\\xampp\\htdocs...', 4, Array)
#1 C:\xampp\htdocs\RamirezAlfredo-P1\system\View\View.php(210): include('C:\\xampp\\htdocs...')
#2 C:\xampp\htdocs\RamirezAlfredo-P1\system\View\View.php(213): CodeIgniter\View\View->CodeIgniter\View\{closure}()
#3 C:\xampp\htdocs\RamirezAlfredo-P1\system\Common.php(1089): CodeIgniter\View\View->render('productos/mostr...', Array, true)
#4 C:\xampp\htdocs\RamirezAlfredo-P1\app\Controllers\Home.php(22): view('productos/mostr...', Array)
#5 C:\xampp\htdocs\RamirezAlfredo-P1\system\CodeIgniter.php(832): App\Controllers\Home->index()
#6 C:\xampp\htdocs\RamirezAlfredo-P1\system\CodeIgniter.php(419): CodeIgniter\CodeIgniter->runController(Object(App\Controllers\Home))
#7 C:\xampp\htdocs\RamirezAlfredo-P1\system\CodeIgniter.php(326): CodeIgniter\CodeIgniter->handleRequest(NULL, Object(Config\Cache), false)
#8 C:\xampp\htdocs\RamirezAlfredo-P1\index.php(37): CodeIgniter\CodeIgniter->run()
#9 {main}
CRITICAL - 2022-07-11 18:15:10 --> Undefined index: id_categoria
#0 C:\xampp\htdocs\RamirezAlfredo-P1\app\Views\productos\mostrar_productos.php(4): CodeIgniter\Debug\Exceptions->errorHandler(8, 'Undefined index...', 'C:\\xampp\\htdocs...', 4, Array)
#1 C:\xampp\htdocs\RamirezAlfredo-P1\system\View\View.php(210): include('C:\\xampp\\htdocs...')
#2 C:\xampp\htdocs\RamirezAlfredo-P1\system\View\View.php(213): CodeIgniter\View\View->CodeIgniter\View\{closure}()
#3 C:\xampp\htdocs\RamirezAlfredo-P1\system\Common.php(1089): CodeIgniter\View\View->render('productos/mostr...', Array, true)
#4 C:\xampp\htdocs\RamirezAlfredo-P1\app\Controllers\Home.php(22): view('productos/mostr...', Array)
#5 C:\xampp\htdocs\RamirezAlfredo-P1\system\CodeIgniter.php(832): App\Controllers\Home->index()
#6 C:\xampp\htdocs\RamirezAlfredo-P1\system\CodeIgniter.php(419): CodeIgniter\CodeIgniter->runController(Object(App\Controllers\Home))
#7 C:\xampp\htdocs\RamirezAlfredo-P1\system\CodeIgniter.php(326): CodeIgniter\CodeIgniter->handleRequest(NULL, Object(Config\Cache), false)
#8 C:\xampp\htdocs\RamirezAlfredo-P1\index.php(37): CodeIgniter\CodeIgniter->run()
#9 {main}
CRITICAL - 2022-07-11 18:15:37 --> Undefined variable: categoria
#0 C:\xampp\htdocs\RamirezAlfredo-P1\app\Views\productos\mostrar_productos.php(11): CodeIgniter\Debug\Exceptions->errorHandler(8, 'Undefined varia...', 'C:\\xampp\\htdocs...', 11, Array)
#1 C:\xampp\htdocs\RamirezAlfredo-P1\system\View\View.php(210): include('C:\\xampp\\htdocs...')
#2 C:\xampp\htdocs\RamirezAlfredo-P1\system\View\View.php(213): CodeIgniter\View\View->CodeIgniter\View\{closure}()
#3 C:\xampp\htdocs\RamirezAlfredo-P1\system\Common.php(1089): CodeIgniter\View\View->render('productos/mostr...', Array, true)
#4 C:\xampp\htdocs\RamirezAlfredo-P1\app\Controllers\Home.php(22): view('productos/mostr...', Array)
#5 C:\xampp\htdocs\RamirezAlfredo-P1\system\CodeIgniter.php(832): App\Controllers\Home->index()
#6 C:\xampp\htdocs\RamirezAlfredo-P1\system\CodeIgniter.php(419): CodeIgniter\CodeIgniter->runController(Object(App\Controllers\Home))
#7 C:\xampp\htdocs\RamirezAlfredo-P1\system\CodeIgniter.php(326): CodeIgniter\CodeIgniter->handleRequest(NULL, Object(Config\Cache), false)
#8 C:\xampp\htdocs\RamirezAlfredo-P1\index.php(37): CodeIgniter\CodeIgniter->run()
#9 {main}
CRITICAL - 2022-07-11 18:15:51 --> Undefined variable: categoria
#0 C:\xampp\htdocs\RamirezAlfredo-P1\app\Views\productos\mostrar_productos.php(11): CodeIgniter\Debug\Exceptions->errorHandler(8, 'Undefined varia...', 'C:\\xampp\\htdocs...', 11, Array)
#1 C:\xampp\htdocs\RamirezAlfredo-P1\system\View\View.php(210): include('C:\\xampp\\htdocs...')
#2 C:\xampp\htdocs\RamirezAlfredo-P1\system\View\View.php(213): CodeIgniter\View\View->CodeIgniter\View\{closure}()
#3 C:\xampp\htdocs\RamirezAlfredo-P1\system\Common.php(1089): CodeIgniter\View\View->render('productos/mostr...', Array, true)
#4 C:\xampp\htdocs\RamirezAlfredo-P1\app\Controllers\Home.php(22): view('productos/mostr...', Array)
#5 C:\xampp\htdocs\RamirezAlfredo-P1\system\CodeIgniter.php(832): App\Controllers\Home->index()
#6 C:\xampp\htdocs\RamirezAlfredo-P1\system\CodeIgniter.php(419): CodeIgniter\CodeIgniter->runController(Object(App\Controllers\Home))
#7 C:\xampp\htdocs\RamirezAlfredo-P1\system\CodeIgniter.php(326): CodeIgniter\CodeIgniter->handleRequest(NULL, Object(Config\Cache), false)
#8 C:\xampp\htdocs\RamirezAlfredo-P1\index.php(37): CodeIgniter\CodeIgniter->run()
#9 {main}
CRITICAL - 2022-07-11 18:18:43 --> Function name must be a string
#0 C:\xampp\htdocs\RamirezAlfredo-P1\system\View\View.php(210): include()
#1 C:\xampp\htdocs\RamirezAlfredo-P1\system\View\View.php(213): CodeIgniter\View\View->CodeIgniter\View\{closure}()
#2 C:\xampp\htdocs\RamirezAlfredo-P1\system\Common.php(1089): CodeIgniter\View\View->render('productos/mostr...', Array, true)
#3 C:\xampp\htdocs\RamirezAlfredo-P1\app\Controllers\ProductoController.php(41): view('productos/mostr...', Array)
#4 C:\xampp\htdocs\RamirezAlfredo-P1\system\CodeIgniter.php(832): App\Controllers\ProductoController->mostrar_todos()
#5 C:\xampp\htdocs\RamirezAlfredo-P1\system\CodeIgniter.php(419): CodeIgniter\CodeIgniter->runController(Object(App\Controllers\ProductoController))
#6 C:\xampp\htdocs\RamirezAlfredo-P1\system\CodeIgniter.php(326): CodeIgniter\CodeIgniter->handleRequest(NULL, Object(Config\Cache), false)
#7 C:\xampp\htdocs\RamirezAlfredo-P1\index.php(37): CodeIgniter\CodeIgniter->run()
#8 {main}
CRITICAL - 2022-07-11 18:43:18 --> The original file is not a valid file.
#0 C:\xampp\htdocs\RamirezAlfredo-P1\system\HTTP\Files\UploadedFile.php(137): CodeIgniter\HTTP\Exceptions\HTTPException::forInvalidFile()
#1 C:\xampp\htdocs\RamirezAlfredo-P1\app\Controllers\ProductoController.php(70): CodeIgniter\HTTP\Files\UploadedFile->move('uploads/', '1657582998_4211...')
#2 C:\xampp\htdocs\RamirezAlfredo-P1\system\CodeIgniter.php(832): App\Controllers\ProductoController->store()
#3 C:\xampp\htdocs\RamirezAlfredo-P1\system\CodeIgniter.php(419): CodeIgniter\CodeIgniter->runController(Object(App\Controllers\ProductoController))
#4 C:\xampp\htdocs\RamirezAlfredo-P1\system\CodeIgniter.php(326): CodeIgniter\CodeIgniter->handleRequest(NULL, Object(Config\Cache), false)
#5 C:\xampp\htdocs\RamirezAlfredo-P1\index.php(37): CodeIgniter\CodeIgniter->run()
#6 {main}
CRITICAL - 2022-07-11 18:44:12 --> The original file is not a valid file.
#0 C:\xampp\htdocs\RamirezAlfredo-P1\system\HTTP\Files\UploadedFile.php(137): CodeIgniter\HTTP\Exceptions\HTTPException::forInvalidFile()
#1 C:\xampp\htdocs\RamirezAlfredo-P1\app\Controllers\ProductoController.php(70): CodeIgniter\HTTP\Files\UploadedFile->move('uploads/', '1657583052_ef4e...')
#2 C:\xampp\htdocs\RamirezAlfredo-P1\system\CodeIgniter.php(832): App\Controllers\ProductoController->store()
#3 C:\xampp\htdocs\RamirezAlfredo-P1\system\CodeIgniter.php(419): CodeIgniter\CodeIgniter->runController(Object(App\Controllers\ProductoController))
#4 C:\xampp\htdocs\RamirezAlfredo-P1\system\CodeIgniter.php(326): CodeIgniter\CodeIgniter->handleRequest(NULL, Object(Config\Cache), false)
#5 C:\xampp\htdocs\RamirezAlfredo-P1\index.php(37): CodeIgniter\CodeIgniter->run()
#6 {main}
CRITICAL - 2022-07-11 19:07:47 --> Undefined variable: categoria
#0 C:\xampp\htdocs\RamirezAlfredo-P1\app\Views\productos\mostrar_productos.php(10): CodeIgniter\Debug\Exceptions->errorHandler(8, 'Undefined varia...', 'C:\\xampp\\htdocs...', 10, Array)
#1 C:\xampp\htdocs\RamirezAlfredo-P1\system\View\View.php(210): include('C:\\xampp\\htdocs...')
#2 C:\xampp\htdocs\RamirezAlfredo-P1\system\View\View.php(213): CodeIgniter\View\View->CodeIgniter\View\{closure}()
#3 C:\xampp\htdocs\RamirezAlfredo-P1\system\Common.php(1089): CodeIgniter\View\View->render('productos/mostr...', Array, true)
#4 C:\xampp\htdocs\RamirezAlfredo-P1\app\Controllers\ProductoController.php(41): view('productos/mostr...', Array)
#5 C:\xampp\htdocs\RamirezAlfredo-P1\system\CodeIgniter.php(832): App\Controllers\ProductoController->mostrar_todos()
#6 C:\xampp\htdocs\RamirezAlfredo-P1\system\CodeIgniter.php(419): CodeIgniter\CodeIgniter->runController(Object(App\Controllers\ProductoController))
#7 C:\xampp\htdocs\RamirezAlfredo-P1\system\CodeIgniter.php(326): CodeIgniter\CodeIgniter->handleRequest(NULL, Object(Config\Cache), false)
#8 C:\xampp\htdocs\RamirezAlfredo-P1\index.php(37): CodeIgniter\CodeIgniter->run()
#9 {main}
CRITICAL - 2022-07-11 19:43:19 --> Undefined variable: id_categoria
#0 C:\xampp\htdocs\RamirezAlfredo-P1\app\Views\productos\editar_categoria.php(4): CodeIgniter\Debug\Exceptions->errorHandler(8, 'Undefined varia...', 'C:\\xampp\\htdocs...', 4, Array)
#1 C:\xampp\htdocs\RamirezAlfredo-P1\system\View\View.php(210): include('C:\\xampp\\htdocs...')
#2 C:\xampp\htdocs\RamirezAlfredo-P1\system\View\View.php(213): CodeIgniter\View\View->CodeIgniter\View\{closure}()
#3 C:\xampp\htdocs\RamirezAlfredo-P1\system\Common.php(1089): CodeIgniter\View\View->render('productos/edita...', Array, true)
#4 C:\xampp\htdocs\RamirezAlfredo-P1\app\Controllers\CategoriaController.php(84): view('productos/edita...', Array)
#5 C:\xampp\htdocs\RamirezAlfredo-P1\system\CodeIgniter.php(832): App\Controllers\CategoriaController->single_categoria('8')
#6 C:\xampp\htdocs\RamirezAlfredo-P1\system\CodeIgniter.php(419): CodeIgniter\CodeIgniter->runController(Object(App\Controllers\CategoriaController))
#7 C:\xampp\htdocs\RamirezAlfredo-P1\system\CodeIgniter.php(326): CodeIgniter\CodeIgniter->handleRequest(NULL, Object(Config\Cache), false)
#8 C:\xampp\htdocs\RamirezAlfredo-P1\index.php(37): CodeIgniter\CodeIgniter->run()
#9 {main}
CRITICAL - 2022-07-11 19:47:22 --> Undefined variable: categorias
#0 C:\xampp\htdocs\RamirezAlfredo-P1\app\Views\usuario\menu.php(43): CodeIgniter\Debug\Exceptions->errorHandler(8, 'Undefined varia...', 'C:\\xampp\\htdocs...', 43, Array)
#1 C:\xampp\htdocs\RamirezAlfredo-P1\system\View\View.php(210): include('C:\\xampp\\htdocs...')
#2 C:\xampp\htdocs\RamirezAlfredo-P1\system\View\View.php(213): CodeIgniter\View\View->CodeIgniter\View\{closure}()
#3 C:\xampp\htdocs\RamirezAlfredo-P1\system\Common.php(1089): CodeIgniter\View\View->render('usuario/menu', Array, true)
#4 C:\xampp\htdocs\RamirezAlfredo-P1\app\Controllers\CarritoController.php(35): view('usuario/menu')
#5 C:\xampp\htdocs\RamirezAlfredo-P1\system\CodeIgniter.php(832): App\Controllers\CarritoController->index()
#6 C:\xampp\htdocs\RamirezAlfredo-P1\system\CodeIgniter.php(419): CodeIgniter\CodeIgniter->runController(Object(App\Controllers\CarritoController))
#7 C:\xampp\htdocs\RamirezAlfredo-P1\system\CodeIgniter.php(326): CodeIgniter\CodeIgniter->handleRequest(NULL, Object(Config\Cache), false)
#8 C:\xampp\htdocs\RamirezAlfredo-P1\index.php(37): CodeIgniter\CodeIgniter->run()
#9 {main}
CRITICAL - 2022-07-11 19:48:44 --> Undefined variable: categorias
#0 C:\xampp\htdocs\RamirezAlfredo-P1\app\Views\usuario\menu.php(43): CodeIgniter\Debug\Exceptions->errorHandler(8, 'Undefined varia...', 'C:\\xampp\\htdocs...', 43, Array)
#1 C:\xampp\htdocs\RamirezAlfredo-P1\system\View\View.php(210): include('C:\\xampp\\htdocs...')
#2 C:\xampp\htdocs\RamirezAlfredo-P1\system\View\View.php(213): CodeIgniter\View\View->CodeIgniter\View\{closure}()
#3 C:\xampp\htdocs\RamirezAlfredo-P1\system\Common.php(1089): CodeIgniter\View\View->render('usuario/menu', Array, true)
#4 C:\xampp\htdocs\RamirezAlfredo-P1\app\Controllers\CarritoController.php(107): view('usuario/menu')
#5 C:\xampp\htdocs\RamirezAlfredo-P1\system\CodeIgniter.php(832): App\Controllers\CarritoController->finalizar_compra()
#6 C:\xampp\htdocs\RamirezAlfredo-P1\system\CodeIgniter.php(419): CodeIgniter\CodeIgniter->runController(Object(App\Controllers\CarritoController))
#7 C:\xampp\htdocs\RamirezAlfredo-P1\system\CodeIgniter.php(326): CodeIgniter\CodeIgniter->handleRequest(NULL, Object(Config\Cache), false)
#8 C:\xampp\htdocs\RamirezAlfredo-P1\index.php(37): CodeIgniter\CodeIgniter->run()
#9 {main}
CRITICAL - 2022-07-11 19:50:04 --> Undefined variable: categorias
#0 C:\xampp\htdocs\RamirezAlfredo-P1\app\Views\usuario\menu.php(43): CodeIgniter\Debug\Exceptions->errorHandler(8, 'Undefined varia...', 'C:\\xampp\\htdocs...', 43, Array)
#1 C:\xampp\htdocs\RamirezAlfredo-P1\system\View\View.php(210): include('C:\\xampp\\htdocs...')
#2 C:\xampp\htdocs\RamirezAlfredo-P1\system\View\View.php(213): CodeIgniter\View\View->CodeIgniter\View\{closure}()
#3 C:\xampp\htdocs\RamirezAlfredo-P1\system\Common.php(1089): CodeIgniter\View\View->render('usuario/menu', Array, true)
#4 C:\xampp\htdocs\RamirezAlfredo-P1\app\Controllers\CarritoController.php(109): view('usuario/menu')
#5 C:\xampp\htdocs\RamirezAlfredo-P1\system\CodeIgniter.php(832): App\Controllers\CarritoController->finalizar_compra()
#6 C:\xampp\htdocs\RamirezAlfredo-P1\system\CodeIgniter.php(419): CodeIgniter\CodeIgniter->runController(Object(App\Controllers\CarritoController))
#7 C:\xampp\htdocs\RamirezAlfredo-P1\system\CodeIgniter.php(326): CodeIgniter\CodeIgniter->handleRequest(NULL, Object(Config\Cache), false)
#8 C:\xampp\htdocs\RamirezAlfredo-P1\index.php(37): CodeIgniter\CodeIgniter->run()
#9 {main}
