CRITICAL - 2022-07-25 09:49:22 --> Invalid file: usuario/dashboard.php
#0 C:\xampp\htdocs\tienda\system\View\View.php(198): CodeIgniter\Exceptions\FrameworkException::forInvalidFile('usuario/dashboa...')
#1 C:\xampp\htdocs\tienda\system\Common.php(1089): CodeIgniter\View\View->render('usuario/dashboa...', Array, true)
#2 C:\xampp\htdocs\tienda\app\Controllers\Dashboard.php(21): view('usuario/dashboa...', Array)
#3 C:\xampp\htdocs\tienda\system\CodeIgniter.php(832): App\Controllers\Dashboard->index()
#4 C:\xampp\htdocs\tienda\system\CodeIgniter.php(419): CodeIgniter\CodeIgniter->runController(Object(App\Controllers\Dashboard))
#5 C:\xampp\htdocs\tienda\system\CodeIgniter.php(326): CodeIgniter\CodeIgniter->handleRequest(NULL, Object(Config\Cache), false)
#6 C:\xampp\htdocs\tienda\index.php(37): CodeIgniter\CodeIgniter->run()
#7 {main}
CRITICAL - 2022-07-25 09:54:13 --> Call to a member function get() on bool
#0 C:\xampp\htdocs\tienda\system\CodeIgniter.php(832): App\Controllers\Home->index()
#1 C:\xampp\htdocs\tienda\system\CodeIgniter.php(419): CodeIgniter\CodeIgniter->runController(Object(App\Controllers\Home))
#2 C:\xampp\htdocs\tienda\system\CodeIgniter.php(326): CodeIgniter\CodeIgniter->handleRequest(NULL, Object(Config\Cache), false)
#3 C:\xampp\htdocs\tienda\index.php(37): CodeIgniter\CodeIgniter->run()
#4 {main}
CRITICAL - 2022-07-25 10:02:18 --> Undefined variable: categorias
#0 C:\xampp\htdocs\tienda\app\Views\usuario\menu.php(199): CodeIgniter\Debug\Exceptions->errorHandler(8, 'Undefined varia...', 'C:\\xampp\\htdocs...', 199, Array)
#1 C:\xampp\htdocs\tienda\system\View\View.php(210): include('C:\\xampp\\htdocs...')
#2 C:\xampp\htdocs\tienda\system\View\View.php(213): CodeIgniter\View\View->CodeIgniter\View\{closure}()
#3 C:\xampp\htdocs\tienda\system\Common.php(1089): CodeIgniter\View\View->render('usuario/menu', Array, true)
#4 C:\xampp\htdocs\tienda\app\Controllers\Dashboard.php(18): view('usuario/menu')
#5 C:\xampp\htdocs\tienda\system\CodeIgniter.php(832): App\Controllers\Dashboard->index()
#6 C:\xampp\htdocs\tienda\system\CodeIgniter.php(419): CodeIgniter\CodeIgniter->runController(Object(App\Controllers\Dashboard))
#7 C:\xampp\htdocs\tienda\system\CodeIgniter.php(326): CodeIgniter\CodeIgniter->handleRequest(NULL, Object(Config\Cache), false)
#8 C:\xampp\htdocs\tienda\index.php(37): CodeIgniter\CodeIgniter->run()
#9 {main}
CRITICAL - 2022-07-25 12:21:22 --> Argument 2 passed to view() must be of the type array, string given, called in C:\xampp\htdocs\tienda\app\Controllers\ProductoController.php on line 93
#0 C:\xampp\htdocs\tienda\app\Controllers\ProductoController.php(93): view('productos/editp...', '26')
#1 C:\xampp\htdocs\tienda\system\CodeIgniter.php(832): App\Controllers\ProductoController->singleProducto('26')
#2 C:\xampp\htdocs\tienda\system\CodeIgniter.php(419): CodeIgniter\CodeIgniter->runController(Object(App\Controllers\ProductoController))
#3 C:\xampp\htdocs\tienda\system\CodeIgniter.php(326): CodeIgniter\CodeIgniter->handleRequest(NULL, Object(Config\Cache), false)
#4 C:\xampp\htdocs\tienda\index.php(37): CodeIgniter\CodeIgniter->run()
#5 {main}
CRITICAL - 2022-07-25 12:21:58 --> Undefined variable: produc_obj
#0 C:\xampp\htdocs\tienda\app\Views\productos\editproducto.php(6): CodeIgniter\Debug\Exceptions->errorHandler(8, 'Undefined varia...', 'C:\\xampp\\htdocs...', 6, Array)
#1 C:\xampp\htdocs\tienda\system\View\View.php(210): include('C:\\xampp\\htdocs...')
#2 C:\xampp\htdocs\tienda\system\View\View.php(213): CodeIgniter\View\View->CodeIgniter\View\{closure}()
#3 C:\xampp\htdocs\tienda\system\Common.php(1089): CodeIgniter\View\View->render('productos/editp...', Array, true)
#4 C:\xampp\htdocs\tienda\app\Controllers\ProductoController.php(93): view('productos/editp...')
#5 C:\xampp\htdocs\tienda\system\CodeIgniter.php(832): App\Controllers\ProductoController->singleProducto('26')
#6 C:\xampp\htdocs\tienda\system\CodeIgniter.php(419): CodeIgniter\CodeIgniter->runController(Object(App\Controllers\ProductoController))
#7 C:\xampp\htdocs\tienda\system\CodeIgniter.php(326): CodeIgniter\CodeIgniter->handleRequest(NULL, Object(Config\Cache), false)
#8 C:\xampp\htdocs\tienda\index.php(37): CodeIgniter\CodeIgniter->run()
#9 {main}
