ERROR - 2022-06-30 12:10:08 --> Cannot add or update a child row: a foreign key constraint fails (`ramirezalfredo-p1`.`detalle_ventas`, CONSTRAINT `detalle_ventas_ibfk_2` FOREIGN KEY (`id_ventas`) REFERENCES `cabecera_ventas` (`id_ventas`))
ERROR - 2022-06-30 12:15:03 --> Cannot add or update a child row: a foreign key constraint fails (`ramirezalfredo-p1`.`detalle_ventas`, CONSTRAINT `detalle_ventas_ibfk_2` FOREIGN KEY (`id_ventas`) REFERENCES `cabecera_ventas` (`id_ventas`))
ERROR - 2022-06-30 12:19:30 --> Cannot add or update a child row: a foreign key constraint fails (`ramirezalfredo-p1`.`detalle_ventas`, CONSTRAINT `detalle_ventas_ibfk_2` FOREIGN KEY (`id_ventas`) REFERENCES `cabecera_ventas` (`id_ventas`))
ERROR - 2022-06-30 12:19:30 --> Cannot add or update a child row: a foreign key constraint fails (`ramirezalfredo-p1`.`detalle_ventas`, CONSTRAINT `detalle_ventas_ibfk_2` FOREIGN KEY (`id_ventas`) REFERENCES `cabecera_ventas` (`id_ventas`))
ERROR - 2022-06-30 12:47:48 --> Cannot add or update a child row: a foreign key constraint fails (`ramirezalfredo-p1`.`detalle_ventas`, CONSTRAINT `detalle_ventas_ibfk_2` FOREIGN KEY (`id_ventas`) REFERENCES `cabecera_ventas` (`id_ventas`))
ERROR - 2022-06-30 13:13:40 --> Cannot add or update a child row: a foreign key constraint fails (`ramirezalfredo-p1`.`detalle_ventas`, CONSTRAINT `detalle_ventas_ibfk_2` FOREIGN KEY (`id_ventas`) REFERENCES `cabecera_ventas` (`id_ventas`))
CRITICAL - 2022-06-30 13:55:05 --> Object of class stdClass could not be converted to string
#0 C:\xampp\htdocs\RamirezAlfredo-P1\system\View\View.php(210): include()
#1 C:\xampp\htdocs\RamirezAlfredo-P1\system\View\View.php(213): CodeIgniter\View\View->CodeIgniter\View\{closure}()
#2 C:\xampp\htdocs\RamirezAlfredo-P1\system\Common.php(1089): CodeIgniter\View\View->render('carrito/compra_...', Array, true)
#3 C:\xampp\htdocs\RamirezAlfredo-P1\app\Controllers\CarritoController.php(216): view('carrito/compra_...', Array)
#4 C:\xampp\htdocs\RamirezAlfredo-P1\app\Controllers\CarritoController.php(127): App\Controllers\CarritoController->comprar_carrito()
#5 C:\xampp\htdocs\RamirezAlfredo-P1\system\CodeIgniter.php(832): App\Controllers\CarritoController->verificar_compra()
#6 C:\xampp\htdocs\RamirezAlfredo-P1\system\CodeIgniter.php(419): CodeIgniter\CodeIgniter->runController(Object(App\Controllers\CarritoController))
#7 C:\xampp\htdocs\RamirezAlfredo-P1\system\CodeIgniter.php(326): CodeIgniter\CodeIgniter->handleRequest(NULL, Object(Config\Cache), false)
#8 C:\xampp\htdocs\RamirezAlfredo-P1\index.php(37): CodeIgniter\CodeIgniter->run()
#9 {main}
CRITICAL - 2022-06-30 13:55:56 --> Object of class stdClass could not be converted to string
#0 C:\xampp\htdocs\RamirezAlfredo-P1\system\View\View.php(210): include()
#1 C:\xampp\htdocs\RamirezAlfredo-P1\system\View\View.php(213): CodeIgniter\View\View->CodeIgniter\View\{closure}()
#2 C:\xampp\htdocs\RamirezAlfredo-P1\system\Common.php(1089): CodeIgniter\View\View->render('carrito/compra_...', Array, true)
#3 C:\xampp\htdocs\RamirezAlfredo-P1\app\Controllers\CarritoController.php(216): view('carrito/compra_...', Array)
#4 C:\xampp\htdocs\RamirezAlfredo-P1\app\Controllers\CarritoController.php(127): App\Controllers\CarritoController->comprar_carrito()
#5 C:\xampp\htdocs\RamirezAlfredo-P1\system\CodeIgniter.php(832): App\Controllers\CarritoController->verificar_compra()
#6 C:\xampp\htdocs\RamirezAlfredo-P1\system\CodeIgniter.php(419): CodeIgniter\CodeIgniter->runController(Object(App\Controllers\CarritoController))
#7 C:\xampp\htdocs\RamirezAlfredo-P1\system\CodeIgniter.php(326): CodeIgniter\CodeIgniter->handleRequest(NULL, Object(Config\Cache), false)
#8 C:\xampp\htdocs\RamirezAlfredo-P1\index.php(37): CodeIgniter\CodeIgniter->run()
#9 {main}
CRITICAL - 2022-06-30 14:06:02 --> syntax error, unexpected '}', expecting end of file
#0 C:\xampp\htdocs\RamirezAlfredo-P1\system\View\View.php(213): CodeIgniter\View\View->CodeIgniter\View\{closure}()
#1 C:\xampp\htdocs\RamirezAlfredo-P1\system\Common.php(1089): CodeIgniter\View\View->render('carrito/compra_...', Array, true)
#2 C:\xampp\htdocs\RamirezAlfredo-P1\app\Controllers\CarritoController.php(216): view('carrito/compra_...', Array)
#3 C:\xampp\htdocs\RamirezAlfredo-P1\app\Controllers\CarritoController.php(127): App\Controllers\CarritoController->comprar_carrito()
#4 C:\xampp\htdocs\RamirezAlfredo-P1\system\CodeIgniter.php(832): App\Controllers\CarritoController->verificar_compra()
#5 C:\xampp\htdocs\RamirezAlfredo-P1\system\CodeIgniter.php(419): CodeIgniter\CodeIgniter->runController(Object(App\Controllers\CarritoController))
#6 C:\xampp\htdocs\RamirezAlfredo-P1\system\CodeIgniter.php(326): CodeIgniter\CodeIgniter->handleRequest(NULL, Object(Config\Cache), false)
#7 C:\xampp\htdocs\RamirezAlfredo-P1\index.php(37): CodeIgniter\CodeIgniter->run()
#8 {main}
ERROR - 2022-06-30 14:12:48 --> Cannot add or update a child row: a foreign key constraint fails (`ramirezalfredo-p1`.`detalle_ventas`, CONSTRAINT `detalle_ventas_ibfk_2` FOREIGN KEY (`id_ventas`) REFERENCES `cabecera_ventas` (`id_ventas`))
CRITICAL - 2022-06-30 14:15:31 --> Undefined variable: productos
#0 C:\xampp\htdocs\RamirezAlfredo-P1\app\Views\carrito\compra_realizada.php(19): CodeIgniter\Debug\Exceptions->errorHandler(8, 'Undefined varia...', 'C:\\xampp\\htdocs...', 19, Array)
#1 C:\xampp\htdocs\RamirezAlfredo-P1\system\View\View.php(210): include('C:\\xampp\\htdocs...')
#2 C:\xampp\htdocs\RamirezAlfredo-P1\system\View\View.php(213): CodeIgniter\View\View->CodeIgniter\View\{closure}()
#3 C:\xampp\htdocs\RamirezAlfredo-P1\system\Common.php(1089): CodeIgniter\View\View->render('carrito/compra_...', Array, true)
#4 C:\xampp\htdocs\RamirezAlfredo-P1\app\Controllers\CarritoController.php(216): view('carrito/compra_...', Array)
#5 C:\xampp\htdocs\RamirezAlfredo-P1\app\Controllers\CarritoController.php(127): App\Controllers\CarritoController->comprar_carrito()
#6 C:\xampp\htdocs\RamirezAlfredo-P1\system\CodeIgniter.php(832): App\Controllers\CarritoController->verificar_compra()
#7 C:\xampp\htdocs\RamirezAlfredo-P1\system\CodeIgniter.php(419): CodeIgniter\CodeIgniter->runController(Object(App\Controllers\CarritoController))
#8 C:\xampp\htdocs\RamirezAlfredo-P1\system\CodeIgniter.php(326): CodeIgniter\CodeIgniter->handleRequest(NULL, Object(Config\Cache), false)
#9 C:\xampp\htdocs\RamirezAlfredo-P1\index.php(37): CodeIgniter\CodeIgniter->run()
#10 {main}
ERROR - 2022-06-30 14:16:36 --> Cannot add or update a child row: a foreign key constraint fails (`ramirezalfredo-p1`.`detalle_ventas`, CONSTRAINT `detalle_ventas_ibfk_2` FOREIGN KEY (`id_ventas`) REFERENCES `cabecera_ventas` (`id_ventas`))
CRITICAL - 2022-06-30 14:17:57 --> Undefined variable: productos
#0 C:\xampp\htdocs\RamirezAlfredo-P1\app\Views\carrito\compra_realizada.php(7): CodeIgniter\Debug\Exceptions->errorHandler(8, 'Undefined varia...', 'C:\\xampp\\htdocs...', 7, Array)
#1 C:\xampp\htdocs\RamirezAlfredo-P1\system\View\View.php(210): include('C:\\xampp\\htdocs...')
#2 C:\xampp\htdocs\RamirezAlfredo-P1\system\View\View.php(213): CodeIgniter\View\View->CodeIgniter\View\{closure}()
#3 C:\xampp\htdocs\RamirezAlfredo-P1\system\Common.php(1089): CodeIgniter\View\View->render('carrito/compra_...', Array, true)
#4 C:\xampp\htdocs\RamirezAlfredo-P1\app\Controllers\CarritoController.php(216): view('carrito/compra_...', Array)
#5 C:\xampp\htdocs\RamirezAlfredo-P1\app\Controllers\CarritoController.php(127): App\Controllers\CarritoController->comprar_carrito()
#6 C:\xampp\htdocs\RamirezAlfredo-P1\system\CodeIgniter.php(832): App\Controllers\CarritoController->verificar_compra()
#7 C:\xampp\htdocs\RamirezAlfredo-P1\system\CodeIgniter.php(419): CodeIgniter\CodeIgniter->runController(Object(App\Controllers\CarritoController))
#8 C:\xampp\htdocs\RamirezAlfredo-P1\system\CodeIgniter.php(326): CodeIgniter\CodeIgniter->handleRequest(NULL, Object(Config\Cache), false)
#9 C:\xampp\htdocs\RamirezAlfredo-P1\index.php(37): CodeIgniter\CodeIgniter->run()
#10 {main}
CRITICAL - 2022-06-30 14:18:31 --> Undefined variable: id
#0 C:\xampp\htdocs\RamirezAlfredo-P1\app\Views\carrito\compra_realizada.php(7): CodeIgniter\Debug\Exceptions->errorHandler(8, 'Undefined varia...', 'C:\\xampp\\htdocs...', 7, Array)
#1 C:\xampp\htdocs\RamirezAlfredo-P1\system\View\View.php(210): include('C:\\xampp\\htdocs...')
#2 C:\xampp\htdocs\RamirezAlfredo-P1\system\View\View.php(213): CodeIgniter\View\View->CodeIgniter\View\{closure}()
#3 C:\xampp\htdocs\RamirezAlfredo-P1\system\Common.php(1089): CodeIgniter\View\View->render('carrito/compra_...', Array, true)
#4 C:\xampp\htdocs\RamirezAlfredo-P1\app\Controllers\CarritoController.php(216): view('carrito/compra_...', Array)
#5 C:\xampp\htdocs\RamirezAlfredo-P1\app\Controllers\CarritoController.php(127): App\Controllers\CarritoController->comprar_carrito()
#6 C:\xampp\htdocs\RamirezAlfredo-P1\system\CodeIgniter.php(832): App\Controllers\CarritoController->verificar_compra()
#7 C:\xampp\htdocs\RamirezAlfredo-P1\system\CodeIgniter.php(419): CodeIgniter\CodeIgniter->runController(Object(App\Controllers\CarritoController))
#8 C:\xampp\htdocs\RamirezAlfredo-P1\system\CodeIgniter.php(326): CodeIgniter\CodeIgniter->handleRequest(NULL, Object(Config\Cache), false)
#9 C:\xampp\htdocs\RamirezAlfredo-P1\index.php(37): CodeIgniter\CodeIgniter->run()
#10 {main}
CRITICAL - 2022-06-30 14:18:49 --> Undefined variable: total
#0 C:\xampp\htdocs\RamirezAlfredo-P1\app\Views\carrito\compra_realizada.php(15): CodeIgniter\Debug\Exceptions->errorHandler(8, 'Undefined varia...', 'C:\\xampp\\htdocs...', 15, Array)
#1 C:\xampp\htdocs\RamirezAlfredo-P1\system\View\View.php(210): include('C:\\xampp\\htdocs...')
#2 C:\xampp\htdocs\RamirezAlfredo-P1\system\View\View.php(213): CodeIgniter\View\View->CodeIgniter\View\{closure}()
#3 C:\xampp\htdocs\RamirezAlfredo-P1\system\Common.php(1089): CodeIgniter\View\View->render('carrito/compra_...', Array, true)
#4 C:\xampp\htdocs\RamirezAlfredo-P1\app\Controllers\CarritoController.php(216): view('carrito/compra_...', Array)
#5 C:\xampp\htdocs\RamirezAlfredo-P1\app\Controllers\CarritoController.php(127): App\Controllers\CarritoController->comprar_carrito()
#6 C:\xampp\htdocs\RamirezAlfredo-P1\system\CodeIgniter.php(832): App\Controllers\CarritoController->verificar_compra()
#7 C:\xampp\htdocs\RamirezAlfredo-P1\system\CodeIgniter.php(419): CodeIgniter\CodeIgniter->runController(Object(App\Controllers\CarritoController))
#8 C:\xampp\htdocs\RamirezAlfredo-P1\system\CodeIgniter.php(326): CodeIgniter\CodeIgniter->handleRequest(NULL, Object(Config\Cache), false)
#9 C:\xampp\htdocs\RamirezAlfredo-P1\index.php(37): CodeIgniter\CodeIgniter->run()
#10 {main}
CRITICAL - 2022-06-30 14:19:12 --> Undefined variable: productos
#0 C:\xampp\htdocs\RamirezAlfredo-P1\app\Views\carrito\compra_realizada.php(6): CodeIgniter\Debug\Exceptions->errorHandler(8, 'Undefined varia...', 'C:\\xampp\\htdocs...', 6, Array)
#1 C:\xampp\htdocs\RamirezAlfredo-P1\system\View\View.php(210): include('C:\\xampp\\htdocs...')
#2 C:\xampp\htdocs\RamirezAlfredo-P1\system\View\View.php(213): CodeIgniter\View\View->CodeIgniter\View\{closure}()
#3 C:\xampp\htdocs\RamirezAlfredo-P1\system\Common.php(1089): CodeIgniter\View\View->render('carrito/compra_...', Array, true)
#4 C:\xampp\htdocs\RamirezAlfredo-P1\app\Controllers\CarritoController.php(216): view('carrito/compra_...', Array)
#5 C:\xampp\htdocs\RamirezAlfredo-P1\app\Controllers\CarritoController.php(127): App\Controllers\CarritoController->comprar_carrito()
#6 C:\xampp\htdocs\RamirezAlfredo-P1\system\CodeIgniter.php(832): App\Controllers\CarritoController->verificar_compra()
#7 C:\xampp\htdocs\RamirezAlfredo-P1\system\CodeIgniter.php(419): CodeIgniter\CodeIgniter->runController(Object(App\Controllers\CarritoController))
#8 C:\xampp\htdocs\RamirezAlfredo-P1\system\CodeIgniter.php(326): CodeIgniter\CodeIgniter->handleRequest(NULL, Object(Config\Cache), false)
#9 C:\xampp\htdocs\RamirezAlfredo-P1\index.php(37): CodeIgniter\CodeIgniter->run()
#10 {main}
CRITICAL - 2022-06-30 14:20:09 --> Undefined variable: productos
#0 C:\xampp\htdocs\RamirezAlfredo-P1\app\Views\carrito\compra_realizada.php(19): CodeIgniter\Debug\Exceptions->errorHandler(8, 'Undefined varia...', 'C:\\xampp\\htdocs...', 19, Array)
#1 C:\xampp\htdocs\RamirezAlfredo-P1\system\View\View.php(210): include('C:\\xampp\\htdocs...')
#2 C:\xampp\htdocs\RamirezAlfredo-P1\system\View\View.php(213): CodeIgniter\View\View->CodeIgniter\View\{closure}()
#3 C:\xampp\htdocs\RamirezAlfredo-P1\system\Common.php(1089): CodeIgniter\View\View->render('carrito/compra_...', Array, true)
#4 C:\xampp\htdocs\RamirezAlfredo-P1\app\Controllers\CarritoController.php(216): view('carrito/compra_...', Array)
#5 C:\xampp\htdocs\RamirezAlfredo-P1\app\Controllers\CarritoController.php(127): App\Controllers\CarritoController->comprar_carrito()
#6 C:\xampp\htdocs\RamirezAlfredo-P1\system\CodeIgniter.php(832): App\Controllers\CarritoController->verificar_compra()
#7 C:\xampp\htdocs\RamirezAlfredo-P1\system\CodeIgniter.php(419): CodeIgniter\CodeIgniter->runController(Object(App\Controllers\CarritoController))
#8 C:\xampp\htdocs\RamirezAlfredo-P1\system\CodeIgniter.php(326): CodeIgniter\CodeIgniter->handleRequest(NULL, Object(Config\Cache), false)
#9 C:\xampp\htdocs\RamirezAlfredo-P1\index.php(37): CodeIgniter\CodeIgniter->run()
#10 {main}
CRITICAL - 2022-06-30 14:28:46 --> number_format() expects parameter 1 to be float, string given
#0 [internal function]: CodeIgniter\Debug\Exceptions->errorHandler(2, 'number_format()...', 'C:\\xampp\\htdocs...', 20, Array)
#1 C:\xampp\htdocs\RamirezAlfredo-P1\app\Views\carrito\compra_realizada.php(20): number_format('$85000.00', 2)
#2 C:\xampp\htdocs\RamirezAlfredo-P1\system\View\View.php(210): include('C:\\xampp\\htdocs...')
#3 C:\xampp\htdocs\RamirezAlfredo-P1\system\View\View.php(213): CodeIgniter\View\View->CodeIgniter\View\{closure}()
#4 C:\xampp\htdocs\RamirezAlfredo-P1\system\Common.php(1089): CodeIgniter\View\View->render('carrito/compra_...', Array, true)
#5 C:\xampp\htdocs\RamirezAlfredo-P1\app\Controllers\CarritoController.php(216): view('carrito/compra_...', Array)
#6 C:\xampp\htdocs\RamirezAlfredo-P1\app\Controllers\CarritoController.php(127): App\Controllers\CarritoController->comprar_carrito()
#7 C:\xampp\htdocs\RamirezAlfredo-P1\system\CodeIgniter.php(832): App\Controllers\CarritoController->verificar_compra()
#8 C:\xampp\htdocs\RamirezAlfredo-P1\system\CodeIgniter.php(419): CodeIgniter\CodeIgniter->runController(Object(App\Controllers\CarritoController))
#9 C:\xampp\htdocs\RamirezAlfredo-P1\system\CodeIgniter.php(326): CodeIgniter\CodeIgniter->handleRequest(NULL, Object(Config\Cache), false)
#10 C:\xampp\htdocs\RamirezAlfredo-P1\index.php(37): CodeIgniter\CodeIgniter->run()
#11 {main}
ERROR - 2022-06-30 14:41:18 --> Cannot add or update a child row: a foreign key constraint fails (`ramirezalfredo-p1`.`detalle_ventas`, CONSTRAINT `detalle_ventas_ibfk_2` FOREIGN KEY (`id_ventas`) REFERENCES `cabecera_ventas` (`id_ventas`))
ERROR - 2022-06-30 14:51:10 --> Cannot add or update a child row: a foreign key constraint fails (`ramirezalfredo-p1`.`detalle_ventas`, CONSTRAINT `detalle_ventas_ibfk_2` FOREIGN KEY (`id_ventas`) REFERENCES `cabecera_ventas` (`id_ventas`))
