CRITICAL - 2022-08-04 15:11:45 --> Too few arguments to function App\Controllers\CarritoController::carrito_actualiza(), 0 passed in C:\xampp\htdocs\tienda\system\CodeIgniter.php on line 832 and exactly 2 expected
#0 C:\xampp\htdocs\tienda\system\CodeIgniter.php(832): App\Controllers\CarritoController->carrito_actualiza()
#1 C:\xampp\htdocs\tienda\system\CodeIgniter.php(419): CodeIgniter\CodeIgniter->runController(Object(App\Controllers\CarritoController))
#2 C:\xampp\htdocs\tienda\system\CodeIgniter.php(326): CodeIgniter\CodeIgniter->handleRequest(NULL, Object(Config\Cache), false)
#3 C:\xampp\htdocs\tienda\index.php(37): CodeIgniter\CodeIgniter->run()
#4 {main}
CRITICAL - 2022-08-04 15:24:39 --> Undefined property: App\Controllers\CarritoController::$input
#0 C:\xampp\htdocs\tienda\app\Controllers\CarritoController.php(103): CodeIgniter\Debug\Exceptions->errorHandler(8, 'Undefined prope...', 'C:\\xampp\\htdocs...', 103, Array)
#1 C:\xampp\htdocs\tienda\system\CodeIgniter.php(832): App\Controllers\CarritoController->carrito_actualiza()
#2 C:\xampp\htdocs\tienda\system\CodeIgniter.php(419): CodeIgniter\CodeIgniter->runController(Object(App\Controllers\CarritoController))
#3 C:\xampp\htdocs\tienda\system\CodeIgniter.php(326): CodeIgniter\CodeIgniter->handleRequest(NULL, Object(Config\Cache), false)
#4 C:\xampp\htdocs\tienda\index.php(37): CodeIgniter\CodeIgniter->run()
#5 {main}
CRITICAL - 2022-08-04 15:25:08 --> Undefined property: App\Controllers\CarritoController::$cart
#0 C:\xampp\htdocs\tienda\app\Controllers\CarritoController.php(103): CodeIgniter\Debug\Exceptions->errorHandler(8, 'Undefined prope...', 'C:\\xampp\\htdocs...', 103, Array)
#1 C:\xampp\htdocs\tienda\system\CodeIgniter.php(832): App\Controllers\CarritoController->carrito_actualiza()
#2 C:\xampp\htdocs\tienda\system\CodeIgniter.php(419): CodeIgniter\CodeIgniter->runController(Object(App\Controllers\CarritoController))
#3 C:\xampp\htdocs\tienda\system\CodeIgniter.php(326): CodeIgniter\CodeIgniter->handleRequest(NULL, Object(Config\Cache), false)
#4 C:\xampp\htdocs\tienda\index.php(37): CodeIgniter\CodeIgniter->run()
#5 {main}
