ERROR - 2022-07-30 10:09:13 --> Not unique table/alias: 'cabecera_ventas'
CRITICAL - 2022-07-30 10:09:13 --> Call to a member function getResult() on bool
#0 C:\xampp\htdocs\tienda\app\Controllers\CarritoController.php(157): App\Controllers\CarritoController->mostrar_detalles('')
#1 C:\xampp\htdocs\tienda\system\CodeIgniter.php(832): App\Controllers\CarritoController->muestra_detalle()
#2 C:\xampp\htdocs\tienda\system\CodeIgniter.php(419): CodeIgniter\CodeIgniter->runController(Object(App\Controllers\CarritoController))
#3 C:\xampp\htdocs\tienda\system\CodeIgniter.php(326): CodeIgniter\CodeIgniter->handleRequest(NULL, Object(Config\Cache), false)
#4 C:\xampp\htdocs\tienda\index.php(37): CodeIgniter\CodeIgniter->run()
#5 {main}
ERROR - 2022-07-30 10:09:46 --> Unknown column 'cabecera_ventas.id_producto' in 'on clause'
CRITICAL - 2022-07-30 10:09:46 --> Call to a member function getResult() on bool
#0 C:\xampp\htdocs\tienda\app\Controllers\CarritoController.php(156): App\Controllers\CarritoController->mostrar_detalles('')
#1 C:\xampp\htdocs\tienda\system\CodeIgniter.php(832): App\Controllers\CarritoController->muestra_detalle()
#2 C:\xampp\htdocs\tienda\system\CodeIgniter.php(419): CodeIgniter\CodeIgniter->runController(Object(App\Controllers\CarritoController))
#3 C:\xampp\htdocs\tienda\system\CodeIgniter.php(326): CodeIgniter\CodeIgniter->handleRequest(NULL, Object(Config\Cache), false)
#4 C:\xampp\htdocs\tienda\index.php(37): CodeIgniter\CodeIgniter->run()
#5 {main}
CRITICAL - 2022-07-30 10:10:00 --> Undefined property: stdClass::$id_detalle
#0 C:\xampp\htdocs\tienda\app\Views\carrito\compra_detalles.php(17): CodeIgniter\Debug\Exceptions->errorHandler(8, 'Undefined prope...', 'C:\\xampp\\htdocs...', 17, Array)
#1 C:\xampp\htdocs\tienda\system\View\View.php(210): include('C:\\xampp\\htdocs...')
#2 C:\xampp\htdocs\tienda\system\View\View.php(213): CodeIgniter\View\View->CodeIgniter\View\{closure}()
#3 C:\xampp\htdocs\tienda\system\Common.php(1089): CodeIgniter\View\View->render('carrito/compra_...', Array, true)
#4 C:\xampp\htdocs\tienda\app\Controllers\CarritoController.php(158): view('carrito/compra_...', Array)
#5 C:\xampp\htdocs\tienda\system\CodeIgniter.php(832): App\Controllers\CarritoController->muestra_detalle()
#6 C:\xampp\htdocs\tienda\system\CodeIgniter.php(419): CodeIgniter\CodeIgniter->runController(Object(App\Controllers\CarritoController))
#7 C:\xampp\htdocs\tienda\system\CodeIgniter.php(326): CodeIgniter\CodeIgniter->handleRequest(NULL, Object(Config\Cache), false)
#8 C:\xampp\htdocs\tienda\index.php(37): CodeIgniter\CodeIgniter->run()
#9 {main}
CRITICAL - 2022-07-30 10:11:04 --> Undefined property: stdClass::$id_detalle
#0 C:\xampp\htdocs\tienda\app\Views\carrito\compra_detalles.php(17): CodeIgniter\Debug\Exceptions->errorHandler(8, 'Undefined prope...', 'C:\\xampp\\htdocs...', 17, Array)
#1 C:\xampp\htdocs\tienda\system\View\View.php(210): include('C:\\xampp\\htdocs...')
#2 C:\xampp\htdocs\tienda\system\View\View.php(213): CodeIgniter\View\View->CodeIgniter\View\{closure}()
#3 C:\xampp\htdocs\tienda\system\Common.php(1089): CodeIgniter\View\View->render('carrito/compra_...', Array, true)
#4 C:\xampp\htdocs\tienda\app\Controllers\CarritoController.php(158): view('carrito/compra_...', Array)
#5 C:\xampp\htdocs\tienda\system\CodeIgniter.php(832): App\Controllers\CarritoController->muestra_detalle()
#6 C:\xampp\htdocs\tienda\system\CodeIgniter.php(419): CodeIgniter\CodeIgniter->runController(Object(App\Controllers\CarritoController))
#7 C:\xampp\htdocs\tienda\system\CodeIgniter.php(326): CodeIgniter\CodeIgniter->handleRequest(NULL, Object(Config\Cache), false)
#8 C:\xampp\htdocs\tienda\index.php(37): CodeIgniter\CodeIgniter->run()
#9 {main}
CRITICAL - 2022-07-30 10:12:02 --> Undefined property: stdClass::$id_producto
#0 C:\xampp\htdocs\tienda\app\Views\carrito\compra_detalles.php(17): CodeIgniter\Debug\Exceptions->errorHandler(8, 'Undefined prope...', 'C:\\xampp\\htdocs...', 17, Array)
#1 C:\xampp\htdocs\tienda\system\View\View.php(210): include('C:\\xampp\\htdocs...')
#2 C:\xampp\htdocs\tienda\system\View\View.php(213): CodeIgniter\View\View->CodeIgniter\View\{closure}()
#3 C:\xampp\htdocs\tienda\system\Common.php(1089): CodeIgniter\View\View->render('carrito/compra_...', Array, true)
#4 C:\xampp\htdocs\tienda\app\Controllers\CarritoController.php(158): view('carrito/compra_...', Array)
#5 C:\xampp\htdocs\tienda\system\CodeIgniter.php(832): App\Controllers\CarritoController->muestra_detalle()
#6 C:\xampp\htdocs\tienda\system\CodeIgniter.php(419): CodeIgniter\CodeIgniter->runController(Object(App\Controllers\CarritoController))
#7 C:\xampp\htdocs\tienda\system\CodeIgniter.php(326): CodeIgniter\CodeIgniter->handleRequest(NULL, Object(Config\Cache), false)
#8 C:\xampp\htdocs\tienda\index.php(37): CodeIgniter\CodeIgniter->run()
#9 {main}
CRITICAL - 2022-07-30 10:12:28 --> Undefined property: stdClass::$id_detalle
#0 C:\xampp\htdocs\tienda\app\Views\carrito\compra_detalles.php(17): CodeIgniter\Debug\Exceptions->errorHandler(8, 'Undefined prope...', 'C:\\xampp\\htdocs...', 17, Array)
#1 C:\xampp\htdocs\tienda\system\View\View.php(210): include('C:\\xampp\\htdocs...')
#2 C:\xampp\htdocs\tienda\system\View\View.php(213): CodeIgniter\View\View->CodeIgniter\View\{closure}()
#3 C:\xampp\htdocs\tienda\system\Common.php(1089): CodeIgniter\View\View->render('carrito/compra_...', Array, true)
#4 C:\xampp\htdocs\tienda\app\Controllers\CarritoController.php(158): view('carrito/compra_...', Array)
#5 C:\xampp\htdocs\tienda\system\CodeIgniter.php(832): App\Controllers\CarritoController->muestra_detalle()
#6 C:\xampp\htdocs\tienda\system\CodeIgniter.php(419): CodeIgniter\CodeIgniter->runController(Object(App\Controllers\CarritoController))
#7 C:\xampp\htdocs\tienda\system\CodeIgniter.php(326): CodeIgniter\CodeIgniter->handleRequest(NULL, Object(Config\Cache), false)
#8 C:\xampp\htdocs\tienda\index.php(37): CodeIgniter\CodeIgniter->run()
#9 {main}
CRITICAL - 2022-07-30 10:12:57 --> Trying to get property 'id_detalle' of non-object
#0 C:\xampp\htdocs\tienda\app\Views\carrito\compra_detalles.php(17): CodeIgniter\Debug\Exceptions->errorHandler(8, 'Trying to get p...', 'C:\\xampp\\htdocs...', 17, Array)
#1 C:\xampp\htdocs\tienda\system\View\View.php(210): include('C:\\xampp\\htdocs...')
#2 C:\xampp\htdocs\tienda\system\View\View.php(213): CodeIgniter\View\View->CodeIgniter\View\{closure}()
#3 C:\xampp\htdocs\tienda\system\Common.php(1089): CodeIgniter\View\View->render('carrito/compra_...', Array, true)
#4 C:\xampp\htdocs\tienda\app\Controllers\CarritoController.php(158): view('carrito/compra_...', Array)
#5 C:\xampp\htdocs\tienda\system\CodeIgniter.php(832): App\Controllers\CarritoController->muestra_detalle()
#6 C:\xampp\htdocs\tienda\system\CodeIgniter.php(419): CodeIgniter\CodeIgniter->runController(Object(App\Controllers\CarritoController))
#7 C:\xampp\htdocs\tienda\system\CodeIgniter.php(326): CodeIgniter\CodeIgniter->handleRequest(NULL, Object(Config\Cache), false)
#8 C:\xampp\htdocs\tienda\index.php(37): CodeIgniter\CodeIgniter->run()
#9 {main}
CRITICAL - 2022-07-30 10:13:16 --> Undefined property: stdClass::$imagen
#0 C:\xampp\htdocs\tienda\app\Views\carrito\compra_detalles.php(36): CodeIgniter\Debug\Exceptions->errorHandler(8, 'Undefined prope...', 'C:\\xampp\\htdocs...', 36, Array)
#1 C:\xampp\htdocs\tienda\system\View\View.php(210): include('C:\\xampp\\htdocs...')
#2 C:\xampp\htdocs\tienda\system\View\View.php(213): CodeIgniter\View\View->CodeIgniter\View\{closure}()
#3 C:\xampp\htdocs\tienda\system\Common.php(1089): CodeIgniter\View\View->render('carrito/compra_...', Array, true)
#4 C:\xampp\htdocs\tienda\app\Controllers\CarritoController.php(158): view('carrito/compra_...', Array)
#5 C:\xampp\htdocs\tienda\system\CodeIgniter.php(832): App\Controllers\CarritoController->muestra_detalle()
#6 C:\xampp\htdocs\tienda\system\CodeIgniter.php(419): CodeIgniter\CodeIgniter->runController(Object(App\Controllers\CarritoController))
#7 C:\xampp\htdocs\tienda\system\CodeIgniter.php(326): CodeIgniter\CodeIgniter->handleRequest(NULL, Object(Config\Cache), false)
#8 C:\xampp\htdocs\tienda\index.php(37): CodeIgniter\CodeIgniter->run()
#9 {main}
CRITICAL - 2022-07-30 10:14:08 --> Undefined property: stdClass::$id_producto
#0 C:\xampp\htdocs\tienda\app\Views\carrito\compra_detalles.php(36): CodeIgniter\Debug\Exceptions->errorHandler(8, 'Undefined prope...', 'C:\\xampp\\htdocs...', 36, Array)
#1 C:\xampp\htdocs\tienda\system\View\View.php(210): include('C:\\xampp\\htdocs...')
#2 C:\xampp\htdocs\tienda\system\View\View.php(213): CodeIgniter\View\View->CodeIgniter\View\{closure}()
#3 C:\xampp\htdocs\tienda\system\Common.php(1089): CodeIgniter\View\View->render('carrito/compra_...', Array, true)
#4 C:\xampp\htdocs\tienda\app\Controllers\CarritoController.php(158): view('carrito/compra_...', Array)
#5 C:\xampp\htdocs\tienda\system\CodeIgniter.php(832): App\Controllers\CarritoController->muestra_detalle()
#6 C:\xampp\htdocs\tienda\system\CodeIgniter.php(419): CodeIgniter\CodeIgniter->runController(Object(App\Controllers\CarritoController))
#7 C:\xampp\htdocs\tienda\system\CodeIgniter.php(326): CodeIgniter\CodeIgniter->handleRequest(NULL, Object(Config\Cache), false)
#8 C:\xampp\htdocs\tienda\index.php(37): CodeIgniter\CodeIgniter->run()
#9 {main}
ERROR - 2022-07-30 10:15:24 --> Unknown column 'cabecera_ventas.id_producto' in 'on clause'
CRITICAL - 2022-07-30 10:15:24 --> Call to a member function getResult() on bool
#0 C:\xampp\htdocs\tienda\app\Controllers\CarritoController.php(156): App\Controllers\CarritoController->mostrar_detalles('')
#1 C:\xampp\htdocs\tienda\system\CodeIgniter.php(832): App\Controllers\CarritoController->muestra_detalle()
#2 C:\xampp\htdocs\tienda\system\CodeIgniter.php(419): CodeIgniter\CodeIgniter->runController(Object(App\Controllers\CarritoController))
#3 C:\xampp\htdocs\tienda\system\CodeIgniter.php(326): CodeIgniter\CodeIgniter->handleRequest(NULL, Object(Config\Cache), false)
#4 C:\xampp\htdocs\tienda\index.php(37): CodeIgniter\CodeIgniter->run()
#5 {main}
ERROR - 2022-07-30 10:15:59 --> Unknown column 'cabecera_ventas.id_producto' in 'on clause'
CRITICAL - 2022-07-30 10:15:59 --> Undefined variable: detalles
#0 C:\xampp\htdocs\tienda\app\Views\carrito\compra_detalles.php(15): CodeIgniter\Debug\Exceptions->errorHandler(8, 'Undefined varia...', 'C:\\xampp\\htdocs...', 15, Array)
#1 C:\xampp\htdocs\tienda\system\View\View.php(210): include('C:\\xampp\\htdocs...')
#2 C:\xampp\htdocs\tienda\system\View\View.php(213): CodeIgniter\View\View->CodeIgniter\View\{closure}()
#3 C:\xampp\htdocs\tienda\system\Common.php(1089): CodeIgniter\View\View->render('carrito/compra_...', Array, true)
#4 C:\xampp\htdocs\tienda\app\Controllers\CarritoController.php(159): view('carrito/compra_...', Array)
#5 C:\xampp\htdocs\tienda\system\CodeIgniter.php(832): App\Controllers\CarritoController->muestra_detalle()
#6 C:\xampp\htdocs\tienda\system\CodeIgniter.php(419): CodeIgniter\CodeIgniter->runController(Object(App\Controllers\CarritoController))
#7 C:\xampp\htdocs\tienda\system\CodeIgniter.php(326): CodeIgniter\CodeIgniter->handleRequest(NULL, Object(Config\Cache), false)
#8 C:\xampp\htdocs\tienda\index.php(37): CodeIgniter\CodeIgniter->run()
#9 {main}
ERROR - 2022-07-30 10:16:28 --> Unknown column 'cabecera_ventas.id_producto' in 'on clause'
CRITICAL - 2022-07-30 10:16:28 --> Invalid argument supplied for foreach()
#0 C:\xampp\htdocs\tienda\app\Views\carrito\compra_detalles.php(15): CodeIgniter\Debug\Exceptions->errorHandler(2, 'Invalid argumen...', 'C:\\xampp\\htdocs...', 15, Array)
#1 C:\xampp\htdocs\tienda\system\View\View.php(210): include('C:\\xampp\\htdocs...')
#2 C:\xampp\htdocs\tienda\system\View\View.php(213): CodeIgniter\View\View->CodeIgniter\View\{closure}()
#3 C:\xampp\htdocs\tienda\system\Common.php(1089): CodeIgniter\View\View->render('carrito/compra_...', Array, true)
#4 C:\xampp\htdocs\tienda\app\Controllers\CarritoController.php(159): view('carrito/compra_...', Array)
#5 C:\xampp\htdocs\tienda\system\CodeIgniter.php(832): App\Controllers\CarritoController->muestra_detalle()
#6 C:\xampp\htdocs\tienda\system\CodeIgniter.php(419): CodeIgniter\CodeIgniter->runController(Object(App\Controllers\CarritoController))
#7 C:\xampp\htdocs\tienda\system\CodeIgniter.php(326): CodeIgniter\CodeIgniter->handleRequest(NULL, Object(Config\Cache), false)
#8 C:\xampp\htdocs\tienda\index.php(37): CodeIgniter\CodeIgniter->run()
#9 {main}
ERROR - 2022-07-30 10:17:15 --> Unknown column 'cabecera_ventas.id_producto' in 'on clause'
CRITICAL - 2022-07-30 10:17:15 --> Call to a member function getResult() on bool
#0 C:\xampp\htdocs\tienda\app\Controllers\CarritoController.php(157): App\Controllers\CarritoController->mostrar_detalles('')
#1 C:\xampp\htdocs\tienda\system\CodeIgniter.php(832): App\Controllers\CarritoController->muestra_detalle()
#2 C:\xampp\htdocs\tienda\system\CodeIgniter.php(419): CodeIgniter\CodeIgniter->runController(Object(App\Controllers\CarritoController))
#3 C:\xampp\htdocs\tienda\system\CodeIgniter.php(326): CodeIgniter\CodeIgniter->handleRequest(NULL, Object(Config\Cache), false)
#4 C:\xampp\htdocs\tienda\index.php(37): CodeIgniter\CodeIgniter->run()
#5 {main}
ERROR - 2022-07-30 10:17:36 --> Unknown column 'cabecera_ventas.id_producto' in 'on clause'
CRITICAL - 2022-07-30 10:17:36 --> Undefined variable: cabecera
#0 C:\xampp\htdocs\tienda\app\Views\carrito\compra_detalles.php(15): CodeIgniter\Debug\Exceptions->errorHandler(8, 'Undefined varia...', 'C:\\xampp\\htdocs...', 15, Array)
#1 C:\xampp\htdocs\tienda\system\View\View.php(210): include('C:\\xampp\\htdocs...')
#2 C:\xampp\htdocs\tienda\system\View\View.php(213): CodeIgniter\View\View->CodeIgniter\View\{closure}()
#3 C:\xampp\htdocs\tienda\system\Common.php(1089): CodeIgniter\View\View->render('carrito/compra_...', Array, true)
#4 C:\xampp\htdocs\tienda\app\Controllers\CarritoController.php(160): view('carrito/compra_...', Array)
#5 C:\xampp\htdocs\tienda\system\CodeIgniter.php(832): App\Controllers\CarritoController->muestra_detalle()
#6 C:\xampp\htdocs\tienda\system\CodeIgniter.php(419): CodeIgniter\CodeIgniter->runController(Object(App\Controllers\CarritoController))
#7 C:\xampp\htdocs\tienda\system\CodeIgniter.php(326): CodeIgniter\CodeIgniter->handleRequest(NULL, Object(Config\Cache), false)
#8 C:\xampp\htdocs\tienda\index.php(37): CodeIgniter\CodeIgniter->run()
#9 {main}
ERROR - 2022-07-30 10:17:54 --> Unknown column 'cabecera_ventas.id_producto' in 'on clause'
CRITICAL - 2022-07-30 10:17:54 --> Invalid argument supplied for foreach()
#0 C:\xampp\htdocs\tienda\app\Views\carrito\compra_detalles.php(15): CodeIgniter\Debug\Exceptions->errorHandler(2, 'Invalid argumen...', 'C:\\xampp\\htdocs...', 15, Array)
#1 C:\xampp\htdocs\tienda\system\View\View.php(210): include('C:\\xampp\\htdocs...')
#2 C:\xampp\htdocs\tienda\system\View\View.php(213): CodeIgniter\View\View->CodeIgniter\View\{closure}()
#3 C:\xampp\htdocs\tienda\system\Common.php(1089): CodeIgniter\View\View->render('carrito/compra_...', Array, true)
#4 C:\xampp\htdocs\tienda\app\Controllers\CarritoController.php(160): view('carrito/compra_...', Array)
#5 C:\xampp\htdocs\tienda\system\CodeIgniter.php(832): App\Controllers\CarritoController->muestra_detalle()
#6 C:\xampp\htdocs\tienda\system\CodeIgniter.php(419): CodeIgniter\CodeIgniter->runController(Object(App\Controllers\CarritoController))
#7 C:\xampp\htdocs\tienda\system\CodeIgniter.php(326): CodeIgniter\CodeIgniter->handleRequest(NULL, Object(Config\Cache), false)
#8 C:\xampp\htdocs\tienda\index.php(37): CodeIgniter\CodeIgniter->run()
#9 {main}
ERROR - 2022-07-30 10:18:17 --> Unknown column 'cabecera_ventas.id_producto' in 'on clause'
CRITICAL - 2022-07-30 10:18:17 --> Invalid argument supplied for foreach()
#0 C:\xampp\htdocs\tienda\app\Views\carrito\compra_detalles.php(15): CodeIgniter\Debug\Exceptions->errorHandler(2, 'Invalid argumen...', 'C:\\xampp\\htdocs...', 15, Array)
#1 C:\xampp\htdocs\tienda\system\View\View.php(210): include('C:\\xampp\\htdocs...')
#2 C:\xampp\htdocs\tienda\system\View\View.php(213): CodeIgniter\View\View->CodeIgniter\View\{closure}()
#3 C:\xampp\htdocs\tienda\system\Common.php(1089): CodeIgniter\View\View->render('carrito/compra_...', Array, true)
#4 C:\xampp\htdocs\tienda\app\Controllers\CarritoController.php(160): view('carrito/compra_...', Array)
#5 C:\xampp\htdocs\tienda\system\CodeIgniter.php(832): App\Controllers\CarritoController->muestra_detalle()
#6 C:\xampp\htdocs\tienda\system\CodeIgniter.php(419): CodeIgniter\CodeIgniter->runController(Object(App\Controllers\CarritoController))
#7 C:\xampp\htdocs\tienda\system\CodeIgniter.php(326): CodeIgniter\CodeIgniter->handleRequest(NULL, Object(Config\Cache), false)
#8 C:\xampp\htdocs\tienda\index.php(37): CodeIgniter\CodeIgniter->run()
#9 {main}
CRITICAL - 2022-07-30 10:20:08 --> Undefined property: stdClass::$id_detalle
#0 C:\xampp\htdocs\tienda\app\Views\carrito\compra_detalles.php(17): CodeIgniter\Debug\Exceptions->errorHandler(8, 'Undefined prope...', 'C:\\xampp\\htdocs...', 17, Array)
#1 C:\xampp\htdocs\tienda\system\View\View.php(210): include('C:\\xampp\\htdocs...')
#2 C:\xampp\htdocs\tienda\system\View\View.php(213): CodeIgniter\View\View->CodeIgniter\View\{closure}()
#3 C:\xampp\htdocs\tienda\system\Common.php(1089): CodeIgniter\View\View->render('carrito/compra_...', Array, true)
#4 C:\xampp\htdocs\tienda\app\Controllers\CarritoController.php(158): view('carrito/compra_...', Array)
#5 C:\xampp\htdocs\tienda\system\CodeIgniter.php(832): App\Controllers\CarritoController->muestra_detalle()
#6 C:\xampp\htdocs\tienda\system\CodeIgniter.php(419): CodeIgniter\CodeIgniter->runController(Object(App\Controllers\CarritoController))
#7 C:\xampp\htdocs\tienda\system\CodeIgniter.php(326): CodeIgniter\CodeIgniter->handleRequest(NULL, Object(Config\Cache), false)
#8 C:\xampp\htdocs\tienda\index.php(37): CodeIgniter\CodeIgniter->run()
#9 {main}
CRITICAL - 2022-07-30 10:20:46 --> Undefined property: stdClass::$id_detalle
#0 C:\xampp\htdocs\tienda\app\Views\carrito\compra_detalles.php(17): CodeIgniter\Debug\Exceptions->errorHandler(8, 'Undefined prope...', 'C:\\xampp\\htdocs...', 17, Array)
#1 C:\xampp\htdocs\tienda\system\View\View.php(210): include('C:\\xampp\\htdocs...')
#2 C:\xampp\htdocs\tienda\system\View\View.php(213): CodeIgniter\View\View->CodeIgniter\View\{closure}()
#3 C:\xampp\htdocs\tienda\system\Common.php(1089): CodeIgniter\View\View->render('carrito/compra_...', Array, true)
#4 C:\xampp\htdocs\tienda\app\Controllers\CarritoController.php(158): view('carrito/compra_...', Array)
#5 C:\xampp\htdocs\tienda\system\CodeIgniter.php(832): App\Controllers\CarritoController->muestra_detalle()
#6 C:\xampp\htdocs\tienda\system\CodeIgniter.php(419): CodeIgniter\CodeIgniter->runController(Object(App\Controllers\CarritoController))
#7 C:\xampp\htdocs\tienda\system\CodeIgniter.php(326): CodeIgniter\CodeIgniter->handleRequest(NULL, Object(Config\Cache), false)
#8 C:\xampp\htdocs\tienda\index.php(37): CodeIgniter\CodeIgniter->run()
#9 {main}
CRITICAL - 2022-07-30 10:21:35 --> Undefined property: stdClass::$imagen
#0 C:\xampp\htdocs\tienda\app\Views\carrito\compra_detalles.php(37): CodeIgniter\Debug\Exceptions->errorHandler(8, 'Undefined prope...', 'C:\\xampp\\htdocs...', 37, Array)
#1 C:\xampp\htdocs\tienda\system\View\View.php(210): include('C:\\xampp\\htdocs...')
#2 C:\xampp\htdocs\tienda\system\View\View.php(213): CodeIgniter\View\View->CodeIgniter\View\{closure}()
#3 C:\xampp\htdocs\tienda\system\Common.php(1089): CodeIgniter\View\View->render('carrito/compra_...', Array, true)
#4 C:\xampp\htdocs\tienda\app\Controllers\CarritoController.php(158): view('carrito/compra_...', Array)
#5 C:\xampp\htdocs\tienda\system\CodeIgniter.php(832): App\Controllers\CarritoController->muestra_detalle()
#6 C:\xampp\htdocs\tienda\system\CodeIgniter.php(419): CodeIgniter\CodeIgniter->runController(Object(App\Controllers\CarritoController))
#7 C:\xampp\htdocs\tienda\system\CodeIgniter.php(326): CodeIgniter\CodeIgniter->handleRequest(NULL, Object(Config\Cache), false)
#8 C:\xampp\htdocs\tienda\index.php(37): CodeIgniter\CodeIgniter->run()
#9 {main}
ERROR - 2022-07-30 10:22:19 --> Unknown column 'detalle_ventas.id_producto' in 'on clause'
CRITICAL - 2022-07-30 10:22:19 --> Call to a member function getResult() on bool
#0 C:\xampp\htdocs\tienda\app\Controllers\CarritoController.php(156): App\Controllers\CarritoController->mostrar_detalles('')
#1 C:\xampp\htdocs\tienda\system\CodeIgniter.php(832): App\Controllers\CarritoController->muestra_detalle()
#2 C:\xampp\htdocs\tienda\system\CodeIgniter.php(419): CodeIgniter\CodeIgniter->runController(Object(App\Controllers\CarritoController))
#3 C:\xampp\htdocs\tienda\system\CodeIgniter.php(326): CodeIgniter\CodeIgniter->handleRequest(NULL, Object(Config\Cache), false)
#4 C:\xampp\htdocs\tienda\index.php(37): CodeIgniter\CodeIgniter->run()
#5 {main}
ERROR - 2022-07-30 10:22:47 --> Unknown column 'cabecera_ventas.id_producto' in 'on clause'
CRITICAL - 2022-07-30 10:22:47 --> Call to a member function getResult() on bool
#0 C:\xampp\htdocs\tienda\app\Controllers\CarritoController.php(156): App\Controllers\CarritoController->mostrar_detalles('')
#1 C:\xampp\htdocs\tienda\system\CodeIgniter.php(832): App\Controllers\CarritoController->muestra_detalle()
#2 C:\xampp\htdocs\tienda\system\CodeIgniter.php(419): CodeIgniter\CodeIgniter->runController(Object(App\Controllers\CarritoController))
#3 C:\xampp\htdocs\tienda\system\CodeIgniter.php(326): CodeIgniter\CodeIgniter->handleRequest(NULL, Object(Config\Cache), false)
#4 C:\xampp\htdocs\tienda\index.php(37): CodeIgniter\CodeIgniter->run()
#5 {main}
ERROR - 2022-07-30 10:23:00 --> Unknown column 'cabecera_ventas.id_producto' in 'on clause'
CRITICAL - 2022-07-30 10:23:00 --> Invalid argument supplied for foreach()
#0 C:\xampp\htdocs\tienda\app\Views\carrito\compra_detalles.php(15): CodeIgniter\Debug\Exceptions->errorHandler(2, 'Invalid argumen...', 'C:\\xampp\\htdocs...', 15, Array)
#1 C:\xampp\htdocs\tienda\system\View\View.php(210): include('C:\\xampp\\htdocs...')
#2 C:\xampp\htdocs\tienda\system\View\View.php(213): CodeIgniter\View\View->CodeIgniter\View\{closure}()
#3 C:\xampp\htdocs\tienda\system\Common.php(1089): CodeIgniter\View\View->render('carrito/compra_...', Array, true)
#4 C:\xampp\htdocs\tienda\app\Controllers\CarritoController.php(159): view('carrito/compra_...', Array)
#5 C:\xampp\htdocs\tienda\system\CodeIgniter.php(832): App\Controllers\CarritoController->muestra_detalle()
#6 C:\xampp\htdocs\tienda\system\CodeIgniter.php(419): CodeIgniter\CodeIgniter->runController(Object(App\Controllers\CarritoController))
#7 C:\xampp\htdocs\tienda\system\CodeIgniter.php(326): CodeIgniter\CodeIgniter->handleRequest(NULL, Object(Config\Cache), false)
#8 C:\xampp\htdocs\tienda\index.php(37): CodeIgniter\CodeIgniter->run()
#9 {main}
ERROR - 2022-07-30 10:23:28 --> Unknown column 'cabecera_ventas.id_producto' in 'on clause'
CRITICAL - 2022-07-30 10:23:28 --> Invalid argument supplied for foreach()
#0 C:\xampp\htdocs\tienda\app\Views\carrito\compra_detalles.php(15): CodeIgniter\Debug\Exceptions->errorHandler(2, 'Invalid argumen...', 'C:\\xampp\\htdocs...', 15, Array)
#1 C:\xampp\htdocs\tienda\system\View\View.php(210): include('C:\\xampp\\htdocs...')
#2 C:\xampp\htdocs\tienda\system\View\View.php(213): CodeIgniter\View\View->CodeIgniter\View\{closure}()
#3 C:\xampp\htdocs\tienda\system\Common.php(1089): CodeIgniter\View\View->render('carrito/compra_...', Array, true)
#4 C:\xampp\htdocs\tienda\app\Controllers\CarritoController.php(159): view('carrito/compra_...', Array)
#5 C:\xampp\htdocs\tienda\system\CodeIgniter.php(832): App\Controllers\CarritoController->muestra_detalle()
#6 C:\xampp\htdocs\tienda\system\CodeIgniter.php(419): CodeIgniter\CodeIgniter->runController(Object(App\Controllers\CarritoController))
#7 C:\xampp\htdocs\tienda\system\CodeIgniter.php(326): CodeIgniter\CodeIgniter->handleRequest(NULL, Object(Config\Cache), false)
#8 C:\xampp\htdocs\tienda\index.php(37): CodeIgniter\CodeIgniter->run()
#9 {main}
ERROR - 2022-07-30 10:24:15 --> Unknown column 'cabecera_ventas.id_producto' in 'on clause'
CRITICAL - 2022-07-30 10:24:15 --> Call to a member function getResult() on bool
#0 C:\xampp\htdocs\tienda\app\Controllers\CarritoController.php(156): App\Controllers\CarritoController->mostrar_detalles('')
#1 C:\xampp\htdocs\tienda\system\CodeIgniter.php(832): App\Controllers\CarritoController->muestra_detalle()
#2 C:\xampp\htdocs\tienda\system\CodeIgniter.php(419): CodeIgniter\CodeIgniter->runController(Object(App\Controllers\CarritoController))
#3 C:\xampp\htdocs\tienda\system\CodeIgniter.php(326): CodeIgniter\CodeIgniter->handleRequest(NULL, Object(Config\Cache), false)
#4 C:\xampp\htdocs\tienda\index.php(37): CodeIgniter\CodeIgniter->run()
#5 {main}
ERROR - 2022-07-30 10:25:44 --> Unknown column 'cabecera_ventas.id_producto' in 'on clause'
CRITICAL - 2022-07-30 10:25:44 --> Call to a member function getResult() on bool
#0 C:\xampp\htdocs\tienda\app\Controllers\CarritoController.php(157): App\Controllers\CarritoController->mostrar_detalles('')
#1 C:\xampp\htdocs\tienda\system\CodeIgniter.php(832): App\Controllers\CarritoController->muestra_detalle()
#2 C:\xampp\htdocs\tienda\system\CodeIgniter.php(419): CodeIgniter\CodeIgniter->runController(Object(App\Controllers\CarritoController))
#3 C:\xampp\htdocs\tienda\system\CodeIgniter.php(326): CodeIgniter\CodeIgniter->handleRequest(NULL, Object(Config\Cache), false)
#4 C:\xampp\htdocs\tienda\index.php(37): CodeIgniter\CodeIgniter->run()
#5 {main}
CRITICAL - 2022-07-30 10:25:59 --> Undefined variable: cabecera
#0 C:\xampp\htdocs\tienda\app\Views\carrito\compra_detalles.php(15): CodeIgniter\Debug\Exceptions->errorHandler(8, 'Undefined varia...', 'C:\\xampp\\htdocs...', 15, Array)
#1 C:\xampp\htdocs\tienda\system\View\View.php(210): include('C:\\xampp\\htdocs...')
#2 C:\xampp\htdocs\tienda\system\View\View.php(213): CodeIgniter\View\View->CodeIgniter\View\{closure}()
#3 C:\xampp\htdocs\tienda\system\Common.php(1089): CodeIgniter\View\View->render('carrito/compra_...', Array, true)
#4 C:\xampp\htdocs\tienda\app\Controllers\CarritoController.php(158): view('carrito/compra_...', Array)
#5 C:\xampp\htdocs\tienda\system\CodeIgniter.php(832): App\Controllers\CarritoController->muestra_detalle()
#6 C:\xampp\htdocs\tienda\system\CodeIgniter.php(419): CodeIgniter\CodeIgniter->runController(Object(App\Controllers\CarritoController))
#7 C:\xampp\htdocs\tienda\system\CodeIgniter.php(326): CodeIgniter\CodeIgniter->handleRequest(NULL, Object(Config\Cache), false)
#8 C:\xampp\htdocs\tienda\index.php(37): CodeIgniter\CodeIgniter->run()
#9 {main}
CRITICAL - 2022-07-30 10:26:15 --> Undefined property: stdClass::$imagen
#0 C:\xampp\htdocs\tienda\app\Views\carrito\compra_detalles.php(37): CodeIgniter\Debug\Exceptions->errorHandler(8, 'Undefined prope...', 'C:\\xampp\\htdocs...', 37, Array)
#1 C:\xampp\htdocs\tienda\system\View\View.php(210): include('C:\\xampp\\htdocs...')
#2 C:\xampp\htdocs\tienda\system\View\View.php(213): CodeIgniter\View\View->CodeIgniter\View\{closure}()
#3 C:\xampp\htdocs\tienda\system\Common.php(1089): CodeIgniter\View\View->render('carrito/compra_...', Array, true)
#4 C:\xampp\htdocs\tienda\app\Controllers\CarritoController.php(158): view('carrito/compra_...', Array)
#5 C:\xampp\htdocs\tienda\system\CodeIgniter.php(832): App\Controllers\CarritoController->muestra_detalle()
#6 C:\xampp\htdocs\tienda\system\CodeIgniter.php(419): CodeIgniter\CodeIgniter->runController(Object(App\Controllers\CarritoController))
#7 C:\xampp\htdocs\tienda\system\CodeIgniter.php(326): CodeIgniter\CodeIgniter->handleRequest(NULL, Object(Config\Cache), false)
#8 C:\xampp\htdocs\tienda\index.php(37): CodeIgniter\CodeIgniter->run()
#9 {main}
CRITICAL - 2022-07-30 10:26:30 --> Undefined property: stdClass::$id_producto
#0 C:\xampp\htdocs\tienda\app\Views\carrito\compra_detalles.php(37): CodeIgniter\Debug\Exceptions->errorHandler(8, 'Undefined prope...', 'C:\\xampp\\htdocs...', 37, Array)
#1 C:\xampp\htdocs\tienda\system\View\View.php(210): include('C:\\xampp\\htdocs...')
#2 C:\xampp\htdocs\tienda\system\View\View.php(213): CodeIgniter\View\View->CodeIgniter\View\{closure}()
#3 C:\xampp\htdocs\tienda\system\Common.php(1089): CodeIgniter\View\View->render('carrito/compra_...', Array, true)
#4 C:\xampp\htdocs\tienda\app\Controllers\CarritoController.php(158): view('carrito/compra_...', Array)
#5 C:\xampp\htdocs\tienda\system\CodeIgniter.php(832): App\Controllers\CarritoController->muestra_detalle()
#6 C:\xampp\htdocs\tienda\system\CodeIgniter.php(419): CodeIgniter\CodeIgniter->runController(Object(App\Controllers\CarritoController))
#7 C:\xampp\htdocs\tienda\system\CodeIgniter.php(326): CodeIgniter\CodeIgniter->handleRequest(NULL, Object(Config\Cache), false)
#8 C:\xampp\htdocs\tienda\index.php(37): CodeIgniter\CodeIgniter->run()
#9 {main}
ERROR - 2022-07-30 10:30:35 --> Not unique table/alias: 'cabecera_ventas'
CRITICAL - 2022-07-30 10:30:35 --> Call to a member function getResult() on bool
#0 C:\xampp\htdocs\tienda\app\Controllers\CarritoController.php(157): App\Controllers\CarritoController->mostrar_detalles('')
#1 C:\xampp\htdocs\tienda\system\CodeIgniter.php(832): App\Controllers\CarritoController->muestra_detalle()
#2 C:\xampp\htdocs\tienda\system\CodeIgniter.php(419): CodeIgniter\CodeIgniter->runController(Object(App\Controllers\CarritoController))
#3 C:\xampp\htdocs\tienda\system\CodeIgniter.php(326): CodeIgniter\CodeIgniter->handleRequest(NULL, Object(Config\Cache), false)
#4 C:\xampp\htdocs\tienda\index.php(37): CodeIgniter\CodeIgniter->run()
#5 {main}
ERROR - 2022-07-30 10:31:55 --> Unknown column 'cabecera_ventas.id_producto' in 'on clause'
CRITICAL - 2022-07-30 10:31:55 --> Call to a member function getResult() on bool
#0 C:\xampp\htdocs\tienda\app\Controllers\CarritoController.php(157): App\Controllers\CarritoController->mostrar_detalles('')
#1 C:\xampp\htdocs\tienda\system\CodeIgniter.php(832): App\Controllers\CarritoController->muestra_detalle()
#2 C:\xampp\htdocs\tienda\system\CodeIgniter.php(419): CodeIgniter\CodeIgniter->runController(Object(App\Controllers\CarritoController))
#3 C:\xampp\htdocs\tienda\system\CodeIgniter.php(326): CodeIgniter\CodeIgniter->handleRequest(NULL, Object(Config\Cache), false)
#4 C:\xampp\htdocs\tienda\index.php(37): CodeIgniter\CodeIgniter->run()
#5 {main}
ERROR - 2022-07-30 10:37:13 --> Unknown column 'cabecera_ventas.id_producto' in 'on clause'
CRITICAL - 2022-07-30 10:37:13 --> Call to a member function getResult() on bool
#0 C:\xampp\htdocs\tienda\app\Controllers\CarritoController.php(158): App\Controllers\CarritoController->mostrar_detalles('')
#1 C:\xampp\htdocs\tienda\system\CodeIgniter.php(832): App\Controllers\CarritoController->muestra_detalle()
#2 C:\xampp\htdocs\tienda\system\CodeIgniter.php(419): CodeIgniter\CodeIgniter->runController(Object(App\Controllers\CarritoController))
#3 C:\xampp\htdocs\tienda\system\CodeIgniter.php(326): CodeIgniter\CodeIgniter->handleRequest(NULL, Object(Config\Cache), false)
#4 C:\xampp\htdocs\tienda\index.php(37): CodeIgniter\CodeIgniter->run()
#5 {main}
ERROR - 2022-07-30 10:37:13 --> Unknown column 'cabecera_ventas.id_producto' in 'on clause'
CRITICAL - 2022-07-30 10:37:13 --> Call to a member function getResult() on bool
#0 C:\xampp\htdocs\tienda\app\Controllers\CarritoController.php(158): App\Controllers\CarritoController->mostrar_detalles('')
#1 C:\xampp\htdocs\tienda\system\CodeIgniter.php(832): App\Controllers\CarritoController->muestra_detalle()
#2 C:\xampp\htdocs\tienda\system\CodeIgniter.php(419): CodeIgniter\CodeIgniter->runController(Object(App\Controllers\CarritoController))
#3 C:\xampp\htdocs\tienda\system\CodeIgniter.php(326): CodeIgniter\CodeIgniter->handleRequest(NULL, Object(Config\Cache), false)
#4 C:\xampp\htdocs\tienda\index.php(37): CodeIgniter\CodeIgniter->run()
#5 {main}
CRITICAL - 2022-07-30 10:44:35 --> Undefined property: stdClass::$id_nombre
#0 C:\xampp\htdocs\tienda\app\Views\carrito\compra_detalles.php(19): CodeIgniter\Debug\Exceptions->errorHandler(8, 'Undefined prope...', 'C:\\xampp\\htdocs...', 19, Array)
#1 C:\xampp\htdocs\tienda\system\View\View.php(210): include('C:\\xampp\\htdocs...')
#2 C:\xampp\htdocs\tienda\system\View\View.php(213): CodeIgniter\View\View->CodeIgniter\View\{closure}()
#3 C:\xampp\htdocs\tienda\system\Common.php(1089): CodeIgniter\View\View->render('carrito/compra_...', Array, true)
#4 C:\xampp\htdocs\tienda\app\Controllers\CarritoController.php(160): view('carrito/compra_...', Array)
#5 C:\xampp\htdocs\tienda\system\CodeIgniter.php(832): App\Controllers\CarritoController->muestra_detalle()
#6 C:\xampp\htdocs\tienda\system\CodeIgniter.php(419): CodeIgniter\CodeIgniter->runController(Object(App\Controllers\CarritoController))
#7 C:\xampp\htdocs\tienda\system\CodeIgniter.php(326): CodeIgniter\CodeIgniter->handleRequest(NULL, Object(Config\Cache), false)
#8 C:\xampp\htdocs\tienda\index.php(37): CodeIgniter\CodeIgniter->run()
#9 {main}
CRITICAL - 2022-07-30 10:46:56 --> Undefined property: stdClass::$id_nombre
#0 C:\xampp\htdocs\tienda\app\Views\carrito\compra_detalles.php(19): CodeIgniter\Debug\Exceptions->errorHandler(8, 'Undefined prope...', 'C:\\xampp\\htdocs...', 19, Array)
#1 C:\xampp\htdocs\tienda\system\View\View.php(210): include('C:\\xampp\\htdocs...')
#2 C:\xampp\htdocs\tienda\system\View\View.php(213): CodeIgniter\View\View->CodeIgniter\View\{closure}()
#3 C:\xampp\htdocs\tienda\system\Common.php(1089): CodeIgniter\View\View->render('carrito/compra_...', Array, true)
#4 C:\xampp\htdocs\tienda\app\Controllers\CarritoController.php(161): view('carrito/compra_...', Array)
#5 C:\xampp\htdocs\tienda\system\CodeIgniter.php(832): App\Controllers\CarritoController->muestra_detalle()
#6 C:\xampp\htdocs\tienda\system\CodeIgniter.php(419): CodeIgniter\CodeIgniter->runController(Object(App\Controllers\CarritoController))
#7 C:\xampp\htdocs\tienda\system\CodeIgniter.php(326): CodeIgniter\CodeIgniter->handleRequest(NULL, Object(Config\Cache), false)
#8 C:\xampp\htdocs\tienda\index.php(37): CodeIgniter\CodeIgniter->run()
#9 {main}
CRITICAL - 2022-07-30 10:47:13 --> Undefined property: stdClass::$id_nombre
#0 C:\xampp\htdocs\tienda\app\Views\carrito\compra_detalles.php(19): CodeIgniter\Debug\Exceptions->errorHandler(8, 'Undefined prope...', 'C:\\xampp\\htdocs...', 19, Array)
#1 C:\xampp\htdocs\tienda\system\View\View.php(210): include('C:\\xampp\\htdocs...')
#2 C:\xampp\htdocs\tienda\system\View\View.php(213): CodeIgniter\View\View->CodeIgniter\View\{closure}()
#3 C:\xampp\htdocs\tienda\system\Common.php(1089): CodeIgniter\View\View->render('carrito/compra_...', Array, true)
#4 C:\xampp\htdocs\tienda\app\Controllers\CarritoController.php(161): view('carrito/compra_...', Array)
#5 C:\xampp\htdocs\tienda\system\CodeIgniter.php(832): App\Controllers\CarritoController->muestra_detalle()
#6 C:\xampp\htdocs\tienda\system\CodeIgniter.php(419): CodeIgniter\CodeIgniter->runController(Object(App\Controllers\CarritoController))
#7 C:\xampp\htdocs\tienda\system\CodeIgniter.php(326): CodeIgniter\CodeIgniter->handleRequest(NULL, Object(Config\Cache), false)
#8 C:\xampp\htdocs\tienda\index.php(37): CodeIgniter\CodeIgniter->run()
#9 {main}
CRITICAL - 2022-07-30 10:54:06 --> Undefined variable: total
#0 C:\xampp\htdocs\tienda\app\Views\carrito\compra_detalles.php(54): CodeIgniter\Debug\Exceptions->errorHandler(8, 'Undefined varia...', 'C:\\xampp\\htdocs...', 54, Array)
#1 C:\xampp\htdocs\tienda\system\View\View.php(210): include('C:\\xampp\\htdocs...')
#2 C:\xampp\htdocs\tienda\system\View\View.php(213): CodeIgniter\View\View->CodeIgniter\View\{closure}()
#3 C:\xampp\htdocs\tienda\system\Common.php(1089): CodeIgniter\View\View->render('carrito/compra_...', Array, true)
#4 C:\xampp\htdocs\tienda\app\Controllers\CarritoController.php(161): view('carrito/compra_...', Array)
#5 C:\xampp\htdocs\tienda\system\CodeIgniter.php(832): App\Controllers\CarritoController->muestra_detalle()
#6 C:\xampp\htdocs\tienda\system\CodeIgniter.php(419): CodeIgniter\CodeIgniter->runController(Object(App\Controllers\CarritoController))
#7 C:\xampp\htdocs\tienda\system\CodeIgniter.php(326): CodeIgniter\CodeIgniter->handleRequest(NULL, Object(Config\Cache), false)
#8 C:\xampp\htdocs\tienda\index.php(37): CodeIgniter\CodeIgniter->run()
#9 {main}
CRITICAL - 2022-07-30 10:56:21 --> Undefined variable: productos
#0 C:\xampp\htdocs\tienda\app\Views\carrito\compra_detalles.php(21): CodeIgniter\Debug\Exceptions->errorHandler(8, 'Undefined varia...', 'C:\\xampp\\htdocs...', 21, Array)
#1 C:\xampp\htdocs\tienda\system\View\View.php(210): include('C:\\xampp\\htdocs...')
#2 C:\xampp\htdocs\tienda\system\View\View.php(213): CodeIgniter\View\View->CodeIgniter\View\{closure}()
#3 C:\xampp\htdocs\tienda\system\Common.php(1089): CodeIgniter\View\View->render('carrito/compra_...', Array, true)
#4 C:\xampp\htdocs\tienda\app\Controllers\CarritoController.php(161): view('carrito/compra_...', Array)
#5 C:\xampp\htdocs\tienda\system\CodeIgniter.php(832): App\Controllers\CarritoController->muestra_detalle()
#6 C:\xampp\htdocs\tienda\system\CodeIgniter.php(419): CodeIgniter\CodeIgniter->runController(Object(App\Controllers\CarritoController))
#7 C:\xampp\htdocs\tienda\system\CodeIgniter.php(326): CodeIgniter\CodeIgniter->handleRequest(NULL, Object(Config\Cache), false)
#8 C:\xampp\htdocs\tienda\index.php(37): CodeIgniter\CodeIgniter->run()
#9 {main}
CRITICAL - 2022-07-30 11:40:04 --> Undefined variable: validation
#0 C:\xampp\htdocs\tienda\app\Views\contacto.php(14): CodeIgniter\Debug\Exceptions->errorHandler(8, 'Undefined varia...', 'C:\\xampp\\htdocs...', 14, Array)
#1 C:\xampp\htdocs\tienda\system\View\View.php(210): include('C:\\xampp\\htdocs...')
#2 C:\xampp\htdocs\tienda\system\View\View.php(213): CodeIgniter\View\View->CodeIgniter\View\{closure}()
#3 C:\xampp\htdocs\tienda\system\Common.php(1089): CodeIgniter\View\View->render('contacto', Array, true)
#4 C:\xampp\htdocs\tienda\app\Controllers\Home.php(107): view('contacto')
#5 C:\xampp\htdocs\tienda\system\CodeIgniter.php(832): App\Controllers\Home->contacto()
#6 C:\xampp\htdocs\tienda\system\CodeIgniter.php(419): CodeIgniter\CodeIgniter->runController(Object(App\Controllers\Home))
#7 C:\xampp\htdocs\tienda\system\CodeIgniter.php(326): CodeIgniter\CodeIgniter->handleRequest(NULL, Object(Config\Cache), false)
#8 C:\xampp\htdocs\tienda\index.php(37): CodeIgniter\CodeIgniter->run()
#9 {main}
CRITICAL - 2022-07-30 11:51:38 --> Undefined variable: validation
#0 C:\xampp\htdocs\tienda\app\Views\usuario\contacto.php(19): CodeIgniter\Debug\Exceptions->errorHandler(8, 'Undefined varia...', 'C:\\xampp\\htdocs...', 19, Array)
#1 C:\xampp\htdocs\tienda\system\View\View.php(210): include('C:\\xampp\\htdocs...')
#2 C:\xampp\htdocs\tienda\system\View\View.php(213): CodeIgniter\View\View->CodeIgniter\View\{closure}()
#3 C:\xampp\htdocs\tienda\system\Common.php(1089): CodeIgniter\View\View->render('usuario/contact...', Array, true)
#4 C:\xampp\htdocs\tienda\app\Controllers\Home.php(101): view('usuario/contact...')
#5 C:\xampp\htdocs\tienda\system\CodeIgniter.php(832): App\Controllers\Home->contacto()
#6 C:\xampp\htdocs\tienda\system\CodeIgniter.php(419): CodeIgniter\CodeIgniter->runController(Object(App\Controllers\Home))
#7 C:\xampp\htdocs\tienda\system\CodeIgniter.php(326): CodeIgniter\CodeIgniter->handleRequest(NULL, Object(Config\Cache), false)
#8 C:\xampp\htdocs\tienda\index.php(37): CodeIgniter\CodeIgniter->run()
#9 {main}
CRITICAL - 2022-07-30 12:06:30 --> Undefined variable: validation
#0 C:\xampp\htdocs\tienda\app\Views\usuario\login.php(16): CodeIgniter\Debug\Exceptions->errorHandler(8, 'Undefined varia...', 'C:\\xampp\\htdocs...', 16, Array)
#1 C:\xampp\htdocs\tienda\system\View\View.php(210): include('C:\\xampp\\htdocs...')
#2 C:\xampp\htdocs\tienda\system\View\View.php(213): CodeIgniter\View\View->CodeIgniter\View\{closure}()
#3 C:\xampp\htdocs\tienda\system\Common.php(1089): CodeIgniter\View\View->render('usuario/login', Array, true)
#4 C:\xampp\htdocs\tienda\app\Controllers\LoginController.php(24): view('usuario/login')
#5 C:\xampp\htdocs\tienda\system\CodeIgniter.php(832): App\Controllers\LoginController->inicio()
#6 C:\xampp\htdocs\tienda\system\CodeIgniter.php(419): CodeIgniter\CodeIgniter->runController(Object(App\Controllers\LoginController))
#7 C:\xampp\htdocs\tienda\system\CodeIgniter.php(326): CodeIgniter\CodeIgniter->handleRequest(NULL, Object(Config\Cache), false)
#8 C:\xampp\htdocs\tienda\index.php(37): CodeIgniter\CodeIgniter->run()
#9 {main}
CRITICAL - 2022-07-30 12:42:47 --> Undefined variable: categorias
#0 C:\xampp\htdocs\tienda\app\Views\front\menu.php(68): CodeIgniter\Debug\Exceptions->errorHandler(8, 'Undefined varia...', 'C:\\xampp\\htdocs...', 68, Array)
#1 C:\xampp\htdocs\tienda\system\View\View.php(210): include('C:\\xampp\\htdocs...')
#2 C:\xampp\htdocs\tienda\system\View\View.php(213): CodeIgniter\View\View->CodeIgniter\View\{closure}()
#3 C:\xampp\htdocs\tienda\system\Common.php(1089): CodeIgniter\View\View->render('front/menu', Array, true)
#4 C:\xampp\htdocs\tienda\app\Controllers\UsuarioController.php(44): view('front/menu')
#5 C:\xampp\htdocs\tienda\system\CodeIgniter.php(832): App\Controllers\UsuarioController->formValidation()
#6 C:\xampp\htdocs\tienda\system\CodeIgniter.php(419): CodeIgniter\CodeIgniter->runController(Object(App\Controllers\UsuarioController))
#7 C:\xampp\htdocs\tienda\system\CodeIgniter.php(326): CodeIgniter\CodeIgniter->handleRequest(NULL, Object(Config\Cache), false)
#8 C:\xampp\htdocs\tienda\index.php(37): CodeIgniter\CodeIgniter->run()
#9 {main}
CRITICAL - 2022-07-30 12:45:58 --> Undefined variable: categorias
#0 C:\xampp\htdocs\tienda\app\Views\front\menu.php(68): CodeIgniter\Debug\Exceptions->errorHandler(8, 'Undefined varia...', 'C:\\xampp\\htdocs...', 68, Array)
#1 C:\xampp\htdocs\tienda\system\View\View.php(210): include('C:\\xampp\\htdocs...')
#2 C:\xampp\htdocs\tienda\system\View\View.php(213): CodeIgniter\View\View->CodeIgniter\View\{closure}()
#3 C:\xampp\htdocs\tienda\system\Common.php(1089): CodeIgniter\View\View->render('front/menu', Array, true)
#4 C:\xampp\htdocs\tienda\app\Controllers\UsuarioController.php(44): view('front/menu')
#5 C:\xampp\htdocs\tienda\system\CodeIgniter.php(832): App\Controllers\UsuarioController->formValidation()
#6 C:\xampp\htdocs\tienda\system\CodeIgniter.php(419): CodeIgniter\CodeIgniter->runController(Object(App\Controllers\UsuarioController))
#7 C:\xampp\htdocs\tienda\system\CodeIgniter.php(326): CodeIgniter\CodeIgniter->handleRequest(NULL, Object(Config\Cache), false)
#8 C:\xampp\htdocs\tienda\index.php(37): CodeIgniter\CodeIgniter->run()
#9 {main}
CRITICAL - 2022-07-30 12:47:05 --> Undefined variable: categorias
#0 C:\xampp\htdocs\tienda\app\Views\front\menu.php(68): CodeIgniter\Debug\Exceptions->errorHandler(8, 'Undefined varia...', 'C:\\xampp\\htdocs...', 68, Array)
#1 C:\xampp\htdocs\tienda\system\View\View.php(210): include('C:\\xampp\\htdocs...')
#2 C:\xampp\htdocs\tienda\system\View\View.php(213): CodeIgniter\View\View->CodeIgniter\View\{closure}()
#3 C:\xampp\htdocs\tienda\system\Common.php(1089): CodeIgniter\View\View->render('front/menu', Array, true)
#4 C:\xampp\htdocs\tienda\app\Controllers\UsuarioController.php(44): view('front/menu')
#5 C:\xampp\htdocs\tienda\system\CodeIgniter.php(832): App\Controllers\UsuarioController->formValidation()
#6 C:\xampp\htdocs\tienda\system\CodeIgniter.php(419): CodeIgniter\CodeIgniter->runController(Object(App\Controllers\UsuarioController))
#7 C:\xampp\htdocs\tienda\system\CodeIgniter.php(326): CodeIgniter\CodeIgniter->handleRequest(NULL, Object(Config\Cache), false)
#8 C:\xampp\htdocs\tienda\index.php(37): CodeIgniter\CodeIgniter->run()
#9 {main}
