CRITICAL - 2022-06-29 17:28:25 --> syntax error, unexpected '}', expecting end of file
#0 C:\xampp\htdocs\RamirezAlfredo-P1\system\View\View.php(213): CodeIgniter\View\View->CodeIgniter\View\{closure}()
#1 C:\xampp\htdocs\RamirezAlfredo-P1\system\Common.php(1089): CodeIgniter\View\View->render('carrito/compra_...', Array, true)
#2 C:\xampp\htdocs\RamirezAlfredo-P1\app\Controllers\CarritoController.php(216): view('carrito/compra_...', Array)
#3 C:\xampp\htdocs\RamirezAlfredo-P1\app\Controllers\CarritoController.php(127): App\Controllers\CarritoController->comprar_carrito()
#4 C:\xampp\htdocs\RamirezAlfredo-P1\system\CodeIgniter.php(832): App\Controllers\CarritoController->verificar_compra()
#5 C:\xampp\htdocs\RamirezAlfredo-P1\system\CodeIgniter.php(419): CodeIgniter\CodeIgniter->runController(Object(App\Controllers\CarritoController))
#6 C:\xampp\htdocs\RamirezAlfredo-P1\system\CodeIgniter.php(326): CodeIgniter\CodeIgniter->handleRequest(NULL, Object(Config\Cache), false)
#7 C:\xampp\htdocs\RamirezAlfredo-P1\index.php(37): CodeIgniter\CodeIgniter->run()
#8 {main}
CRITICAL - 2022-06-29 17:28:57 --> Undefined variable: id_ventas
#0 C:\xampp\htdocs\RamirezAlfredo-P1\app\Views\carrito\compra_realizada.php(44): CodeIgniter\Debug\Exceptions->errorHandler(8, 'Undefined varia...', 'C:\\xampp\\htdocs...', 44, Array)
#1 C:\xampp\htdocs\RamirezAlfredo-P1\system\View\View.php(210): include('C:\\xampp\\htdocs...')
#2 C:\xampp\htdocs\RamirezAlfredo-P1\system\View\View.php(213): CodeIgniter\View\View->CodeIgniter\View\{closure}()
#3 C:\xampp\htdocs\RamirezAlfredo-P1\system\Common.php(1089): CodeIgniter\View\View->render('carrito/compra_...', Array, true)
#4 C:\xampp\htdocs\RamirezAlfredo-P1\app\Controllers\CarritoController.php(216): view('carrito/compra_...', Array)
#5 C:\xampp\htdocs\RamirezAlfredo-P1\app\Controllers\CarritoController.php(127): App\Controllers\CarritoController->comprar_carrito()
#6 C:\xampp\htdocs\RamirezAlfredo-P1\system\CodeIgniter.php(832): App\Controllers\CarritoController->verificar_compra()
#7 C:\xampp\htdocs\RamirezAlfredo-P1\system\CodeIgniter.php(419): CodeIgniter\CodeIgniter->runController(Object(App\Controllers\CarritoController))
#8 C:\xampp\htdocs\RamirezAlfredo-P1\system\CodeIgniter.php(326): CodeIgniter\CodeIgniter->handleRequest(NULL, Object(Config\Cache), false)
#9 C:\xampp\htdocs\RamirezAlfredo-P1\index.php(37): CodeIgniter\CodeIgniter->run()
#10 {main}
CRITICAL - 2022-06-29 17:29:26 --> Undefined variable: venta_id
#0 C:\xampp\htdocs\RamirezAlfredo-P1\app\Views\carrito\compra_realizada.php(44): CodeIgniter\Debug\Exceptions->errorHandler(8, 'Undefined varia...', 'C:\\xampp\\htdocs...', 44, Array)
#1 C:\xampp\htdocs\RamirezAlfredo-P1\system\View\View.php(210): include('C:\\xampp\\htdocs...')
#2 C:\xampp\htdocs\RamirezAlfredo-P1\system\View\View.php(213): CodeIgniter\View\View->CodeIgniter\View\{closure}()
#3 C:\xampp\htdocs\RamirezAlfredo-P1\system\Common.php(1089): CodeIgniter\View\View->render('carrito/compra_...', Array, true)
#4 C:\xampp\htdocs\RamirezAlfredo-P1\app\Controllers\CarritoController.php(216): view('carrito/compra_...', Array)
#5 C:\xampp\htdocs\RamirezAlfredo-P1\app\Controllers\CarritoController.php(127): App\Controllers\CarritoController->comprar_carrito()
#6 C:\xampp\htdocs\RamirezAlfredo-P1\system\CodeIgniter.php(832): App\Controllers\CarritoController->verificar_compra()
#7 C:\xampp\htdocs\RamirezAlfredo-P1\system\CodeIgniter.php(419): CodeIgniter\CodeIgniter->runController(Object(App\Controllers\CarritoController))
#8 C:\xampp\htdocs\RamirezAlfredo-P1\system\CodeIgniter.php(326): CodeIgniter\CodeIgniter->handleRequest(NULL, Object(Config\Cache), false)
#9 C:\xampp\htdocs\RamirezAlfredo-P1\index.php(37): CodeIgniter\CodeIgniter->run()
#10 {main}
CRITICAL - 2022-06-29 17:29:57 --> Cannot use object of type stdClass as array
#0 C:\xampp\htdocs\RamirezAlfredo-P1\system\View\View.php(210): include()
#1 C:\xampp\htdocs\RamirezAlfredo-P1\system\View\View.php(213): CodeIgniter\View\View->CodeIgniter\View\{closure}()
#2 C:\xampp\htdocs\RamirezAlfredo-P1\system\Common.php(1089): CodeIgniter\View\View->render('carrito/compra_...', Array, true)
#3 C:\xampp\htdocs\RamirezAlfredo-P1\app\Controllers\CarritoController.php(216): view('carrito/compra_...', Array)
#4 C:\xampp\htdocs\RamirezAlfredo-P1\app\Controllers\CarritoController.php(127): App\Controllers\CarritoController->comprar_carrito()
#5 C:\xampp\htdocs\RamirezAlfredo-P1\system\CodeIgniter.php(832): App\Controllers\CarritoController->verificar_compra()
#6 C:\xampp\htdocs\RamirezAlfredo-P1\system\CodeIgniter.php(419): CodeIgniter\CodeIgniter->runController(Object(App\Controllers\CarritoController))
#7 C:\xampp\htdocs\RamirezAlfredo-P1\system\CodeIgniter.php(326): CodeIgniter\CodeIgniter->handleRequest(NULL, Object(Config\Cache), false)
#8 C:\xampp\htdocs\RamirezAlfredo-P1\index.php(37): CodeIgniter\CodeIgniter->run()
#9 {main}
CRITICAL - 2022-06-29 17:30:41 --> Undefined variable: productos_id
#0 C:\xampp\htdocs\RamirezAlfredo-P1\app\Views\carrito\compra_realizada.php(44): CodeIgniter\Debug\Exceptions->errorHandler(8, 'Undefined varia...', 'C:\\xampp\\htdocs...', 44, Array)
#1 C:\xampp\htdocs\RamirezAlfredo-P1\system\View\View.php(210): include('C:\\xampp\\htdocs...')
#2 C:\xampp\htdocs\RamirezAlfredo-P1\system\View\View.php(213): CodeIgniter\View\View->CodeIgniter\View\{closure}()
#3 C:\xampp\htdocs\RamirezAlfredo-P1\system\Common.php(1089): CodeIgniter\View\View->render('carrito/compra_...', Array, true)
#4 C:\xampp\htdocs\RamirezAlfredo-P1\app\Controllers\CarritoController.php(216): view('carrito/compra_...', Array)
#5 C:\xampp\htdocs\RamirezAlfredo-P1\app\Controllers\CarritoController.php(127): App\Controllers\CarritoController->comprar_carrito()
#6 C:\xampp\htdocs\RamirezAlfredo-P1\system\CodeIgniter.php(832): App\Controllers\CarritoController->verificar_compra()
#7 C:\xampp\htdocs\RamirezAlfredo-P1\system\CodeIgniter.php(419): CodeIgniter\CodeIgniter->runController(Object(App\Controllers\CarritoController))
#8 C:\xampp\htdocs\RamirezAlfredo-P1\system\CodeIgniter.php(326): CodeIgniter\CodeIgniter->handleRequest(NULL, Object(Config\Cache), false)
#9 C:\xampp\htdocs\RamirezAlfredo-P1\index.php(37): CodeIgniter\CodeIgniter->run()
#10 {main}
CRITICAL - 2022-06-29 17:32:56 --> Undefined variable: productos_id
#0 C:\xampp\htdocs\RamirezAlfredo-P1\app\Views\carrito\compra_realizada.php(44): CodeIgniter\Debug\Exceptions->errorHandler(8, 'Undefined varia...', 'C:\\xampp\\htdocs...', 44, Array)
#1 C:\xampp\htdocs\RamirezAlfredo-P1\system\View\View.php(210): include('C:\\xampp\\htdocs...')
#2 C:\xampp\htdocs\RamirezAlfredo-P1\system\View\View.php(213): CodeIgniter\View\View->CodeIgniter\View\{closure}()
#3 C:\xampp\htdocs\RamirezAlfredo-P1\system\Common.php(1089): CodeIgniter\View\View->render('carrito/compra_...', Array, true)
#4 C:\xampp\htdocs\RamirezAlfredo-P1\app\Controllers\CarritoController.php(216): view('carrito/compra_...', Array)
#5 C:\xampp\htdocs\RamirezAlfredo-P1\app\Controllers\CarritoController.php(127): App\Controllers\CarritoController->comprar_carrito()
#6 C:\xampp\htdocs\RamirezAlfredo-P1\system\CodeIgniter.php(832): App\Controllers\CarritoController->verificar_compra()
#7 C:\xampp\htdocs\RamirezAlfredo-P1\system\CodeIgniter.php(419): CodeIgniter\CodeIgniter->runController(Object(App\Controllers\CarritoController))
#8 C:\xampp\htdocs\RamirezAlfredo-P1\system\CodeIgniter.php(326): CodeIgniter\CodeIgniter->handleRequest(NULL, Object(Config\Cache), false)
#9 C:\xampp\htdocs\RamirezAlfredo-P1\index.php(37): CodeIgniter\CodeIgniter->run()
#10 {main}
CRITICAL - 2022-06-29 17:33:30 --> Undefined property: stdClass::$producto_id
#0 C:\xampp\htdocs\RamirezAlfredo-P1\app\Views\carrito\compra_realizada.php(44): CodeIgniter\Debug\Exceptions->errorHandler(8, 'Undefined prope...', 'C:\\xampp\\htdocs...', 44, Array)
#1 C:\xampp\htdocs\RamirezAlfredo-P1\system\View\View.php(210): include('C:\\xampp\\htdocs...')
#2 C:\xampp\htdocs\RamirezAlfredo-P1\system\View\View.php(213): CodeIgniter\View\View->CodeIgniter\View\{closure}()
#3 C:\xampp\htdocs\RamirezAlfredo-P1\system\Common.php(1089): CodeIgniter\View\View->render('carrito/compra_...', Array, true)
#4 C:\xampp\htdocs\RamirezAlfredo-P1\app\Controllers\CarritoController.php(216): view('carrito/compra_...', Array)
#5 C:\xampp\htdocs\RamirezAlfredo-P1\app\Controllers\CarritoController.php(127): App\Controllers\CarritoController->comprar_carrito()
#6 C:\xampp\htdocs\RamirezAlfredo-P1\system\CodeIgniter.php(832): App\Controllers\CarritoController->verificar_compra()
#7 C:\xampp\htdocs\RamirezAlfredo-P1\system\CodeIgniter.php(419): CodeIgniter\CodeIgniter->runController(Object(App\Controllers\CarritoController))
#8 C:\xampp\htdocs\RamirezAlfredo-P1\system\CodeIgniter.php(326): CodeIgniter\CodeIgniter->handleRequest(NULL, Object(Config\Cache), false)
#9 C:\xampp\htdocs\RamirezAlfredo-P1\index.php(37): CodeIgniter\CodeIgniter->run()
#10 {main}
CRITICAL - 2022-06-29 17:33:51 --> Undefined property: stdClass::$venta_id
#0 C:\xampp\htdocs\RamirezAlfredo-P1\app\Views\carrito\compra_realizada.php(44): CodeIgniter\Debug\Exceptions->errorHandler(8, 'Undefined prope...', 'C:\\xampp\\htdocs...', 44, Array)
#1 C:\xampp\htdocs\RamirezAlfredo-P1\system\View\View.php(210): include('C:\\xampp\\htdocs...')
#2 C:\xampp\htdocs\RamirezAlfredo-P1\system\View\View.php(213): CodeIgniter\View\View->CodeIgniter\View\{closure}()
#3 C:\xampp\htdocs\RamirezAlfredo-P1\system\Common.php(1089): CodeIgniter\View\View->render('carrito/compra_...', Array, true)
#4 C:\xampp\htdocs\RamirezAlfredo-P1\app\Controllers\CarritoController.php(216): view('carrito/compra_...', Array)
#5 C:\xampp\htdocs\RamirezAlfredo-P1\app\Controllers\CarritoController.php(127): App\Controllers\CarritoController->comprar_carrito()
#6 C:\xampp\htdocs\RamirezAlfredo-P1\system\CodeIgniter.php(832): App\Controllers\CarritoController->verificar_compra()
#7 C:\xampp\htdocs\RamirezAlfredo-P1\system\CodeIgniter.php(419): CodeIgniter\CodeIgniter->runController(Object(App\Controllers\CarritoController))
#8 C:\xampp\htdocs\RamirezAlfredo-P1\system\CodeIgniter.php(326): CodeIgniter\CodeIgniter->handleRequest(NULL, Object(Config\Cache), false)
#9 C:\xampp\htdocs\RamirezAlfredo-P1\index.php(37): CodeIgniter\CodeIgniter->run()
#10 {main}
CRITICAL - 2022-06-29 17:34:08 --> Undefined property: stdClass::$id_venta
#0 C:\xampp\htdocs\RamirezAlfredo-P1\app\Views\carrito\compra_realizada.php(44): CodeIgniter\Debug\Exceptions->errorHandler(8, 'Undefined prope...', 'C:\\xampp\\htdocs...', 44, Array)
#1 C:\xampp\htdocs\RamirezAlfredo-P1\system\View\View.php(210): include('C:\\xampp\\htdocs...')
#2 C:\xampp\htdocs\RamirezAlfredo-P1\system\View\View.php(213): CodeIgniter\View\View->CodeIgniter\View\{closure}()
#3 C:\xampp\htdocs\RamirezAlfredo-P1\system\Common.php(1089): CodeIgniter\View\View->render('carrito/compra_...', Array, true)
#4 C:\xampp\htdocs\RamirezAlfredo-P1\app\Controllers\CarritoController.php(216): view('carrito/compra_...', Array)
#5 C:\xampp\htdocs\RamirezAlfredo-P1\app\Controllers\CarritoController.php(127): App\Controllers\CarritoController->comprar_carrito()
#6 C:\xampp\htdocs\RamirezAlfredo-P1\system\CodeIgniter.php(832): App\Controllers\CarritoController->verificar_compra()
#7 C:\xampp\htdocs\RamirezAlfredo-P1\system\CodeIgniter.php(419): CodeIgniter\CodeIgniter->runController(Object(App\Controllers\CarritoController))
#8 C:\xampp\htdocs\RamirezAlfredo-P1\system\CodeIgniter.php(326): CodeIgniter\CodeIgniter->handleRequest(NULL, Object(Config\Cache), false)
#9 C:\xampp\htdocs\RamirezAlfredo-P1\index.php(37): CodeIgniter\CodeIgniter->run()
#10 {main}
CRITICAL - 2022-06-29 17:47:09 --> Undefined variable: cliente
#0 C:\xampp\htdocs\RamirezAlfredo-P1\app\Views\carrito\compra_realizada.php(44): CodeIgniter\Debug\Exceptions->errorHandler(8, 'Undefined varia...', 'C:\\xampp\\htdocs...', 44, Array)
#1 C:\xampp\htdocs\RamirezAlfredo-P1\system\View\View.php(210): include('C:\\xampp\\htdocs...')
#2 C:\xampp\htdocs\RamirezAlfredo-P1\system\View\View.php(213): CodeIgniter\View\View->CodeIgniter\View\{closure}()
#3 C:\xampp\htdocs\RamirezAlfredo-P1\system\Common.php(1089): CodeIgniter\View\View->render('carrito/compra_...', Array, true)
#4 C:\xampp\htdocs\RamirezAlfredo-P1\app\Controllers\CarritoController.php(216): view('carrito/compra_...', Array)
#5 C:\xampp\htdocs\RamirezAlfredo-P1\app\Controllers\CarritoController.php(127): App\Controllers\CarritoController->comprar_carrito()
#6 C:\xampp\htdocs\RamirezAlfredo-P1\system\CodeIgniter.php(832): App\Controllers\CarritoController->verificar_compra()
#7 C:\xampp\htdocs\RamirezAlfredo-P1\system\CodeIgniter.php(419): CodeIgniter\CodeIgniter->runController(Object(App\Controllers\CarritoController))
#8 C:\xampp\htdocs\RamirezAlfredo-P1\system\CodeIgniter.php(326): CodeIgniter\CodeIgniter->handleRequest(NULL, Object(Config\Cache), false)
#9 C:\xampp\htdocs\RamirezAlfredo-P1\index.php(37): CodeIgniter\CodeIgniter->run()
#10 {main}
CRITICAL - 2022-06-29 17:47:30 --> Cannot use object of type stdClass as array
#0 C:\xampp\htdocs\RamirezAlfredo-P1\system\View\View.php(210): include()
#1 C:\xampp\htdocs\RamirezAlfredo-P1\system\View\View.php(213): CodeIgniter\View\View->CodeIgniter\View\{closure}()
#2 C:\xampp\htdocs\RamirezAlfredo-P1\system\Common.php(1089): CodeIgniter\View\View->render('carrito/compra_...', Array, true)
#3 C:\xampp\htdocs\RamirezAlfredo-P1\app\Controllers\CarritoController.php(216): view('carrito/compra_...', Array)
#4 C:\xampp\htdocs\RamirezAlfredo-P1\app\Controllers\CarritoController.php(127): App\Controllers\CarritoController->comprar_carrito()
#5 C:\xampp\htdocs\RamirezAlfredo-P1\system\CodeIgniter.php(832): App\Controllers\CarritoController->verificar_compra()
#6 C:\xampp\htdocs\RamirezAlfredo-P1\system\CodeIgniter.php(419): CodeIgniter\CodeIgniter->runController(Object(App\Controllers\CarritoController))
#7 C:\xampp\htdocs\RamirezAlfredo-P1\system\CodeIgniter.php(326): CodeIgniter\CodeIgniter->handleRequest(NULL, Object(Config\Cache), false)
#8 C:\xampp\htdocs\RamirezAlfredo-P1\index.php(37): CodeIgniter\CodeIgniter->run()
#9 {main}
CRITICAL - 2022-06-29 17:50:19 --> Undefined property: stdClass::$ventas_id
#0 C:\xampp\htdocs\RamirezAlfredo-P1\app\Views\carrito\compra_realizada.php(42): CodeIgniter\Debug\Exceptions->errorHandler(8, 'Undefined prope...', 'C:\\xampp\\htdocs...', 42, Array)
#1 C:\xampp\htdocs\RamirezAlfredo-P1\system\View\View.php(210): include('C:\\xampp\\htdocs...')
#2 C:\xampp\htdocs\RamirezAlfredo-P1\system\View\View.php(213): CodeIgniter\View\View->CodeIgniter\View\{closure}()
#3 C:\xampp\htdocs\RamirezAlfredo-P1\system\Common.php(1089): CodeIgniter\View\View->render('carrito/compra_...', Array, true)
#4 C:\xampp\htdocs\RamirezAlfredo-P1\app\Controllers\CarritoController.php(216): view('carrito/compra_...', Array)
#5 C:\xampp\htdocs\RamirezAlfredo-P1\app\Controllers\CarritoController.php(127): App\Controllers\CarritoController->comprar_carrito()
#6 C:\xampp\htdocs\RamirezAlfredo-P1\system\CodeIgniter.php(832): App\Controllers\CarritoController->verificar_compra()
#7 C:\xampp\htdocs\RamirezAlfredo-P1\system\CodeIgniter.php(419): CodeIgniter\CodeIgniter->runController(Object(App\Controllers\CarritoController))
#8 C:\xampp\htdocs\RamirezAlfredo-P1\system\CodeIgniter.php(326): CodeIgniter\CodeIgniter->handleRequest(NULL, Object(Config\Cache), false)
#9 C:\xampp\htdocs\RamirezAlfredo-P1\index.php(37): CodeIgniter\CodeIgniter->run()
#10 {main}
CRITICAL - 2022-06-29 17:50:48 --> Cannot use object of type stdClass as array
#0 C:\xampp\htdocs\RamirezAlfredo-P1\system\View\View.php(210): include()
#1 C:\xampp\htdocs\RamirezAlfredo-P1\system\View\View.php(213): CodeIgniter\View\View->CodeIgniter\View\{closure}()
#2 C:\xampp\htdocs\RamirezAlfredo-P1\system\Common.php(1089): CodeIgniter\View\View->render('carrito/compra_...', Array, true)
#3 C:\xampp\htdocs\RamirezAlfredo-P1\app\Controllers\CarritoController.php(216): view('carrito/compra_...', Array)
#4 C:\xampp\htdocs\RamirezAlfredo-P1\app\Controllers\CarritoController.php(127): App\Controllers\CarritoController->comprar_carrito()
#5 C:\xampp\htdocs\RamirezAlfredo-P1\system\CodeIgniter.php(832): App\Controllers\CarritoController->verificar_compra()
#6 C:\xampp\htdocs\RamirezAlfredo-P1\system\CodeIgniter.php(419): CodeIgniter\CodeIgniter->runController(Object(App\Controllers\CarritoController))
#7 C:\xampp\htdocs\RamirezAlfredo-P1\system\CodeIgniter.php(326): CodeIgniter\CodeIgniter->handleRequest(NULL, Object(Config\Cache), false)
#8 C:\xampp\htdocs\RamirezAlfredo-P1\index.php(37): CodeIgniter\CodeIgniter->run()
#9 {main}
CRITICAL - 2022-06-29 17:52:57 --> Undefined property: stdClass::$ventas_id
#0 C:\xampp\htdocs\RamirezAlfredo-P1\app\Views\carrito\compra_realizada.php(44): CodeIgniter\Debug\Exceptions->errorHandler(8, 'Undefined prope...', 'C:\\xampp\\htdocs...', 44, Array)
#1 C:\xampp\htdocs\RamirezAlfredo-P1\system\View\View.php(210): include('C:\\xampp\\htdocs...')
#2 C:\xampp\htdocs\RamirezAlfredo-P1\system\View\View.php(213): CodeIgniter\View\View->CodeIgniter\View\{closure}()
#3 C:\xampp\htdocs\RamirezAlfredo-P1\system\Common.php(1089): CodeIgniter\View\View->render('carrito/compra_...', Array, true)
#4 C:\xampp\htdocs\RamirezAlfredo-P1\app\Controllers\CarritoController.php(216): view('carrito/compra_...', Array)
#5 C:\xampp\htdocs\RamirezAlfredo-P1\app\Controllers\CarritoController.php(127): App\Controllers\CarritoController->comprar_carrito()
#6 C:\xampp\htdocs\RamirezAlfredo-P1\system\CodeIgniter.php(832): App\Controllers\CarritoController->verificar_compra()
#7 C:\xampp\htdocs\RamirezAlfredo-P1\system\CodeIgniter.php(419): CodeIgniter\CodeIgniter->runController(Object(App\Controllers\CarritoController))
#8 C:\xampp\htdocs\RamirezAlfredo-P1\system\CodeIgniter.php(326): CodeIgniter\CodeIgniter->handleRequest(NULL, Object(Config\Cache), false)
#9 C:\xampp\htdocs\RamirezAlfredo-P1\index.php(37): CodeIgniter\CodeIgniter->run()
#10 {main}
ERROR - 2022-06-29 17:56:32 --> Cannot add or update a child row: a foreign key constraint fails (`ramirezalfredo-p1`.`detalle_ventas`, CONSTRAINT `detalle_ventas_ibfk_2` FOREIGN KEY (`id_ventas`) REFERENCES `cabecera_ventas` (`id_ventas`))
ERROR - 2022-06-29 17:58:45 --> Cannot add or update a child row: a foreign key constraint fails (`ramirezalfredo-p1`.`detalle_ventas`, CONSTRAINT `detalle_ventas_ibfk_2` FOREIGN KEY (`id_ventas`) REFERENCES `cabecera_ventas` (`id_ventas`))
CRITICAL - 2022-06-29 18:58:07 --> explode() expects parameter 2 to be string, array given
#0 [internal function]: CodeIgniter\Debug\Exceptions->errorHandler(2, 'explode() expec...', 'C:\\xampp\\htdocs...', 43, Array)
#1 C:\xampp\htdocs\RamirezAlfredo-P1\app\Views\carrito\compra_realizada.php(43): explode('_', Array)
#2 C:\xampp\htdocs\RamirezAlfredo-P1\system\View\View.php(210): include('C:\\xampp\\htdocs...')
#3 C:\xampp\htdocs\RamirezAlfredo-P1\system\View\View.php(213): CodeIgniter\View\View->CodeIgniter\View\{closure}()
#4 C:\xampp\htdocs\RamirezAlfredo-P1\system\Common.php(1089): CodeIgniter\View\View->render('carrito/compra_...', Array, true)
#5 C:\xampp\htdocs\RamirezAlfredo-P1\app\Controllers\CarritoController.php(216): view('carrito/compra_...', Array)
#6 C:\xampp\htdocs\RamirezAlfredo-P1\app\Controllers\CarritoController.php(127): App\Controllers\CarritoController->comprar_carrito()
#7 C:\xampp\htdocs\RamirezAlfredo-P1\system\CodeIgniter.php(832): App\Controllers\CarritoController->verificar_compra()
#8 C:\xampp\htdocs\RamirezAlfredo-P1\system\CodeIgniter.php(419): CodeIgniter\CodeIgniter->runController(Object(App\Controllers\CarritoController))
#9 C:\xampp\htdocs\RamirezAlfredo-P1\system\CodeIgniter.php(326): CodeIgniter\CodeIgniter->handleRequest(NULL, Object(Config\Cache), false)
#10 C:\xampp\htdocs\RamirezAlfredo-P1\index.php(37): CodeIgniter\CodeIgniter->run()
#11 {main}
CRITICAL - 2022-06-29 18:58:38 --> explode() expects parameter 2 to be string, array given
#0 [internal function]: CodeIgniter\Debug\Exceptions->errorHandler(2, 'explode() expec...', 'C:\\xampp\\htdocs...', 43, Array)
#1 C:\xampp\htdocs\RamirezAlfredo-P1\app\Views\carrito\compra_realizada.php(43): explode('_', Array)
#2 C:\xampp\htdocs\RamirezAlfredo-P1\system\View\View.php(210): include('C:\\xampp\\htdocs...')
#3 C:\xampp\htdocs\RamirezAlfredo-P1\system\View\View.php(213): CodeIgniter\View\View->CodeIgniter\View\{closure}()
#4 C:\xampp\htdocs\RamirezAlfredo-P1\system\Common.php(1089): CodeIgniter\View\View->render('carrito/compra_...', Array, true)
#5 C:\xampp\htdocs\RamirezAlfredo-P1\app\Controllers\CarritoController.php(216): view('carrito/compra_...', Array)
#6 C:\xampp\htdocs\RamirezAlfredo-P1\app\Controllers\CarritoController.php(127): App\Controllers\CarritoController->comprar_carrito()
#7 C:\xampp\htdocs\RamirezAlfredo-P1\system\CodeIgniter.php(832): App\Controllers\CarritoController->verificar_compra()
#8 C:\xampp\htdocs\RamirezAlfredo-P1\system\CodeIgniter.php(419): CodeIgniter\CodeIgniter->runController(Object(App\Controllers\CarritoController))
#9 C:\xampp\htdocs\RamirezAlfredo-P1\system\CodeIgniter.php(326): CodeIgniter\CodeIgniter->handleRequest(NULL, Object(Config\Cache), false)
#10 C:\xampp\htdocs\RamirezAlfredo-P1\index.php(37): CodeIgniter\CodeIgniter->run()
#11 {main}
CRITICAL - 2022-06-29 18:59:03 --> Trying to get property 'id_ventas' of non-object
#0 C:\xampp\htdocs\RamirezAlfredo-P1\app\Views\carrito\compra_realizada.php(43): CodeIgniter\Debug\Exceptions->errorHandler(8, 'Trying to get p...', 'C:\\xampp\\htdocs...', 43, Array)
#1 C:\xampp\htdocs\RamirezAlfredo-P1\system\View\View.php(210): include('C:\\xampp\\htdocs...')
#2 C:\xampp\htdocs\RamirezAlfredo-P1\system\View\View.php(213): CodeIgniter\View\View->CodeIgniter\View\{closure}()
#3 C:\xampp\htdocs\RamirezAlfredo-P1\system\Common.php(1089): CodeIgniter\View\View->render('carrito/compra_...', Array, true)
#4 C:\xampp\htdocs\RamirezAlfredo-P1\app\Controllers\CarritoController.php(216): view('carrito/compra_...', Array)
#5 C:\xampp\htdocs\RamirezAlfredo-P1\app\Controllers\CarritoController.php(127): App\Controllers\CarritoController->comprar_carrito()
#6 C:\xampp\htdocs\RamirezAlfredo-P1\system\CodeIgniter.php(832): App\Controllers\CarritoController->verificar_compra()
#7 C:\xampp\htdocs\RamirezAlfredo-P1\system\CodeIgniter.php(419): CodeIgniter\CodeIgniter->runController(Object(App\Controllers\CarritoController))
#8 C:\xampp\htdocs\RamirezAlfredo-P1\system\CodeIgniter.php(326): CodeIgniter\CodeIgniter->handleRequest(NULL, Object(Config\Cache), false)
#9 C:\xampp\htdocs\RamirezAlfredo-P1\index.php(37): CodeIgniter\CodeIgniter->run()
#10 {main}
CRITICAL - 2022-06-29 19:09:04 --> Undefined variable: nroVenta
#0 C:\xampp\htdocs\RamirezAlfredo-P1\app\Views\carrito\compra_realizada.php(42): CodeIgniter\Debug\Exceptions->errorHandler(8, 'Undefined varia...', 'C:\\xampp\\htdocs...', 42, Array)
#1 C:\xampp\htdocs\RamirezAlfredo-P1\system\View\View.php(210): include('C:\\xampp\\htdocs...')
#2 C:\xampp\htdocs\RamirezAlfredo-P1\system\View\View.php(213): CodeIgniter\View\View->CodeIgniter\View\{closure}()
#3 C:\xampp\htdocs\RamirezAlfredo-P1\system\Common.php(1089): CodeIgniter\View\View->render('carrito/compra_...', Array, true)
#4 C:\xampp\htdocs\RamirezAlfredo-P1\app\Controllers\CarritoController.php(216): view('carrito/compra_...', Array)
#5 C:\xampp\htdocs\RamirezAlfredo-P1\app\Controllers\CarritoController.php(127): App\Controllers\CarritoController->comprar_carrito()
#6 C:\xampp\htdocs\RamirezAlfredo-P1\system\CodeIgniter.php(832): App\Controllers\CarritoController->verificar_compra()
#7 C:\xampp\htdocs\RamirezAlfredo-P1\system\CodeIgniter.php(419): CodeIgniter\CodeIgniter->runController(Object(App\Controllers\CarritoController))
#8 C:\xampp\htdocs\RamirezAlfredo-P1\system\CodeIgniter.php(326): CodeIgniter\CodeIgniter->handleRequest(NULL, Object(Config\Cache), false)
#9 C:\xampp\htdocs\RamirezAlfredo-P1\index.php(37): CodeIgniter\CodeIgniter->run()
#10 {main}
CRITICAL - 2022-06-29 19:09:52 --> Cannot use object of type stdClass as array
#0 C:\xampp\htdocs\RamirezAlfredo-P1\system\View\View.php(210): include()
#1 C:\xampp\htdocs\RamirezAlfredo-P1\system\View\View.php(213): CodeIgniter\View\View->CodeIgniter\View\{closure}()
#2 C:\xampp\htdocs\RamirezAlfredo-P1\system\Common.php(1089): CodeIgniter\View\View->render('carrito/compra_...', Array, true)
#3 C:\xampp\htdocs\RamirezAlfredo-P1\app\Controllers\CarritoController.php(216): view('carrito/compra_...', Array)
#4 C:\xampp\htdocs\RamirezAlfredo-P1\app\Controllers\CarritoController.php(127): App\Controllers\CarritoController->comprar_carrito()
#5 C:\xampp\htdocs\RamirezAlfredo-P1\system\CodeIgniter.php(832): App\Controllers\CarritoController->verificar_compra()
#6 C:\xampp\htdocs\RamirezAlfredo-P1\system\CodeIgniter.php(419): CodeIgniter\CodeIgniter->runController(Object(App\Controllers\CarritoController))
#7 C:\xampp\htdocs\RamirezAlfredo-P1\system\CodeIgniter.php(326): CodeIgniter\CodeIgniter->handleRequest(NULL, Object(Config\Cache), false)
#8 C:\xampp\htdocs\RamirezAlfredo-P1\index.php(37): CodeIgniter\CodeIgniter->run()
#9 {main}
