CRITICAL - 2022-07-13 07:58:09 --> Undefined variable: nroVenta
#0 C:\xampp\htdocs\RamirezAlfredo-P1\app\Views\carrito\compra_detalles.php(36): CodeIgniter\Debug\Exceptions->errorHandler(8, 'Undefined varia...', 'C:\\xampp\\htdocs...', 36, Array)
#1 C:\xampp\htdocs\RamirezAlfredo-P1\system\View\View.php(210): include('C:\\xampp\\htdocs...')
#2 C:\xampp\htdocs\RamirezAlfredo-P1\system\View\View.php(213): CodeIgniter\View\View->CodeIgniter\View\{closure}()
#3 C:\xampp\htdocs\RamirezAlfredo-P1\system\Common.php(1089): CodeIgniter\View\View->render('carrito/compra_...', Array, true)
#4 C:\xampp\htdocs\RamirezAlfredo-P1\app\Controllers\CarritoController.php(156): view('carrito/compra_...', Array)
#5 C:\xampp\htdocs\RamirezAlfredo-P1\system\CodeIgniter.php(832): App\Controllers\CarritoController->muestra_detalle()
#6 C:\xampp\htdocs\RamirezAlfredo-P1\system\CodeIgniter.php(419): CodeIgniter\CodeIgniter->runController(Object(App\Controllers\CarritoController))
#7 C:\xampp\htdocs\RamirezAlfredo-P1\system\CodeIgniter.php(326): CodeIgniter\CodeIgniter->handleRequest(NULL, Object(Config\Cache), false)
#8 C:\xampp\htdocs\RamirezAlfredo-P1\index.php(37): CodeIgniter\CodeIgniter->run()
#9 {main}
CRITICAL - 2022-07-13 07:59:32 --> Undefined variable: productos
#0 C:\xampp\htdocs\RamirezAlfredo-P1\app\Views\carrito\compra_detalles.php(15): CodeIgniter\Debug\Exceptions->errorHandler(8, 'Undefined varia...', 'C:\\xampp\\htdocs...', 15, Array)
#1 C:\xampp\htdocs\RamirezAlfredo-P1\system\View\View.php(210): include('C:\\xampp\\htdocs...')
#2 C:\xampp\htdocs\RamirezAlfredo-P1\system\View\View.php(213): CodeIgniter\View\View->CodeIgniter\View\{closure}()
#3 C:\xampp\htdocs\RamirezAlfredo-P1\system\Common.php(1089): CodeIgniter\View\View->render('carrito/compra_...', Array, true)
#4 C:\xampp\htdocs\RamirezAlfredo-P1\app\Controllers\CarritoController.php(156): view('carrito/compra_...', Array)
#5 C:\xampp\htdocs\RamirezAlfredo-P1\system\CodeIgniter.php(832): App\Controllers\CarritoController->muestra_detalle()
#6 C:\xampp\htdocs\RamirezAlfredo-P1\system\CodeIgniter.php(419): CodeIgniter\CodeIgniter->runController(Object(App\Controllers\CarritoController))
#7 C:\xampp\htdocs\RamirezAlfredo-P1\system\CodeIgniter.php(326): CodeIgniter\CodeIgniter->handleRequest(NULL, Object(Config\Cache), false)
#8 C:\xampp\htdocs\RamirezAlfredo-P1\index.php(37): CodeIgniter\CodeIgniter->run()
#9 {main}
CRITICAL - 2022-07-13 07:59:51 --> Undefined variable: productos
#0 C:\xampp\htdocs\RamirezAlfredo-P1\app\Views\carrito\compra_detalles.php(15): CodeIgniter\Debug\Exceptions->errorHandler(8, 'Undefined varia...', 'C:\\xampp\\htdocs...', 15, Array)
#1 C:\xampp\htdocs\RamirezAlfredo-P1\system\View\View.php(210): include('C:\\xampp\\htdocs...')
#2 C:\xampp\htdocs\RamirezAlfredo-P1\system\View\View.php(213): CodeIgniter\View\View->CodeIgniter\View\{closure}()
#3 C:\xampp\htdocs\RamirezAlfredo-P1\system\Common.php(1089): CodeIgniter\View\View->render('carrito/compra_...', Array, true)
#4 C:\xampp\htdocs\RamirezAlfredo-P1\app\Controllers\CarritoController.php(156): view('carrito/compra_...', Array)
#5 C:\xampp\htdocs\RamirezAlfredo-P1\system\CodeIgniter.php(832): App\Controllers\CarritoController->muestra_detalle()
#6 C:\xampp\htdocs\RamirezAlfredo-P1\system\CodeIgniter.php(419): CodeIgniter\CodeIgniter->runController(Object(App\Controllers\CarritoController))
#7 C:\xampp\htdocs\RamirezAlfredo-P1\system\CodeIgniter.php(326): CodeIgniter\CodeIgniter->handleRequest(NULL, Object(Config\Cache), false)
#8 C:\xampp\htdocs\RamirezAlfredo-P1\index.php(37): CodeIgniter\CodeIgniter->run()
#9 {main}
CRITICAL - 2022-07-13 07:59:53 --> Undefined variable: productos
#0 C:\xampp\htdocs\RamirezAlfredo-P1\app\Views\carrito\compra_detalles.php(15): CodeIgniter\Debug\Exceptions->errorHandler(8, 'Undefined varia...', 'C:\\xampp\\htdocs...', 15, Array)
#1 C:\xampp\htdocs\RamirezAlfredo-P1\system\View\View.php(210): include('C:\\xampp\\htdocs...')
#2 C:\xampp\htdocs\RamirezAlfredo-P1\system\View\View.php(213): CodeIgniter\View\View->CodeIgniter\View\{closure}()
#3 C:\xampp\htdocs\RamirezAlfredo-P1\system\Common.php(1089): CodeIgniter\View\View->render('carrito/compra_...', Array, true)
#4 C:\xampp\htdocs\RamirezAlfredo-P1\app\Controllers\CarritoController.php(156): view('carrito/compra_...', Array)
#5 C:\xampp\htdocs\RamirezAlfredo-P1\system\CodeIgniter.php(832): App\Controllers\CarritoController->muestra_detalle()
#6 C:\xampp\htdocs\RamirezAlfredo-P1\system\CodeIgniter.php(419): CodeIgniter\CodeIgniter->runController(Object(App\Controllers\CarritoController))
#7 C:\xampp\htdocs\RamirezAlfredo-P1\system\CodeIgniter.php(326): CodeIgniter\CodeIgniter->handleRequest(NULL, Object(Config\Cache), false)
#8 C:\xampp\htdocs\RamirezAlfredo-P1\index.php(37): CodeIgniter\CodeIgniter->run()
#9 {main}
