ERROR - 2022-07-01 07:28:14 --> Cannot add or update a child row: a foreign key constraint fails (`ramirezalfredo-p1`.`detalle_ventas`, CONSTRAINT `detalle_ventas_ibfk_2` FOREIGN KEY (`id_ventas`) REFERENCES `cabecera_ventas` (`id_ventas`))
ERROR - 2022-07-01 07:31:49 --> Cannot add or update a child row: a foreign key constraint fails (`ramirezalfredo-p1`.`detalle_ventas`, CONSTRAINT `detalle_ventas_ibfk_2` FOREIGN KEY (`id_ventas`) REFERENCES `cabecera_ventas` (`id_ventas`))
CRITICAL - 2022-07-01 07:31:49 --> Undefined variable: productos
#0 C:\xampp\htdocs\RamirezAlfredo-P1\app\Views\carrito\compra_realizada.php(9): CodeIgniter\Debug\Exceptions->errorHandler(8, 'Undefined varia...', 'C:\\xampp\\htdocs...', 9, Array)
#1 C:\xampp\htdocs\RamirezAlfredo-P1\system\View\View.php(210): include('C:\\xampp\\htdocs...')
#2 C:\xampp\htdocs\RamirezAlfredo-P1\system\View\View.php(213): CodeIgniter\View\View->CodeIgniter\View\{closure}()
#3 C:\xampp\htdocs\RamirezAlfredo-P1\system\Common.php(1089): CodeIgniter\View\View->render('carrito/compra_...', Array, true)
#4 C:\xampp\htdocs\RamirezAlfredo-P1\app\Controllers\CarritoController.php(216): view('carrito/compra_...', Array)
#5 C:\xampp\htdocs\RamirezAlfredo-P1\app\Controllers\CarritoController.php(127): App\Controllers\CarritoController->comprar_carrito()
#6 C:\xampp\htdocs\RamirezAlfredo-P1\system\CodeIgniter.php(832): App\Controllers\CarritoController->verificar_compra()
#7 C:\xampp\htdocs\RamirezAlfredo-P1\system\CodeIgniter.php(419): CodeIgniter\CodeIgniter->runController(Object(App\Controllers\CarritoController))
#8 C:\xampp\htdocs\RamirezAlfredo-P1\system\CodeIgniter.php(326): CodeIgniter\CodeIgniter->handleRequest(NULL, Object(Config\Cache), false)
#9 C:\xampp\htdocs\RamirezAlfredo-P1\index.php(37): CodeIgniter\CodeIgniter->run()
#10 {main}
ERROR - 2022-07-01 07:32:28 --> Cannot add or update a child row: a foreign key constraint fails (`ramirezalfredo-p1`.`detalle_ventas`, CONSTRAINT `detalle_ventas_ibfk_2` FOREIGN KEY (`id_ventas`) REFERENCES `cabecera_ventas` (`id_ventas`))
ERROR - 2022-07-01 07:41:07 --> Cannot add or update a child row: a foreign key constraint fails (`ramirezalfredo-p1`.`detalle_ventas`, CONSTRAINT `detalle_ventas_ibfk_2` FOREIGN KEY (`id_ventas`) REFERENCES `cabecera_ventas` (`id_ventas`))
ERROR - 2022-07-01 07:45:22 --> Cannot add or update a child row: a foreign key constraint fails (`ramirezalfredo-p1`.`detalle_ventas`, CONSTRAINT `detalle_ventas_ibfk_2` FOREIGN KEY (`id_ventas`) REFERENCES `cabecera_ventas` (`id_ventas`))
ERROR - 2022-07-01 07:47:41 --> Cannot add or update a child row: a foreign key constraint fails (`ramirezalfredo-p1`.`detalle_ventas`, CONSTRAINT `detalle_ventas_ibfk_2` FOREIGN KEY (`id_ventas`) REFERENCES `cabecera_ventas` (`id_ventas`))
ERROR - 2022-07-01 07:48:57 --> Cannot add or update a child row: a foreign key constraint fails (`ramirezalfredo-p1`.`detalle_ventas`, CONSTRAINT `detalle_ventas_ibfk_2` FOREIGN KEY (`id_ventas`) REFERENCES `cabecera_ventas` (`id_ventas`))
ERROR - 2022-07-01 08:29:05 --> Cannot add or update a child row: a foreign key constraint fails (`ramirezalfredo-p1`.`detalle_ventas`, CONSTRAINT `detalle_ventas_ibfk_2` FOREIGN KEY (`id_ventas`) REFERENCES `cabecera_ventas` (`id_ventas`))
ERROR - 2022-07-01 08:32:13 --> Cannot add or update a child row: a foreign key constraint fails (`ramirezalfredo-p1`.`detalle_ventas`, CONSTRAINT `detalle_ventas_ibfk_2` FOREIGN KEY (`id_ventas`) REFERENCES `cabecera_ventas` (`id_ventas`))
ERROR - 2022-07-01 08:34:49 --> Cannot add or update a child row: a foreign key constraint fails (`ramirezalfredo-p1`.`detalle_ventas`, CONSTRAINT `detalle_ventas_ibfk_2` FOREIGN KEY (`id_ventas`) REFERENCES `cabecera_ventas` (`id_ventas`))
ERROR - 2022-07-01 08:37:16 --> Cannot add or update a child row: a foreign key constraint fails (`ramirezalfredo-p1`.`detalle_ventas`, CONSTRAINT `detalle_ventas_ibfk_2` FOREIGN KEY (`id_ventas`) REFERENCES `cabecera_ventas` (`id_ventas`))
ERROR - 2022-07-01 08:38:51 --> Cannot add or update a child row: a foreign key constraint fails (`ramirezalfredo-p1`.`detalle_ventas`, CONSTRAINT `detalle_ventas_ibfk_2` FOREIGN KEY (`id_ventas`) REFERENCES `cabecera_ventas` (`id_ventas`))
ERROR - 2022-07-01 08:40:37 --> You have an error in your SQL syntax; check the manual that corresponds to your MariaDB server version for the right syntax to use near ':239:' at line 3
CRITICAL - 2022-07-01 08:40:37 --> Call to a member function getResult() on bool
#0 C:\xampp\htdocs\RamirezAlfredo-P1\system\BaseModel.php(584): CodeIgniter\Model->doFindAll(0, 0)
#1 C:\xampp\htdocs\RamirezAlfredo-P1\app\Controllers\CarritoController.php(174): CodeIgniter\BaseModel->findAll()
#2 C:\xampp\htdocs\RamirezAlfredo-P1\app\Controllers\CarritoController.php(127): App\Controllers\CarritoController->comprar_carrito()
#3 C:\xampp\htdocs\RamirezAlfredo-P1\system\CodeIgniter.php(832): App\Controllers\CarritoController->verificar_compra()
#4 C:\xampp\htdocs\RamirezAlfredo-P1\system\CodeIgniter.php(419): CodeIgniter\CodeIgniter->runController(Object(App\Controllers\CarritoController))
#5 C:\xampp\htdocs\RamirezAlfredo-P1\system\CodeIgniter.php(326): CodeIgniter\CodeIgniter->handleRequest(NULL, Object(Config\Cache), false)
#6 C:\xampp\htdocs\RamirezAlfredo-P1\index.php(37): CodeIgniter\CodeIgniter->run()
#7 {main}
ERROR - 2022-07-01 08:43:16 --> Cannot add or update a child row: a foreign key constraint fails (`ramirezalfredo-p1`.`detalle_ventas`, CONSTRAINT `detalle_ventas_ibfk_2` FOREIGN KEY (`id_ventas`) REFERENCES `cabecera_ventas` (`id_ventas`))
ERROR - 2022-07-01 08:44:30 --> Cannot add or update a child row: a foreign key constraint fails (`ramirezalfredo-p1`.`detalle_ventas`, CONSTRAINT `detalle_ventas_ibfk_2` FOREIGN KEY (`id_ventas`) REFERENCES `cabecera_ventas` (`id_ventas`))
ERROR - 2022-07-01 08:47:31 --> Cannot add or update a child row: a foreign key constraint fails (`ramirezalfredo-p1`.`detalle_ventas`, CONSTRAINT `detalle_ventas_ibfk_2` FOREIGN KEY (`id_ventas`) REFERENCES `cabecera_ventas` (`id_ventas`))
ERROR - 2022-07-01 08:50:54 --> Cannot add or update a child row: a foreign key constraint fails (`ramirezalfredo-p1`.`detalle_ventas`, CONSTRAINT `detalle_ventas_ibfk_2` FOREIGN KEY (`id_ventas`) REFERENCES `cabecera_ventas` (`id_ventas`))
ERROR - 2022-07-01 08:53:15 --> Cannot add or update a child row: a foreign key constraint fails (`ramirezalfredo-p1`.`detalle_ventas`, CONSTRAINT `detalle_ventas_ibfk_2` FOREIGN KEY (`id_ventas`) REFERENCES `cabecera_ventas` (`id_ventas`))
ERROR - 2022-07-01 08:54:52 --> Cannot add or update a child row: a foreign key constraint fails (`ramirezalfredo-p1`.`detalle_ventas`, CONSTRAINT `detalle_ventas_ibfk_2` FOREIGN KEY (`id_ventas`) REFERENCES `cabecera_ventas` (`id_ventas`))
CRITICAL - 2022-07-01 08:55:25 --> Undefined variable: total
#0 C:\xampp\htdocs\RamirezAlfredo-P1\app\Views\carrito\compra_realizada.php(58): CodeIgniter\Debug\Exceptions->errorHandler(8, 'Undefined varia...', 'C:\\xampp\\htdocs...', 58, Array)
#1 C:\xampp\htdocs\RamirezAlfredo-P1\system\View\View.php(210): include('C:\\xampp\\htdocs...')
#2 C:\xampp\htdocs\RamirezAlfredo-P1\system\View\View.php(213): CodeIgniter\View\View->CodeIgniter\View\{closure}()
#3 C:\xampp\htdocs\RamirezAlfredo-P1\system\Common.php(1089): CodeIgniter\View\View->render('carrito/compra_...', Array, true)
#4 C:\xampp\htdocs\RamirezAlfredo-P1\app\Controllers\CarritoController.php(216): view('carrito/compra_...', Array)
#5 C:\xampp\htdocs\RamirezAlfredo-P1\app\Controllers\CarritoController.php(127): App\Controllers\CarritoController->comprar_carrito()
#6 C:\xampp\htdocs\RamirezAlfredo-P1\system\CodeIgniter.php(832): App\Controllers\CarritoController->verificar_compra()
#7 C:\xampp\htdocs\RamirezAlfredo-P1\system\CodeIgniter.php(419): CodeIgniter\CodeIgniter->runController(Object(App\Controllers\CarritoController))
#8 C:\xampp\htdocs\RamirezAlfredo-P1\system\CodeIgniter.php(326): CodeIgniter\CodeIgniter->handleRequest(NULL, Object(Config\Cache), false)
#9 C:\xampp\htdocs\RamirezAlfredo-P1\index.php(37): CodeIgniter\CodeIgniter->run()
#10 {main}
CRITICAL - 2022-07-01 08:57:36 --> Undefined variable: total
#0 C:\xampp\htdocs\RamirezAlfredo-P1\app\Views\carrito\compra_realizada.php(58): CodeIgniter\Debug\Exceptions->errorHandler(8, 'Undefined varia...', 'C:\\xampp\\htdocs...', 58, Array)
#1 C:\xampp\htdocs\RamirezAlfredo-P1\system\View\View.php(210): include('C:\\xampp\\htdocs...')
#2 C:\xampp\htdocs\RamirezAlfredo-P1\system\View\View.php(213): CodeIgniter\View\View->CodeIgniter\View\{closure}()
#3 C:\xampp\htdocs\RamirezAlfredo-P1\system\Common.php(1089): CodeIgniter\View\View->render('carrito/compra_...', Array, true)
#4 C:\xampp\htdocs\RamirezAlfredo-P1\app\Controllers\CarritoController.php(216): view('carrito/compra_...', Array)
#5 C:\xampp\htdocs\RamirezAlfredo-P1\app\Controllers\CarritoController.php(127): App\Controllers\CarritoController->comprar_carrito()
#6 C:\xampp\htdocs\RamirezAlfredo-P1\system\CodeIgniter.php(832): App\Controllers\CarritoController->verificar_compra()
#7 C:\xampp\htdocs\RamirezAlfredo-P1\system\CodeIgniter.php(419): CodeIgniter\CodeIgniter->runController(Object(App\Controllers\CarritoController))
#8 C:\xampp\htdocs\RamirezAlfredo-P1\system\CodeIgniter.php(326): CodeIgniter\CodeIgniter->handleRequest(NULL, Object(Config\Cache), false)
#9 C:\xampp\htdocs\RamirezAlfredo-P1\index.php(37): CodeIgniter\CodeIgniter->run()
#10 {main}
ERROR - 2022-07-01 08:58:57 --> Cannot add or update a child row: a foreign key constraint fails (`ramirezalfredo-p1`.`detalle_ventas`, CONSTRAINT `detalle_ventas_ibfk_2` FOREIGN KEY (`id_ventas`) REFERENCES `cabecera_ventas` (`id_ventas`))
ERROR - 2022-07-01 09:00:22 --> Cannot add or update a child row: a foreign key constraint fails (`ramirezalfredo-p1`.`detalle_ventas`, CONSTRAINT `detalle_ventas_ibfk_2` FOREIGN KEY (`id_ventas`) REFERENCES `cabecera_ventas` (`id_ventas`))
ERROR - 2022-07-01 09:03:19 --> Cannot add or update a child row: a foreign key constraint fails (`ramirezalfredo-p1`.`detalle_ventas`, CONSTRAINT `detalle_ventas_ibfk_2` FOREIGN KEY (`id_ventas`) REFERENCES `cabecera_ventas` (`id_ventas`))
ERROR - 2022-07-01 09:09:27 --> Cannot add or update a child row: a foreign key constraint fails (`ramirezalfredo-p1`.`detalle_ventas`, CONSTRAINT `detalle_ventas_ibfk_2` FOREIGN KEY (`id_ventas`) REFERENCES `cabecera_ventas` (`id_ventas`))
ERROR - 2022-07-01 09:13:09 --> Cannot add or update a child row: a foreign key constraint fails (`ramirezalfredo-p1`.`detalle_ventas`, CONSTRAINT `detalle_ventas_ibfk_2` FOREIGN KEY (`id_ventas`) REFERENCES `cabecera_ventas` (`id_ventas`))
CRITICAL - 2022-07-01 09:13:09 --> Undefined index: titulo
#0 C:\xampp\htdocs\RamirezAlfredo-P1\app\Views\carrito\compra_realizada.php(46): CodeIgniter\Debug\Exceptions->errorHandler(8, 'Undefined index...', 'C:\\xampp\\htdocs...', 46, Array)
#1 C:\xampp\htdocs\RamirezAlfredo-P1\system\View\View.php(210): include('C:\\xampp\\htdocs...')
#2 C:\xampp\htdocs\RamirezAlfredo-P1\system\View\View.php(213): CodeIgniter\View\View->CodeIgniter\View\{closure}()
#3 C:\xampp\htdocs\RamirezAlfredo-P1\system\Common.php(1089): CodeIgniter\View\View->render('carrito/compra_...', Array, true)
#4 C:\xampp\htdocs\RamirezAlfredo-P1\app\Controllers\CarritoController.php(216): view('carrito/compra_...', Array)
#5 C:\xampp\htdocs\RamirezAlfredo-P1\app\Controllers\CarritoController.php(127): App\Controllers\CarritoController->comprar_carrito()
#6 C:\xampp\htdocs\RamirezAlfredo-P1\system\CodeIgniter.php(832): App\Controllers\CarritoController->verificar_compra()
#7 C:\xampp\htdocs\RamirezAlfredo-P1\system\CodeIgniter.php(419): CodeIgniter\CodeIgniter->runController(Object(App\Controllers\CarritoController))
#8 C:\xampp\htdocs\RamirezAlfredo-P1\system\CodeIgniter.php(326): CodeIgniter\CodeIgniter->handleRequest(NULL, Object(Config\Cache), false)
#9 C:\xampp\htdocs\RamirezAlfredo-P1\index.php(37): CodeIgniter\CodeIgniter->run()
#10 {main}
ERROR - 2022-07-01 09:13:31 --> Cannot add or update a child row: a foreign key constraint fails (`ramirezalfredo-p1`.`detalle_ventas`, CONSTRAINT `detalle_ventas_ibfk_2` FOREIGN KEY (`id_ventas`) REFERENCES `cabecera_ventas` (`id_ventas`))
CRITICAL - 2022-07-01 09:13:31 --> Undefined index: precio
#0 C:\xampp\htdocs\RamirezAlfredo-P1\app\Views\carrito\compra_realizada.php(47): CodeIgniter\Debug\Exceptions->errorHandler(8, 'Undefined index...', 'C:\\xampp\\htdocs...', 47, Array)
#1 C:\xampp\htdocs\RamirezAlfredo-P1\system\View\View.php(210): include('C:\\xampp\\htdocs...')
#2 C:\xampp\htdocs\RamirezAlfredo-P1\system\View\View.php(213): CodeIgniter\View\View->CodeIgniter\View\{closure}()
#3 C:\xampp\htdocs\RamirezAlfredo-P1\system\Common.php(1089): CodeIgniter\View\View->render('carrito/compra_...', Array, true)
#4 C:\xampp\htdocs\RamirezAlfredo-P1\app\Controllers\CarritoController.php(216): view('carrito/compra_...', Array)
#5 C:\xampp\htdocs\RamirezAlfredo-P1\app\Controllers\CarritoController.php(127): App\Controllers\CarritoController->comprar_carrito()
#6 C:\xampp\htdocs\RamirezAlfredo-P1\system\CodeIgniter.php(832): App\Controllers\CarritoController->verificar_compra()
#7 C:\xampp\htdocs\RamirezAlfredo-P1\system\CodeIgniter.php(419): CodeIgniter\CodeIgniter->runController(Object(App\Controllers\CarritoController))
#8 C:\xampp\htdocs\RamirezAlfredo-P1\system\CodeIgniter.php(326): CodeIgniter\CodeIgniter->handleRequest(NULL, Object(Config\Cache), false)
#9 C:\xampp\htdocs\RamirezAlfredo-P1\index.php(37): CodeIgniter\CodeIgniter->run()
#10 {main}
ERROR - 2022-07-01 09:14:13 --> Cannot add or update a child row: a foreign key constraint fails (`ramirezalfredo-p1`.`detalle_ventas`, CONSTRAINT `detalle_ventas_ibfk_2` FOREIGN KEY (`id_ventas`) REFERENCES `cabecera_ventas` (`id_ventas`))
CRITICAL - 2022-07-01 09:14:14 --> Undefined index: precio
#0 C:\xampp\htdocs\RamirezAlfredo-P1\app\Views\carrito\compra_realizada.php(50): CodeIgniter\Debug\Exceptions->errorHandler(8, 'Undefined index...', 'C:\\xampp\\htdocs...', 50, Array)
#1 C:\xampp\htdocs\RamirezAlfredo-P1\system\View\View.php(210): include('C:\\xampp\\htdocs...')
#2 C:\xampp\htdocs\RamirezAlfredo-P1\system\View\View.php(213): CodeIgniter\View\View->CodeIgniter\View\{closure}()
#3 C:\xampp\htdocs\RamirezAlfredo-P1\system\Common.php(1089): CodeIgniter\View\View->render('carrito/compra_...', Array, true)
#4 C:\xampp\htdocs\RamirezAlfredo-P1\app\Controllers\CarritoController.php(216): view('carrito/compra_...', Array)
#5 C:\xampp\htdocs\RamirezAlfredo-P1\app\Controllers\CarritoController.php(127): App\Controllers\CarritoController->comprar_carrito()
#6 C:\xampp\htdocs\RamirezAlfredo-P1\system\CodeIgniter.php(832): App\Controllers\CarritoController->verificar_compra()
#7 C:\xampp\htdocs\RamirezAlfredo-P1\system\CodeIgniter.php(419): CodeIgniter\CodeIgniter->runController(Object(App\Controllers\CarritoController))
#8 C:\xampp\htdocs\RamirezAlfredo-P1\system\CodeIgniter.php(326): CodeIgniter\CodeIgniter->handleRequest(NULL, Object(Config\Cache), false)
#9 C:\xampp\htdocs\RamirezAlfredo-P1\index.php(37): CodeIgniter\CodeIgniter->run()
#10 {main}
ERROR - 2022-07-01 09:14:29 --> Cannot add or update a child row: a foreign key constraint fails (`ramirezalfredo-p1`.`detalle_ventas`, CONSTRAINT `detalle_ventas_ibfk_2` FOREIGN KEY (`id_ventas`) REFERENCES `cabecera_ventas` (`id_ventas`))
CRITICAL - 2022-07-01 09:14:29 --> Undefined index: precio
#0 C:\xampp\htdocs\RamirezAlfredo-P1\app\Views\carrito\compra_realizada.php(51): CodeIgniter\Debug\Exceptions->errorHandler(8, 'Undefined index...', 'C:\\xampp\\htdocs...', 51, Array)
#1 C:\xampp\htdocs\RamirezAlfredo-P1\system\View\View.php(210): include('C:\\xampp\\htdocs...')
#2 C:\xampp\htdocs\RamirezAlfredo-P1\system\View\View.php(213): CodeIgniter\View\View->CodeIgniter\View\{closure}()
#3 C:\xampp\htdocs\RamirezAlfredo-P1\system\Common.php(1089): CodeIgniter\View\View->render('carrito/compra_...', Array, true)
#4 C:\xampp\htdocs\RamirezAlfredo-P1\app\Controllers\CarritoController.php(216): view('carrito/compra_...', Array)
#5 C:\xampp\htdocs\RamirezAlfredo-P1\app\Controllers\CarritoController.php(127): App\Controllers\CarritoController->comprar_carrito()
#6 C:\xampp\htdocs\RamirezAlfredo-P1\system\CodeIgniter.php(832): App\Controllers\CarritoController->verificar_compra()
#7 C:\xampp\htdocs\RamirezAlfredo-P1\system\CodeIgniter.php(419): CodeIgniter\CodeIgniter->runController(Object(App\Controllers\CarritoController))
#8 C:\xampp\htdocs\RamirezAlfredo-P1\system\CodeIgniter.php(326): CodeIgniter\CodeIgniter->handleRequest(NULL, Object(Config\Cache), false)
#9 C:\xampp\htdocs\RamirezAlfredo-P1\index.php(37): CodeIgniter\CodeIgniter->run()
#10 {main}
ERROR - 2022-07-01 09:14:42 --> Cannot add or update a child row: a foreign key constraint fails (`ramirezalfredo-p1`.`detalle_ventas`, CONSTRAINT `detalle_ventas_ibfk_2` FOREIGN KEY (`id_ventas`) REFERENCES `cabecera_ventas` (`id_ventas`))
ERROR - 2022-07-01 09:16:03 --> Cannot add or update a child row: a foreign key constraint fails (`ramirezalfredo-p1`.`detalle_ventas`, CONSTRAINT `detalle_ventas_ibfk_2` FOREIGN KEY (`id_ventas`) REFERENCES `cabecera_ventas` (`id_ventas`))
ERROR - 2022-07-01 09:19:44 --> Cannot add or update a child row: a foreign key constraint fails (`ramirezalfredo-p1`.`detalle_ventas`, CONSTRAINT `detalle_ventas_ibfk_2` FOREIGN KEY (`id_ventas`) REFERENCES `cabecera_ventas` (`id_ventas`))
ERROR - 2022-07-01 09:26:44 --> Cannot add or update a child row: a foreign key constraint fails (`ramirezalfredo-p1`.`detalle_ventas`, CONSTRAINT `detalle_ventas_ibfk_2` FOREIGN KEY (`id_ventas`) REFERENCES `cabecera_ventas` (`id_ventas`))
CRITICAL - 2022-07-01 09:26:44 --> Undefined variable: total
#0 C:\xampp\htdocs\RamirezAlfredo-P1\app\Views\carrito\compra_realizada.php(49): CodeIgniter\Debug\Exceptions->errorHandler(8, 'Undefined varia...', 'C:\\xampp\\htdocs...', 49, Array)
#1 C:\xampp\htdocs\RamirezAlfredo-P1\system\View\View.php(210): include('C:\\xampp\\htdocs...')
#2 C:\xampp\htdocs\RamirezAlfredo-P1\system\View\View.php(213): CodeIgniter\View\View->CodeIgniter\View\{closure}()
#3 C:\xampp\htdocs\RamirezAlfredo-P1\system\Common.php(1089): CodeIgniter\View\View->render('carrito/compra_...', Array, true)
#4 C:\xampp\htdocs\RamirezAlfredo-P1\app\Controllers\CarritoController.php(216): view('carrito/compra_...', Array)
#5 C:\xampp\htdocs\RamirezAlfredo-P1\app\Controllers\CarritoController.php(127): App\Controllers\CarritoController->comprar_carrito()
#6 C:\xampp\htdocs\RamirezAlfredo-P1\system\CodeIgniter.php(832): App\Controllers\CarritoController->verificar_compra()
#7 C:\xampp\htdocs\RamirezAlfredo-P1\system\CodeIgniter.php(419): CodeIgniter\CodeIgniter->runController(Object(App\Controllers\CarritoController))
#8 C:\xampp\htdocs\RamirezAlfredo-P1\system\CodeIgniter.php(326): CodeIgniter\CodeIgniter->handleRequest(NULL, Object(Config\Cache), false)
#9 C:\xampp\htdocs\RamirezAlfredo-P1\index.php(37): CodeIgniter\CodeIgniter->run()
#10 {main}
ERROR - 2022-07-01 09:27:10 --> Cannot add or update a child row: a foreign key constraint fails (`ramirezalfredo-p1`.`detalle_ventas`, CONSTRAINT `detalle_ventas_ibfk_2` FOREIGN KEY (`id_ventas`) REFERENCES `cabecera_ventas` (`id_ventas`))
ERROR - 2022-07-01 09:28:00 --> Cannot add or update a child row: a foreign key constraint fails (`ramirezalfredo-p1`.`detalle_ventas`, CONSTRAINT `detalle_ventas_ibfk_2` FOREIGN KEY (`id_ventas`) REFERENCES `cabecera_ventas` (`id_ventas`))
CRITICAL - 2022-07-01 09:35:38 --> Undefined variable: detalles
#0 C:\xampp\htdocs\RamirezAlfredo-P1\app\Views\carrito\compra_realizada.php(12): CodeIgniter\Debug\Exceptions->errorHandler(8, 'Undefined varia...', 'C:\\xampp\\htdocs...', 12, Array)
#1 C:\xampp\htdocs\RamirezAlfredo-P1\system\View\View.php(210): include('C:\\xampp\\htdocs...')
#2 C:\xampp\htdocs\RamirezAlfredo-P1\system\View\View.php(213): CodeIgniter\View\View->CodeIgniter\View\{closure}()
#3 C:\xampp\htdocs\RamirezAlfredo-P1\system\Common.php(1089): CodeIgniter\View\View->render('carrito/compra_...', Array, true)
#4 C:\xampp\htdocs\RamirezAlfredo-P1\app\Controllers\CarritoController.php(216): view('carrito/compra_...')
#5 C:\xampp\htdocs\RamirezAlfredo-P1\app\Controllers\CarritoController.php(127): App\Controllers\CarritoController->comprar_carrito()
#6 C:\xampp\htdocs\RamirezAlfredo-P1\system\CodeIgniter.php(832): App\Controllers\CarritoController->verificar_compra()
#7 C:\xampp\htdocs\RamirezAlfredo-P1\system\CodeIgniter.php(419): CodeIgniter\CodeIgniter->runController(Object(App\Controllers\CarritoController))
#8 C:\xampp\htdocs\RamirezAlfredo-P1\system\CodeIgniter.php(326): CodeIgniter\CodeIgniter->handleRequest(NULL, Object(Config\Cache), false)
#9 C:\xampp\htdocs\RamirezAlfredo-P1\index.php(37): CodeIgniter\CodeIgniter->run()
#10 {main}
CRITICAL - 2022-07-01 09:42:45 --> Undefined property: stdClass::$id_cabecera
#0 C:\xampp\htdocs\RamirezAlfredo-P1\app\Views\carrito\compra_realizada.php(20): CodeIgniter\Debug\Exceptions->errorHandler(8, 'Undefined prope...', 'C:\\xampp\\htdocs...', 20, Array)
#1 C:\xampp\htdocs\RamirezAlfredo-P1\system\View\View.php(210): include('C:\\xampp\\htdocs...')
#2 C:\xampp\htdocs\RamirezAlfredo-P1\system\View\View.php(213): CodeIgniter\View\View->CodeIgniter\View\{closure}()
#3 C:\xampp\htdocs\RamirezAlfredo-P1\system\Common.php(1089): CodeIgniter\View\View->render('carrito/compra_...', Array, true)
#4 C:\xampp\htdocs\RamirezAlfredo-P1\app\Controllers\CarritoController.php(216): view('carrito/compra_...', Array)
#5 C:\xampp\htdocs\RamirezAlfredo-P1\app\Controllers\CarritoController.php(127): App\Controllers\CarritoController->comprar_carrito()
#6 C:\xampp\htdocs\RamirezAlfredo-P1\system\CodeIgniter.php(832): App\Controllers\CarritoController->verificar_compra()
#7 C:\xampp\htdocs\RamirezAlfredo-P1\system\CodeIgniter.php(419): CodeIgniter\CodeIgniter->runController(Object(App\Controllers\CarritoController))
#8 C:\xampp\htdocs\RamirezAlfredo-P1\system\CodeIgniter.php(326): CodeIgniter\CodeIgniter->handleRequest(NULL, Object(Config\Cache), false)
#9 C:\xampp\htdocs\RamirezAlfredo-P1\index.php(37): CodeIgniter\CodeIgniter->run()
#10 {main}
CRITICAL - 2022-07-01 09:43:10 --> Undefined property: stdClass::$id_cabecera
#0 C:\xampp\htdocs\RamirezAlfredo-P1\app\Views\carrito\compra_realizada.php(41): CodeIgniter\Debug\Exceptions->errorHandler(8, 'Undefined prope...', 'C:\\xampp\\htdocs...', 41, Array)
#1 C:\xampp\htdocs\RamirezAlfredo-P1\system\View\View.php(210): include('C:\\xampp\\htdocs...')
#2 C:\xampp\htdocs\RamirezAlfredo-P1\system\View\View.php(213): CodeIgniter\View\View->CodeIgniter\View\{closure}()
#3 C:\xampp\htdocs\RamirezAlfredo-P1\system\Common.php(1089): CodeIgniter\View\View->render('carrito/compra_...', Array, true)
#4 C:\xampp\htdocs\RamirezAlfredo-P1\app\Controllers\CarritoController.php(216): view('carrito/compra_...', Array)
#5 C:\xampp\htdocs\RamirezAlfredo-P1\app\Controllers\CarritoController.php(127): App\Controllers\CarritoController->comprar_carrito()
#6 C:\xampp\htdocs\RamirezAlfredo-P1\system\CodeIgniter.php(832): App\Controllers\CarritoController->verificar_compra()
#7 C:\xampp\htdocs\RamirezAlfredo-P1\system\CodeIgniter.php(419): CodeIgniter\CodeIgniter->runController(Object(App\Controllers\CarritoController))
#8 C:\xampp\htdocs\RamirezAlfredo-P1\system\CodeIgniter.php(326): CodeIgniter\CodeIgniter->handleRequest(NULL, Object(Config\Cache), false)
#9 C:\xampp\htdocs\RamirezAlfredo-P1\index.php(37): CodeIgniter\CodeIgniter->run()
#10 {main}
CRITICAL - 2022-07-01 12:01:50 --> Undefined variable: productos
#0 C:\xampp\htdocs\RamirezAlfredo-P1\app\Views\carrito\compra_detalles.php(33): CodeIgniter\Debug\Exceptions->errorHandler(8, 'Undefined varia...', 'C:\\xampp\\htdocs...', 33, Array)
#1 C:\xampp\htdocs\RamirezAlfredo-P1\system\View\View.php(210): include('C:\\xampp\\htdocs...')
#2 C:\xampp\htdocs\RamirezAlfredo-P1\system\View\View.php(213): CodeIgniter\View\View->CodeIgniter\View\{closure}()
#3 C:\xampp\htdocs\RamirezAlfredo-P1\system\Common.php(1089): CodeIgniter\View\View->render('carrito/compra_...', Array, true)
#4 C:\xampp\htdocs\RamirezAlfredo-P1\app\Controllers\CarritoController.php(149): view('carrito/compra_...', Array)
#5 C:\xampp\htdocs\RamirezAlfredo-P1\system\CodeIgniter.php(832): App\Controllers\CarritoController->muestra_detalle()
#6 C:\xampp\htdocs\RamirezAlfredo-P1\system\CodeIgniter.php(419): CodeIgniter\CodeIgniter->runController(Object(App\Controllers\CarritoController))
#7 C:\xampp\htdocs\RamirezAlfredo-P1\system\CodeIgniter.php(326): CodeIgniter\CodeIgniter->handleRequest(NULL, Object(Config\Cache), false)
#8 C:\xampp\htdocs\RamirezAlfredo-P1\index.php(37): CodeIgniter\CodeIgniter->run()
#9 {main}
CRITICAL - 2022-07-01 12:02:37 --> Undefined variable: venta
#0 C:\xampp\htdocs\RamirezAlfredo-P1\app\Views\carrito\compra_detalles.php(47): CodeIgniter\Debug\Exceptions->errorHandler(8, 'Undefined varia...', 'C:\\xampp\\htdocs...', 47, Array)
#1 C:\xampp\htdocs\RamirezAlfredo-P1\system\View\View.php(210): include('C:\\xampp\\htdocs...')
#2 C:\xampp\htdocs\RamirezAlfredo-P1\system\View\View.php(213): CodeIgniter\View\View->CodeIgniter\View\{closure}()
#3 C:\xampp\htdocs\RamirezAlfredo-P1\system\Common.php(1089): CodeIgniter\View\View->render('carrito/compra_...', Array, true)
#4 C:\xampp\htdocs\RamirezAlfredo-P1\app\Controllers\CarritoController.php(149): view('carrito/compra_...', Array)
#5 C:\xampp\htdocs\RamirezAlfredo-P1\system\CodeIgniter.php(832): App\Controllers\CarritoController->muestra_detalle()
#6 C:\xampp\htdocs\RamirezAlfredo-P1\system\CodeIgniter.php(419): CodeIgniter\CodeIgniter->runController(Object(App\Controllers\CarritoController))
#7 C:\xampp\htdocs\RamirezAlfredo-P1\system\CodeIgniter.php(326): CodeIgniter\CodeIgniter->handleRequest(NULL, Object(Config\Cache), false)
#8 C:\xampp\htdocs\RamirezAlfredo-P1\index.php(37): CodeIgniter\CodeIgniter->run()
#9 {main}
CRITICAL - 2022-07-01 12:34:28 --> Undefined variable: productos
#0 C:\xampp\htdocs\RamirezAlfredo-P1\app\Views\carrito\compra_detalles.php(16): CodeIgniter\Debug\Exceptions->errorHandler(8, 'Undefined varia...', 'C:\\xampp\\htdocs...', 16, Array)
#1 C:\xampp\htdocs\RamirezAlfredo-P1\system\View\View.php(210): include('C:\\xampp\\htdocs...')
#2 C:\xampp\htdocs\RamirezAlfredo-P1\system\View\View.php(213): CodeIgniter\View\View->CodeIgniter\View\{closure}()
#3 C:\xampp\htdocs\RamirezAlfredo-P1\system\Common.php(1089): CodeIgniter\View\View->render('carrito/compra_...', Array, true)
#4 C:\xampp\htdocs\RamirezAlfredo-P1\app\Controllers\CarritoController.php(149): view('carrito/compra_...', Array)
#5 C:\xampp\htdocs\RamirezAlfredo-P1\system\CodeIgniter.php(832): App\Controllers\CarritoController->muestra_detalle()
#6 C:\xampp\htdocs\RamirezAlfredo-P1\system\CodeIgniter.php(419): CodeIgniter\CodeIgniter->runController(Object(App\Controllers\CarritoController))
#7 C:\xampp\htdocs\RamirezAlfredo-P1\system\CodeIgniter.php(326): CodeIgniter\CodeIgniter->handleRequest(NULL, Object(Config\Cache), false)
#8 C:\xampp\htdocs\RamirezAlfredo-P1\index.php(37): CodeIgniter\CodeIgniter->run()
#9 {main}
CRITICAL - 2022-07-01 12:41:10 --> Undefined variable: productos
#0 C:\xampp\htdocs\RamirezAlfredo-P1\app\Views\carrito\compra_detalles.php(16): CodeIgniter\Debug\Exceptions->errorHandler(8, 'Undefined varia...', 'C:\\xampp\\htdocs...', 16, Array)
#1 C:\xampp\htdocs\RamirezAlfredo-P1\system\View\View.php(210): include('C:\\xampp\\htdocs...')
#2 C:\xampp\htdocs\RamirezAlfredo-P1\system\View\View.php(213): CodeIgniter\View\View->CodeIgniter\View\{closure}()
#3 C:\xampp\htdocs\RamirezAlfredo-P1\system\Common.php(1089): CodeIgniter\View\View->render('carrito/compra_...', Array, true)
#4 C:\xampp\htdocs\RamirezAlfredo-P1\app\Controllers\CarritoController.php(149): view('carrito/compra_...', Array)
#5 C:\xampp\htdocs\RamirezAlfredo-P1\system\CodeIgniter.php(832): App\Controllers\CarritoController->muestra_detalle()
#6 C:\xampp\htdocs\RamirezAlfredo-P1\system\CodeIgniter.php(419): CodeIgniter\CodeIgniter->runController(Object(App\Controllers\CarritoController))
#7 C:\xampp\htdocs\RamirezAlfredo-P1\system\CodeIgniter.php(326): CodeIgniter\CodeIgniter->handleRequest(NULL, Object(Config\Cache), false)
#8 C:\xampp\htdocs\RamirezAlfredo-P1\index.php(37): CodeIgniter\CodeIgniter->run()
#9 {main}
CRITICAL - 2022-07-01 13:05:24 --> Undefined property: stdClass::$id_detalles
#0 C:\xampp\htdocs\RamirezAlfredo-P1\app\Views\carrito\compra_detalles.php(20): CodeIgniter\Debug\Exceptions->errorHandler(8, 'Undefined prope...', 'C:\\xampp\\htdocs...', 20, Array)
#1 C:\xampp\htdocs\RamirezAlfredo-P1\system\View\View.php(210): include('C:\\xampp\\htdocs...')
#2 C:\xampp\htdocs\RamirezAlfredo-P1\system\View\View.php(213): CodeIgniter\View\View->CodeIgniter\View\{closure}()
#3 C:\xampp\htdocs\RamirezAlfredo-P1\system\Common.php(1089): CodeIgniter\View\View->render('carrito/compra_...', Array, true)
#4 C:\xampp\htdocs\RamirezAlfredo-P1\app\Controllers\CarritoController.php(149): view('carrito/compra_...', Array)
#5 C:\xampp\htdocs\RamirezAlfredo-P1\system\CodeIgniter.php(832): App\Controllers\CarritoController->muestra_detalle()
#6 C:\xampp\htdocs\RamirezAlfredo-P1\system\CodeIgniter.php(419): CodeIgniter\CodeIgniter->runController(Object(App\Controllers\CarritoController))
#7 C:\xampp\htdocs\RamirezAlfredo-P1\system\CodeIgniter.php(326): CodeIgniter\CodeIgniter->handleRequest(NULL, Object(Config\Cache), false)
#8 C:\xampp\htdocs\RamirezAlfredo-P1\index.php(37): CodeIgniter\CodeIgniter->run()
#9 {main}
CRITICAL - 2022-07-01 13:12:05 --> Undefined variable: productos
#0 C:\xampp\htdocs\RamirezAlfredo-P1\app\Views\carrito\compra_detalles.php(28): CodeIgniter\Debug\Exceptions->errorHandler(8, 'Undefined varia...', 'C:\\xampp\\htdocs...', 28, Array)
#1 C:\xampp\htdocs\RamirezAlfredo-P1\system\View\View.php(210): include('C:\\xampp\\htdocs...')
#2 C:\xampp\htdocs\RamirezAlfredo-P1\system\View\View.php(213): CodeIgniter\View\View->CodeIgniter\View\{closure}()
#3 C:\xampp\htdocs\RamirezAlfredo-P1\system\Common.php(1089): CodeIgniter\View\View->render('carrito/compra_...', Array, true)
#4 C:\xampp\htdocs\RamirezAlfredo-P1\app\Controllers\CarritoController.php(149): view('carrito/compra_...', Array)
#5 C:\xampp\htdocs\RamirezAlfredo-P1\system\CodeIgniter.php(832): App\Controllers\CarritoController->muestra_detalle()
#6 C:\xampp\htdocs\RamirezAlfredo-P1\system\CodeIgniter.php(419): CodeIgniter\CodeIgniter->runController(Object(App\Controllers\CarritoController))
#7 C:\xampp\htdocs\RamirezAlfredo-P1\system\CodeIgniter.php(326): CodeIgniter\CodeIgniter->handleRequest(NULL, Object(Config\Cache), false)
#8 C:\xampp\htdocs\RamirezAlfredo-P1\index.php(37): CodeIgniter\CodeIgniter->run()
#9 {main}
CRITICAL - 2022-07-01 13:30:04 --> Undefined variable: nroVenta
#0 C:\xampp\htdocs\RamirezAlfredo-P1\app\Views\carrito\compra_detalles.php(18): CodeIgniter\Debug\Exceptions->errorHandler(8, 'Undefined varia...', 'C:\\xampp\\htdocs...', 18, Array)
#1 C:\xampp\htdocs\RamirezAlfredo-P1\system\View\View.php(210): include('C:\\xampp\\htdocs...')
#2 C:\xampp\htdocs\RamirezAlfredo-P1\system\View\View.php(213): CodeIgniter\View\View->CodeIgniter\View\{closure}()
#3 C:\xampp\htdocs\RamirezAlfredo-P1\system\Common.php(1089): CodeIgniter\View\View->render('carrito/compra_...', Array, true)
#4 C:\xampp\htdocs\RamirezAlfredo-P1\app\Controllers\CarritoController.php(149): view('carrito/compra_...', Array)
#5 C:\xampp\htdocs\RamirezAlfredo-P1\system\CodeIgniter.php(832): App\Controllers\CarritoController->muestra_detalle()
#6 C:\xampp\htdocs\RamirezAlfredo-P1\system\CodeIgniter.php(419): CodeIgniter\CodeIgniter->runController(Object(App\Controllers\CarritoController))
#7 C:\xampp\htdocs\RamirezAlfredo-P1\system\CodeIgniter.php(326): CodeIgniter\CodeIgniter->handleRequest(NULL, Object(Config\Cache), false)
#8 C:\xampp\htdocs\RamirezAlfredo-P1\index.php(37): CodeIgniter\CodeIgniter->run()
#9 {main}
CRITICAL - 2022-07-01 14:43:27 --> Creating default object from empty value
#0 C:\xampp\htdocs\RamirezAlfredo-P1\app\Views\carrito\compra_detalles.php(22): CodeIgniter\Debug\Exceptions->errorHandler(2, 'Creating defaul...', 'C:\\xampp\\htdocs...', 22, Array)
#1 C:\xampp\htdocs\RamirezAlfredo-P1\system\View\View.php(210): include('C:\\xampp\\htdocs...')
#2 C:\xampp\htdocs\RamirezAlfredo-P1\system\View\View.php(213): CodeIgniter\View\View->CodeIgniter\View\{closure}()
#3 C:\xampp\htdocs\RamirezAlfredo-P1\system\Common.php(1089): CodeIgniter\View\View->render('carrito/compra_...', Array, true)
#4 C:\xampp\htdocs\RamirezAlfredo-P1\app\Controllers\CarritoController.php(149): view('carrito/compra_...', Array)
#5 C:\xampp\htdocs\RamirezAlfredo-P1\system\CodeIgniter.php(832): App\Controllers\CarritoController->muestra_detalle()
#6 C:\xampp\htdocs\RamirezAlfredo-P1\system\CodeIgniter.php(419): CodeIgniter\CodeIgniter->runController(Object(App\Controllers\CarritoController))
#7 C:\xampp\htdocs\RamirezAlfredo-P1\system\CodeIgniter.php(326): CodeIgniter\CodeIgniter->handleRequest(NULL, Object(Config\Cache), false)
#8 C:\xampp\htdocs\RamirezAlfredo-P1\index.php(37): CodeIgniter\CodeIgniter->run()
#9 {main}
CRITICAL - 2022-07-01 14:49:10 --> Undefined variable: nroVenta
#0 C:\xampp\htdocs\RamirezAlfredo-P1\app\Views\carrito\compra_detalles.php(24): CodeIgniter\Debug\Exceptions->errorHandler(8, 'Undefined varia...', 'C:\\xampp\\htdocs...', 24, Array)
#1 C:\xampp\htdocs\RamirezAlfredo-P1\system\View\View.php(210): include('C:\\xampp\\htdocs...')
#2 C:\xampp\htdocs\RamirezAlfredo-P1\system\View\View.php(213): CodeIgniter\View\View->CodeIgniter\View\{closure}()
#3 C:\xampp\htdocs\RamirezAlfredo-P1\system\Common.php(1089): CodeIgniter\View\View->render('carrito/compra_...', Array, true)
#4 C:\xampp\htdocs\RamirezAlfredo-P1\app\Controllers\CarritoController.php(149): view('carrito/compra_...', Array)
#5 C:\xampp\htdocs\RamirezAlfredo-P1\system\CodeIgniter.php(832): App\Controllers\CarritoController->muestra_detalle()
#6 C:\xampp\htdocs\RamirezAlfredo-P1\system\CodeIgniter.php(419): CodeIgniter\CodeIgniter->runController(Object(App\Controllers\CarritoController))
#7 C:\xampp\htdocs\RamirezAlfredo-P1\system\CodeIgniter.php(326): CodeIgniter\CodeIgniter->handleRequest(NULL, Object(Config\Cache), false)
#8 C:\xampp\htdocs\RamirezAlfredo-P1\index.php(37): CodeIgniter\CodeIgniter->run()
#9 {main}
CRITICAL - 2022-07-01 14:54:10 --> Undefined variable: productos
#0 C:\xampp\htdocs\RamirezAlfredo-P1\app\Views\carrito\compra_detalles.php(17): CodeIgniter\Debug\Exceptions->errorHandler(8, 'Undefined varia...', 'C:\\xampp\\htdocs...', 17, Array)
#1 C:\xampp\htdocs\RamirezAlfredo-P1\system\View\View.php(210): include('C:\\xampp\\htdocs...')
#2 C:\xampp\htdocs\RamirezAlfredo-P1\system\View\View.php(213): CodeIgniter\View\View->CodeIgniter\View\{closure}()
#3 C:\xampp\htdocs\RamirezAlfredo-P1\system\Common.php(1089): CodeIgniter\View\View->render('carrito/compra_...', Array, true)
#4 C:\xampp\htdocs\RamirezAlfredo-P1\app\Controllers\CarritoController.php(149): view('carrito/compra_...', Array)
#5 C:\xampp\htdocs\RamirezAlfredo-P1\system\CodeIgniter.php(832): App\Controllers\CarritoController->muestra_detalle()
#6 C:\xampp\htdocs\RamirezAlfredo-P1\system\CodeIgniter.php(419): CodeIgniter\CodeIgniter->runController(Object(App\Controllers\CarritoController))
#7 C:\xampp\htdocs\RamirezAlfredo-P1\system\CodeIgniter.php(326): CodeIgniter\CodeIgniter->handleRequest(NULL, Object(Config\Cache), false)
#8 C:\xampp\htdocs\RamirezAlfredo-P1\index.php(37): CodeIgniter\CodeIgniter->run()
#9 {main}
CRITICAL - 2022-07-01 14:54:19 --> Undefined variable: productos
#0 C:\xampp\htdocs\RamirezAlfredo-P1\app\Views\carrito\compra_detalles.php(16): CodeIgniter\Debug\Exceptions->errorHandler(8, 'Undefined varia...', 'C:\\xampp\\htdocs...', 16, Array)
#1 C:\xampp\htdocs\RamirezAlfredo-P1\system\View\View.php(210): include('C:\\xampp\\htdocs...')
#2 C:\xampp\htdocs\RamirezAlfredo-P1\system\View\View.php(213): CodeIgniter\View\View->CodeIgniter\View\{closure}()
#3 C:\xampp\htdocs\RamirezAlfredo-P1\system\Common.php(1089): CodeIgniter\View\View->render('carrito/compra_...', Array, true)
#4 C:\xampp\htdocs\RamirezAlfredo-P1\app\Controllers\CarritoController.php(149): view('carrito/compra_...', Array)
#5 C:\xampp\htdocs\RamirezAlfredo-P1\system\CodeIgniter.php(832): App\Controllers\CarritoController->muestra_detalle()
#6 C:\xampp\htdocs\RamirezAlfredo-P1\system\CodeIgniter.php(419): CodeIgniter\CodeIgniter->runController(Object(App\Controllers\CarritoController))
#7 C:\xampp\htdocs\RamirezAlfredo-P1\system\CodeIgniter.php(326): CodeIgniter\CodeIgniter->handleRequest(NULL, Object(Config\Cache), false)
#8 C:\xampp\htdocs\RamirezAlfredo-P1\index.php(37): CodeIgniter\CodeIgniter->run()
#9 {main}
CRITICAL - 2022-07-01 14:54:38 --> Undefined variable: productos
#0 C:\xampp\htdocs\RamirezAlfredo-P1\app\Views\carrito\compra_detalles.php(16): CodeIgniter\Debug\Exceptions->errorHandler(8, 'Undefined varia...', 'C:\\xampp\\htdocs...', 16, Array)
#1 C:\xampp\htdocs\RamirezAlfredo-P1\system\View\View.php(210): include('C:\\xampp\\htdocs...')
#2 C:\xampp\htdocs\RamirezAlfredo-P1\system\View\View.php(213): CodeIgniter\View\View->CodeIgniter\View\{closure}()
#3 C:\xampp\htdocs\RamirezAlfredo-P1\system\Common.php(1089): CodeIgniter\View\View->render('carrito/compra_...', Array, true)
#4 C:\xampp\htdocs\RamirezAlfredo-P1\app\Controllers\CarritoController.php(149): view('carrito/compra_...', Array)
#5 C:\xampp\htdocs\RamirezAlfredo-P1\system\CodeIgniter.php(832): App\Controllers\CarritoController->muestra_detalle()
#6 C:\xampp\htdocs\RamirezAlfredo-P1\system\CodeIgniter.php(419): CodeIgniter\CodeIgniter->runController(Object(App\Controllers\CarritoController))
#7 C:\xampp\htdocs\RamirezAlfredo-P1\system\CodeIgniter.php(326): CodeIgniter\CodeIgniter->handleRequest(NULL, Object(Config\Cache), false)
#8 C:\xampp\htdocs\RamirezAlfredo-P1\index.php(37): CodeIgniter\CodeIgniter->run()
#9 {main}
CRITICAL - 2022-07-01 15:10:07 --> Undefined variable: cabcera
#0 C:\xampp\htdocs\RamirezAlfredo-P1\app\Views\carrito\compra_detalles.php(33): CodeIgniter\Debug\Exceptions->errorHandler(8, 'Undefined varia...', 'C:\\xampp\\htdocs...', 33, Array)
#1 C:\xampp\htdocs\RamirezAlfredo-P1\system\View\View.php(210): include('C:\\xampp\\htdocs...')
#2 C:\xampp\htdocs\RamirezAlfredo-P1\system\View\View.php(213): CodeIgniter\View\View->CodeIgniter\View\{closure}()
#3 C:\xampp\htdocs\RamirezAlfredo-P1\system\Common.php(1089): CodeIgniter\View\View->render('carrito/compra_...', Array, true)
#4 C:\xampp\htdocs\RamirezAlfredo-P1\app\Controllers\CarritoController.php(149): view('carrito/compra_...', Array)
#5 C:\xampp\htdocs\RamirezAlfredo-P1\system\CodeIgniter.php(832): App\Controllers\CarritoController->muestra_detalle()
#6 C:\xampp\htdocs\RamirezAlfredo-P1\system\CodeIgniter.php(419): CodeIgniter\CodeIgniter->runController(Object(App\Controllers\CarritoController))
#7 C:\xampp\htdocs\RamirezAlfredo-P1\system\CodeIgniter.php(326): CodeIgniter\CodeIgniter->handleRequest(NULL, Object(Config\Cache), false)
#8 C:\xampp\htdocs\RamirezAlfredo-P1\index.php(37): CodeIgniter\CodeIgniter->run()
#9 {main}
CRITICAL - 2022-07-01 15:11:10 --> Undefined variable: detalles
#0 C:\xampp\htdocs\RamirezAlfredo-P1\app\Views\carrito\compra_detalles.php(16): CodeIgniter\Debug\Exceptions->errorHandler(8, 'Undefined varia...', 'C:\\xampp\\htdocs...', 16, Array)
#1 C:\xampp\htdocs\RamirezAlfredo-P1\system\View\View.php(210): include('C:\\xampp\\htdocs...')
#2 C:\xampp\htdocs\RamirezAlfredo-P1\system\View\View.php(213): CodeIgniter\View\View->CodeIgniter\View\{closure}()
#3 C:\xampp\htdocs\RamirezAlfredo-P1\system\Common.php(1089): CodeIgniter\View\View->render('carrito/compra_...', Array, true)
#4 C:\xampp\htdocs\RamirezAlfredo-P1\app\Controllers\CarritoController.php(149): view('carrito/compra_...', Array)
#5 C:\xampp\htdocs\RamirezAlfredo-P1\system\CodeIgniter.php(832): App\Controllers\CarritoController->muestra_detalle()
#6 C:\xampp\htdocs\RamirezAlfredo-P1\system\CodeIgniter.php(419): CodeIgniter\CodeIgniter->runController(Object(App\Controllers\CarritoController))
#7 C:\xampp\htdocs\RamirezAlfredo-P1\system\CodeIgniter.php(326): CodeIgniter\CodeIgniter->handleRequest(NULL, Object(Config\Cache), false)
#8 C:\xampp\htdocs\RamirezAlfredo-P1\index.php(37): CodeIgniter\CodeIgniter->run()
#9 {main}
CRITICAL - 2022-07-01 15:11:36 --> Undefined variable: detalles
#0 C:\xampp\htdocs\RamirezAlfredo-P1\app\Views\carrito\compra_detalles.php(16): CodeIgniter\Debug\Exceptions->errorHandler(8, 'Undefined varia...', 'C:\\xampp\\htdocs...', 16, Array)
#1 C:\xampp\htdocs\RamirezAlfredo-P1\system\View\View.php(210): include('C:\\xampp\\htdocs...')
#2 C:\xampp\htdocs\RamirezAlfredo-P1\system\View\View.php(213): CodeIgniter\View\View->CodeIgniter\View\{closure}()
#3 C:\xampp\htdocs\RamirezAlfredo-P1\system\Common.php(1089): CodeIgniter\View\View->render('carrito/compra_...', Array, true)
#4 C:\xampp\htdocs\RamirezAlfredo-P1\app\Controllers\CarritoController.php(149): view('carrito/compra_...', Array)
#5 C:\xampp\htdocs\RamirezAlfredo-P1\system\CodeIgniter.php(832): App\Controllers\CarritoController->muestra_detalle()
#6 C:\xampp\htdocs\RamirezAlfredo-P1\system\CodeIgniter.php(419): CodeIgniter\CodeIgniter->runController(Object(App\Controllers\CarritoController))
#7 C:\xampp\htdocs\RamirezAlfredo-P1\system\CodeIgniter.php(326): CodeIgniter\CodeIgniter->handleRequest(NULL, Object(Config\Cache), false)
#8 C:\xampp\htdocs\RamirezAlfredo-P1\index.php(37): CodeIgniter\CodeIgniter->run()
#9 {main}
CRITICAL - 2022-07-01 15:13:56 --> Undefined variable: cabecera_ventas
#0 C:\xampp\htdocs\RamirezAlfredo-P1\app\Views\carrito\compra_detalles.php(16): CodeIgniter\Debug\Exceptions->errorHandler(8, 'Undefined varia...', 'C:\\xampp\\htdocs...', 16, Array)
#1 C:\xampp\htdocs\RamirezAlfredo-P1\system\View\View.php(210): include('C:\\xampp\\htdocs...')
#2 C:\xampp\htdocs\RamirezAlfredo-P1\system\View\View.php(213): CodeIgniter\View\View->CodeIgniter\View\{closure}()
#3 C:\xampp\htdocs\RamirezAlfredo-P1\system\Common.php(1089): CodeIgniter\View\View->render('carrito/compra_...', Array, true)
#4 C:\xampp\htdocs\RamirezAlfredo-P1\app\Controllers\CarritoController.php(149): view('carrito/compra_...', Array)
#5 C:\xampp\htdocs\RamirezAlfredo-P1\system\CodeIgniter.php(832): App\Controllers\CarritoController->muestra_detalle()
#6 C:\xampp\htdocs\RamirezAlfredo-P1\system\CodeIgniter.php(419): CodeIgniter\CodeIgniter->runController(Object(App\Controllers\CarritoController))
#7 C:\xampp\htdocs\RamirezAlfredo-P1\system\CodeIgniter.php(326): CodeIgniter\CodeIgniter->handleRequest(NULL, Object(Config\Cache), false)
#8 C:\xampp\htdocs\RamirezAlfredo-P1\index.php(37): CodeIgniter\CodeIgniter->run()
#9 {main}
CRITICAL - 2022-07-01 15:15:50 --> Undefined variable: detalles
#0 C:\xampp\htdocs\RamirezAlfredo-P1\app\Views\carrito\compra_detalles.php(16): CodeIgniter\Debug\Exceptions->errorHandler(8, 'Undefined varia...', 'C:\\xampp\\htdocs...', 16, Array)
#1 C:\xampp\htdocs\RamirezAlfredo-P1\system\View\View.php(210): include('C:\\xampp\\htdocs...')
#2 C:\xampp\htdocs\RamirezAlfredo-P1\system\View\View.php(213): CodeIgniter\View\View->CodeIgniter\View\{closure}()
#3 C:\xampp\htdocs\RamirezAlfredo-P1\system\Common.php(1089): CodeIgniter\View\View->render('carrito/compra_...', Array, true)
#4 C:\xampp\htdocs\RamirezAlfredo-P1\app\Controllers\CarritoController.php(149): view('carrito/compra_...')
#5 C:\xampp\htdocs\RamirezAlfredo-P1\system\CodeIgniter.php(832): App\Controllers\CarritoController->muestra_detalle()
#6 C:\xampp\htdocs\RamirezAlfredo-P1\system\CodeIgniter.php(419): CodeIgniter\CodeIgniter->runController(Object(App\Controllers\CarritoController))
#7 C:\xampp\htdocs\RamirezAlfredo-P1\system\CodeIgniter.php(326): CodeIgniter\CodeIgniter->handleRequest(NULL, Object(Config\Cache), false)
#8 C:\xampp\htdocs\RamirezAlfredo-P1\index.php(37): CodeIgniter\CodeIgniter->run()
#9 {main}
CRITICAL - 2022-07-01 15:21:04 --> Trying to get property 'id_ventas' of non-object
#0 C:\xampp\htdocs\RamirezAlfredo-P1\app\Views\carrito\compra_detalles.php(18): CodeIgniter\Debug\Exceptions->errorHandler(8, 'Trying to get p...', 'C:\\xampp\\htdocs...', 18, Array)
#1 C:\xampp\htdocs\RamirezAlfredo-P1\system\View\View.php(210): include('C:\\xampp\\htdocs...')
#2 C:\xampp\htdocs\RamirezAlfredo-P1\system\View\View.php(213): CodeIgniter\View\View->CodeIgniter\View\{closure}()
#3 C:\xampp\htdocs\RamirezAlfredo-P1\system\Common.php(1089): CodeIgniter\View\View->render('carrito/compra_...', Array, true)
#4 C:\xampp\htdocs\RamirezAlfredo-P1\app\Controllers\CarritoController.php(150): view('carrito/compra_...', Array)
#5 C:\xampp\htdocs\RamirezAlfredo-P1\system\CodeIgniter.php(832): App\Controllers\CarritoController->muestra_detalle()
#6 C:\xampp\htdocs\RamirezAlfredo-P1\system\CodeIgniter.php(419): CodeIgniter\CodeIgniter->runController(Object(App\Controllers\CarritoController))
#7 C:\xampp\htdocs\RamirezAlfredo-P1\system\CodeIgniter.php(326): CodeIgniter\CodeIgniter->handleRequest(NULL, Object(Config\Cache), false)
#8 C:\xampp\htdocs\RamirezAlfredo-P1\index.php(37): CodeIgniter\CodeIgniter->run()
#9 {main}
CRITICAL - 2022-07-01 15:21:53 --> Too few arguments to function App\Controllers\CarritoController::muestra_detalle(), 0 passed in C:\xampp\htdocs\RamirezAlfredo-P1\system\CodeIgniter.php on line 832 and exactly 1 expected
#0 C:\xampp\htdocs\RamirezAlfredo-P1\system\CodeIgniter.php(832): App\Controllers\CarritoController->muestra_detalle()
#1 C:\xampp\htdocs\RamirezAlfredo-P1\system\CodeIgniter.php(419): CodeIgniter\CodeIgniter->runController(Object(App\Controllers\CarritoController))
#2 C:\xampp\htdocs\RamirezAlfredo-P1\system\CodeIgniter.php(326): CodeIgniter\CodeIgniter->handleRequest(NULL, Object(Config\Cache), false)
#3 C:\xampp\htdocs\RamirezAlfredo-P1\index.php(37): CodeIgniter\CodeIgniter->run()
#4 {main}
CRITICAL - 2022-07-01 15:57:04 --> Undefined variable: total
#0 C:\xampp\htdocs\RamirezAlfredo-P1\app\Views\carrito\compra_detalles.php(50): CodeIgniter\Debug\Exceptions->errorHandler(8, 'Undefined varia...', 'C:\\xampp\\htdocs...', 50, Array)
#1 C:\xampp\htdocs\RamirezAlfredo-P1\system\View\View.php(210): include('C:\\xampp\\htdocs...')
#2 C:\xampp\htdocs\RamirezAlfredo-P1\system\View\View.php(213): CodeIgniter\View\View->CodeIgniter\View\{closure}()
#3 C:\xampp\htdocs\RamirezAlfredo-P1\system\Common.php(1089): CodeIgniter\View\View->render('carrito/compra_...', Array, true)
#4 C:\xampp\htdocs\RamirezAlfredo-P1\app\Controllers\CarritoController.php(149): view('carrito/compra_...', Array)
#5 C:\xampp\htdocs\RamirezAlfredo-P1\system\CodeIgniter.php(832): App\Controllers\CarritoController->muestra_detalle()
#6 C:\xampp\htdocs\RamirezAlfredo-P1\system\CodeIgniter.php(419): CodeIgniter\CodeIgniter->runController(Object(App\Controllers\CarritoController))
#7 C:\xampp\htdocs\RamirezAlfredo-P1\system\CodeIgniter.php(326): CodeIgniter\CodeIgniter->handleRequest(NULL, Object(Config\Cache), false)
#8 C:\xampp\htdocs\RamirezAlfredo-P1\index.php(37): CodeIgniter\CodeIgniter->run()
#9 {main}
CRITICAL - 2022-07-01 15:57:36 --> Undefined variable: total
#0 C:\xampp\htdocs\RamirezAlfredo-P1\app\Views\carrito\compra_detalles.php(50): CodeIgniter\Debug\Exceptions->errorHandler(8, 'Undefined varia...', 'C:\\xampp\\htdocs...', 50, Array)
#1 C:\xampp\htdocs\RamirezAlfredo-P1\system\View\View.php(210): include('C:\\xampp\\htdocs...')
#2 C:\xampp\htdocs\RamirezAlfredo-P1\system\View\View.php(213): CodeIgniter\View\View->CodeIgniter\View\{closure}()
#3 C:\xampp\htdocs\RamirezAlfredo-P1\system\Common.php(1089): CodeIgniter\View\View->render('carrito/compra_...', Array, true)
#4 C:\xampp\htdocs\RamirezAlfredo-P1\app\Controllers\CarritoController.php(149): view('carrito/compra_...', Array)
#5 C:\xampp\htdocs\RamirezAlfredo-P1\system\CodeIgniter.php(832): App\Controllers\CarritoController->muestra_detalle()
#6 C:\xampp\htdocs\RamirezAlfredo-P1\system\CodeIgniter.php(419): CodeIgniter\CodeIgniter->runController(Object(App\Controllers\CarritoController))
#7 C:\xampp\htdocs\RamirezAlfredo-P1\system\CodeIgniter.php(326): CodeIgniter\CodeIgniter->handleRequest(NULL, Object(Config\Cache), false)
#8 C:\xampp\htdocs\RamirezAlfredo-P1\index.php(37): CodeIgniter\CodeIgniter->run()
#9 {main}
