CRITICAL - 2022-07-28 11:08:53 --> number_format() expects parameter 2 to be int, string given
#0 [internal function]: CodeIgniter\Debug\Exceptions->errorHandler(2, 'number_format()...', 'C:\\xampp\\htdocs...', 66, Array)
#1 C:\xampp\htdocs\tienda\app\Views\carrito\mostrar_carrito.php(66): number_format(5000, ',', '.')
#2 C:\xampp\htdocs\tienda\system\View\View.php(210): include('C:\\xampp\\htdocs...')
#3 C:\xampp\htdocs\tienda\system\View\View.php(213): CodeIgniter\View\View->CodeIgniter\View\{closure}()
#4 C:\xampp\htdocs\tienda\system\Common.php(1089): CodeIgniter\View\View->render('carrito/mostrar...', Array, true)
#5 C:\xampp\htdocs\tienda\app\Controllers\CarritoController.php(39): view('carrito/mostrar...')
#6 C:\xampp\htdocs\tienda\system\CodeIgniter.php(832): App\Controllers\CarritoController->index()
#7 C:\xampp\htdocs\tienda\system\CodeIgniter.php(419): CodeIgniter\CodeIgniter->runController(Object(App\Controllers\CarritoController))
#8 C:\xampp\htdocs\tienda\system\CodeIgniter.php(326): CodeIgniter\CodeIgniter->handleRequest(NULL, Object(Config\Cache), false)
#9 C:\xampp\htdocs\tienda\index.php(37): CodeIgniter\CodeIgniter->run()
#10 {main}
CRITICAL - 2022-07-28 11:13:12 --> Wrong parameter count for number_format()
#0 [internal function]: CodeIgniter\Debug\Exceptions->errorHandler(2, 'Wrong parameter...', 'C:\\xampp\\htdocs...', 66, Array)
#1 C:\xampp\htdocs\tienda\app\Views\carrito\mostrar_carrito.php(66): number_format(5000, 2, '.')
#2 C:\xampp\htdocs\tienda\system\View\View.php(210): include('C:\\xampp\\htdocs...')
#3 C:\xampp\htdocs\tienda\system\View\View.php(213): CodeIgniter\View\View->CodeIgniter\View\{closure}()
#4 C:\xampp\htdocs\tienda\system\Common.php(1089): CodeIgniter\View\View->render('carrito/mostrar...', Array, true)
#5 C:\xampp\htdocs\tienda\app\Controllers\CarritoController.php(39): view('carrito/mostrar...')
#6 C:\xampp\htdocs\tienda\system\CodeIgniter.php(832): App\Controllers\CarritoController->index()
#7 C:\xampp\htdocs\tienda\system\CodeIgniter.php(419): CodeIgniter\CodeIgniter->runController(Object(App\Controllers\CarritoController))
#8 C:\xampp\htdocs\tienda\system\CodeIgniter.php(326): CodeIgniter\CodeIgniter->handleRequest(NULL, Object(Config\Cache), false)
#9 C:\xampp\htdocs\tienda\index.php(37): CodeIgniter\CodeIgniter->run()
#10 {main}
CRITICAL - 2022-07-28 12:37:55 --> Undefined index: subtotal - qty
#0 C:\xampp\htdocs\tienda\app\Views\carrito\finalizar_compra.php(105): CodeIgniter\Debug\Exceptions->errorHandler(8, 'Undefined index...', 'C:\\xampp\\htdocs...', 105, Array)
#1 C:\xampp\htdocs\tienda\system\View\View.php(210): include('C:\\xampp\\htdocs...')
#2 C:\xampp\htdocs\tienda\system\View\View.php(213): CodeIgniter\View\View->CodeIgniter\View\{closure}()
#3 C:\xampp\htdocs\tienda\system\Common.php(1089): CodeIgniter\View\View->render('carrito/finaliz...', Array, true)
#4 C:\xampp\htdocs\tienda\app\Controllers\CarritoController.php(116): view('carrito/finaliz...')
#5 C:\xampp\htdocs\tienda\system\CodeIgniter.php(832): App\Controllers\CarritoController->finalizar_compra()
#6 C:\xampp\htdocs\tienda\system\CodeIgniter.php(419): CodeIgniter\CodeIgniter->runController(Object(App\Controllers\CarritoController))
#7 C:\xampp\htdocs\tienda\system\CodeIgniter.php(326): CodeIgniter\CodeIgniter->handleRequest(NULL, Object(Config\Cache), false)
#8 C:\xampp\htdocs\tienda\index.php(37): CodeIgniter\CodeIgniter->run()
#9 {main}
CRITICAL - 2022-07-28 12:53:44 --> Undefined variable: categorias
#0 C:\xampp\htdocs\tienda\app\Views\front\menu.php(78): CodeIgniter\Debug\Exceptions->errorHandler(8, 'Undefined varia...', 'C:\\xampp\\htdocs...', 78, Array)
#1 C:\xampp\htdocs\tienda\system\View\View.php(210): include('C:\\xampp\\htdocs...')
#2 C:\xampp\htdocs\tienda\system\View\View.php(213): CodeIgniter\View\View->CodeIgniter\View\{closure}()
#3 C:\xampp\htdocs\tienda\system\Common.php(1089): CodeIgniter\View\View->render('front/menu', Array, true)
#4 C:\xampp\htdocs\tienda\app\Controllers\ConsultaController.php(64): view('front/menu')
#5 C:\xampp\htdocs\tienda\system\CodeIgniter.php(832): App\Controllers\ConsultaController->verificar_contacto()
#6 C:\xampp\htdocs\tienda\system\CodeIgniter.php(419): CodeIgniter\CodeIgniter->runController(Object(App\Controllers\ConsultaController))
#7 C:\xampp\htdocs\tienda\system\CodeIgniter.php(326): CodeIgniter\CodeIgniter->handleRequest(NULL, Object(Config\Cache), false)
#8 C:\xampp\htdocs\tienda\index.php(37): CodeIgniter\CodeIgniter->run()
#9 {main}
CRITICAL - 2022-07-28 12:54:51 --> Undefined variable: categorias
#0 C:\xampp\htdocs\tienda\app\Views\front\menu.php(78): CodeIgniter\Debug\Exceptions->errorHandler(8, 'Undefined varia...', 'C:\\xampp\\htdocs...', 78, Array)
#1 C:\xampp\htdocs\tienda\system\View\View.php(210): include('C:\\xampp\\htdocs...')
#2 C:\xampp\htdocs\tienda\system\View\View.php(213): CodeIgniter\View\View->CodeIgniter\View\{closure}()
#3 C:\xampp\htdocs\tienda\system\Common.php(1089): CodeIgniter\View\View->render('front/menu', Array, true)
#4 C:\xampp\htdocs\tienda\app\Controllers\ConsultaController.php(64): view('front/menu')
#5 C:\xampp\htdocs\tienda\system\CodeIgniter.php(832): App\Controllers\ConsultaController->verificar_contacto()
#6 C:\xampp\htdocs\tienda\system\CodeIgniter.php(419): CodeIgniter\CodeIgniter->runController(Object(App\Controllers\ConsultaController))
#7 C:\xampp\htdocs\tienda\system\CodeIgniter.php(326): CodeIgniter\CodeIgniter->handleRequest(NULL, Object(Config\Cache), false)
#8 C:\xampp\htdocs\tienda\index.php(37): CodeIgniter\CodeIgniter->run()
#9 {main}
CRITICAL - 2022-07-28 12:56:04 --> Undefined variable: categorias
#0 C:\xampp\htdocs\tienda\app\Views\front\menu.php(78): CodeIgniter\Debug\Exceptions->errorHandler(8, 'Undefined varia...', 'C:\\xampp\\htdocs...', 78, Array)
#1 C:\xampp\htdocs\tienda\system\View\View.php(210): include('C:\\xampp\\htdocs...')
#2 C:\xampp\htdocs\tienda\system\View\View.php(213): CodeIgniter\View\View->CodeIgniter\View\{closure}()
#3 C:\xampp\htdocs\tienda\system\Common.php(1089): CodeIgniter\View\View->render('front/menu', Array, true)
#4 C:\xampp\htdocs\tienda\app\Controllers\ConsultaController.php(64): view('front/menu')
#5 C:\xampp\htdocs\tienda\system\CodeIgniter.php(832): App\Controllers\ConsultaController->verificar_contacto()
#6 C:\xampp\htdocs\tienda\system\CodeIgniter.php(419): CodeIgniter\CodeIgniter->runController(Object(App\Controllers\ConsultaController))
#7 C:\xampp\htdocs\tienda\system\CodeIgniter.php(326): CodeIgniter\CodeIgniter->handleRequest(NULL, Object(Config\Cache), false)
#8 C:\xampp\htdocs\tienda\index.php(37): CodeIgniter\CodeIgniter->run()
#9 {main}
CRITICAL - 2022-07-28 12:57:22 --> Undefined variable: categorias
#0 C:\xampp\htdocs\tienda\app\Views\front\menu.php(78): CodeIgniter\Debug\Exceptions->errorHandler(8, 'Undefined varia...', 'C:\\xampp\\htdocs...', 78, Array)
#1 C:\xampp\htdocs\tienda\system\View\View.php(210): include('C:\\xampp\\htdocs...')
#2 C:\xampp\htdocs\tienda\system\View\View.php(213): CodeIgniter\View\View->CodeIgniter\View\{closure}()
#3 C:\xampp\htdocs\tienda\system\Common.php(1089): CodeIgniter\View\View->render('front/menu', Array, true)
#4 C:\xampp\htdocs\tienda\app\Controllers\ConsultaController.php(64): view('front/menu')
#5 C:\xampp\htdocs\tienda\system\CodeIgniter.php(832): App\Controllers\ConsultaController->verificar_contacto()
#6 C:\xampp\htdocs\tienda\system\CodeIgniter.php(419): CodeIgniter\CodeIgniter->runController(Object(App\Controllers\ConsultaController))
#7 C:\xampp\htdocs\tienda\system\CodeIgniter.php(326): CodeIgniter\CodeIgniter->handleRequest(NULL, Object(Config\Cache), false)
#8 C:\xampp\htdocs\tienda\index.php(37): CodeIgniter\CodeIgniter->run()
#9 {main}
CRITICAL - 2022-07-28 12:58:05 --> Undefined variable: categorias
#0 C:\xampp\htdocs\tienda\app\Views\front\menu.php(78): CodeIgniter\Debug\Exceptions->errorHandler(8, 'Undefined varia...', 'C:\\xampp\\htdocs...', 78, Array)
#1 C:\xampp\htdocs\tienda\system\View\View.php(210): include('C:\\xampp\\htdocs...')
#2 C:\xampp\htdocs\tienda\system\View\View.php(213): CodeIgniter\View\View->CodeIgniter\View\{closure}()
#3 C:\xampp\htdocs\tienda\system\Common.php(1089): CodeIgniter\View\View->render('front/menu', Array, true)
#4 C:\xampp\htdocs\tienda\app\Controllers\ConsultaController.php(65): view('front/menu')
#5 C:\xampp\htdocs\tienda\system\CodeIgniter.php(832): App\Controllers\ConsultaController->verificar_contacto()
#6 C:\xampp\htdocs\tienda\system\CodeIgniter.php(419): CodeIgniter\CodeIgniter->runController(Object(App\Controllers\ConsultaController))
#7 C:\xampp\htdocs\tienda\system\CodeIgniter.php(326): CodeIgniter\CodeIgniter->handleRequest(NULL, Object(Config\Cache), false)
#8 C:\xampp\htdocs\tienda\index.php(37): CodeIgniter\CodeIgniter->run()
#9 {main}
CRITICAL - 2022-07-28 13:25:11 --> Undefined variable: validation
#0 C:\xampp\htdocs\tienda\app\Views\usuario\contacto.php(19): CodeIgniter\Debug\Exceptions->errorHandler(8, 'Undefined varia...', 'C:\\xampp\\htdocs...', 19, Array)
#1 C:\xampp\htdocs\tienda\system\View\View.php(210): include('C:\\xampp\\htdocs...')
#2 C:\xampp\htdocs\tienda\system\View\View.php(213): CodeIgniter\View\View->CodeIgniter\View\{closure}()
#3 C:\xampp\htdocs\tienda\system\Common.php(1089): CodeIgniter\View\View->render('usuario/contact...', Array, true)
#4 C:\xampp\htdocs\tienda\app\Controllers\Home.php(101): view('usuario/contact...')
#5 C:\xampp\htdocs\tienda\system\CodeIgniter.php(832): App\Controllers\Home->contacto()
#6 C:\xampp\htdocs\tienda\system\CodeIgniter.php(419): CodeIgniter\CodeIgniter->runController(Object(App\Controllers\Home))
#7 C:\xampp\htdocs\tienda\system\CodeIgniter.php(326): CodeIgniter\CodeIgniter->handleRequest(NULL, Object(Config\Cache), false)
#8 C:\xampp\htdocs\tienda\index.php(37): CodeIgniter\CodeIgniter->run()
#9 {main}
CRITICAL - 2022-07-28 13:26:12 --> Undefined variable: validation
#0 C:\xampp\htdocs\tienda\app\Views\usuario\contacto.php(19): CodeIgniter\Debug\Exceptions->errorHandler(8, 'Undefined varia...', 'C:\\xampp\\htdocs...', 19, Array)
#1 C:\xampp\htdocs\tienda\system\View\View.php(210): include('C:\\xampp\\htdocs...')
#2 C:\xampp\htdocs\tienda\system\View\View.php(213): CodeIgniter\View\View->CodeIgniter\View\{closure}()
#3 C:\xampp\htdocs\tienda\system\Common.php(1089): CodeIgniter\View\View->render('usuario/contact...', Array, true)
#4 C:\xampp\htdocs\tienda\app\Controllers\Home.php(101): view('usuario/contact...')
#5 C:\xampp\htdocs\tienda\system\CodeIgniter.php(832): App\Controllers\Home->contacto()
#6 C:\xampp\htdocs\tienda\system\CodeIgniter.php(419): CodeIgniter\CodeIgniter->runController(Object(App\Controllers\Home))
#7 C:\xampp\htdocs\tienda\system\CodeIgniter.php(326): CodeIgniter\CodeIgniter->handleRequest(NULL, Object(Config\Cache), false)
#8 C:\xampp\htdocs\tienda\index.php(37): CodeIgniter\CodeIgniter->run()
#9 {main}
